[2017-10-10 15:23:04,488 AE_UNIGRAMA_2L_OVER_96_172-162_9.py:146]: >> Initializing execution of experiment AE_UNIGRAMA_2L_OVER_96_172-162_9
[2017-10-10 15:23:04,488 AE_UNIGRAMA_2L_OVER_96_172-162_9.py:147]: >> Printing header log
[2017-10-10 15:23:04,488 AE_UNIGRAMA_2L_OVER_96_172-162_9.py:38]: 
	=======================================
	network_name = AE_UNIGRAMA_2L_OVER_96_172-162_9
	layers = 96,172,162,9
	using GLOBAL obj = 
		{'numpy_seed': 666, 'tensorflow_dir': 'C:/Users/dhieg/research/research_msc/tensorflow/2layers/unigram/', 'log_format': '[%(asctime)s %(filename)s:%(lineno)s]: %(message)s', 'reports_dir': 'C:/Users/dhieg/research/research_msc/reports/2layers/unigram/', 'shuffle_batches': True, 'mlp_configs': {'loss_function': 'categorical_crossentropy', 'optimizer': <keras.optimizers.SGD object at 0x0000024B7FAA33C8>, 'classifier_dim': 9, 'use_last_dim_as_classifier': False, 'activation': 'sigmoid'}, 'autoencoder_configs': {'discard_decoder_function': True, 'loss_function': 'mse', 'optimizer': <keras.optimizers.SGD object at 0x0000024B7FAA1550>, 'output_layer_activation': 'relu', 'hidden_layer_activation': 'relu'}, 'fullds_reports_dir': 'C:/Users/dhieg/research/research_msc/reports/2layers/unigram/fullds/', 'data_target_list': [1, 2, 3, 4, 5, 6, 7, 8, 9], 'data_dir': 'C:/Users/dhieg/research/malware_dataset/malware_selected_1gram_mini.pkl', 'epochs': 200, 'batch': 32, 'log_dir': 'C:/Users/dhieg/research/research_msc/logs/2layers/unigram/', 'fullds_data_dir': 'C:/Users/dhieg/research/malware_dataset/malware_selected_1gram.pkl', 'store_history': True, 'checkpoints_dir': 'C:/Users/dhieg/research/research_msc/checkpoints/2layers/unigram/', 'executed_path': 'C:/Users/dhieg/research/research_msc/executed/2layers/unigram/'}
	=======================================
	
[2017-10-10 15:23:04,488 AE_UNIGRAMA_2L_OVER_96_172-162_9.py:149]: >> Loading dataset... 
[2017-10-10 15:23:04,488 AE_UNIGRAMA_2L_OVER_96_172-162_9.py:54]: 
	=======================================
	loading malware dataset on = C:/Users/dhieg/research/malware_dataset/malware_selected_1gram_mini.pkl	
	trainx shape = (1627, 96)
	trainy shape = (1627, 9)
	valx shape = (1076, 96)
	valy shape = (1076, 9)
	=======================================
	
[2017-10-10 15:23:04,488 AE_UNIGRAMA_2L_OVER_96_172-162_9.py:151]: >> Executing autoencoder part ... 
[2017-10-10 15:23:04,488 AE_UNIGRAMA_2L_OVER_96_172-162_9.py:59]: =======================================
[2017-10-10 15:23:04,488 AE_UNIGRAMA_2L_OVER_96_172-162_9.py:64]: setting configurations for autoencoder: 
	 {'discard_decoder_function': True, 'loss_function': 'mse', 'optimizer': <keras.optimizers.SGD object at 0x0000024B7FAA1550>, 'output_layer_activation': 'relu', 'hidden_layer_activation': 'relu'}
[2017-10-10 15:23:04,588 AE_UNIGRAMA_2L_OVER_96_172-162_9.py:75]: training and evaluate autoencoder
[2017-10-10 15:23:06,321 summary.py:89]: Summary name enc0_172/kernel:0 is illegal; using enc0_172/kernel_0 instead.
[2017-10-10 15:23:06,321 summary.py:89]: Summary name enc0_172/bias:0 is illegal; using enc0_172/bias_0 instead.
[2017-10-10 15:23:06,321 summary.py:89]: Summary name enc1_162/kernel:0 is illegal; using enc1_162/kernel_0 instead.
[2017-10-10 15:23:06,321 summary.py:89]: Summary name enc1_162/bias:0 is illegal; using enc1_162/bias_0 instead.
[2017-10-10 15:23:06,321 summary.py:89]: Summary name enc2_9/kernel:0 is illegal; using enc2_9/kernel_0 instead.
[2017-10-10 15:23:06,321 summary.py:89]: Summary name enc2_9/bias:0 is illegal; using enc2_9/bias_0 instead.
[2017-10-10 15:23:06,338 summary.py:89]: Summary name dec0_162/kernel:0 is illegal; using dec0_162/kernel_0 instead.
[2017-10-10 15:23:06,340 summary.py:89]: Summary name dec0_162/bias:0 is illegal; using dec0_162/bias_0 instead.
[2017-10-10 15:23:06,342 summary.py:89]: Summary name dec1_172/kernel:0 is illegal; using dec1_172/kernel_0 instead.
[2017-10-10 15:23:06,342 summary.py:89]: Summary name dec1_172/bias:0 is illegal; using dec1_172/bias_0 instead.
[2017-10-10 15:23:06,342 summary.py:89]: Summary name dec2_96/kernel:0 is illegal; using dec2_96/kernel_0 instead.
[2017-10-10 15:23:06,342 summary.py:89]: Summary name dec2_96/bias:0 is illegal; using dec2_96/bias_0 instead.
[2017-10-10 15:23:52,583 AE_UNIGRAMA_2L_OVER_96_172-162_9.py:86]: trained and evaluated!
[2017-10-10 15:23:52,598 AE_UNIGRAMA_2L_OVER_96_172-162_9.py:89]: Training history: 
{'val_loss': [0.0099925032390980918, 0.0099391956782473954, 0.0098855005764163558, 0.0098298177171540092, 0.0097738278053396254, 0.0097185088508523528, 0.0096644298190798009, 0.0096113439995560053, 0.0095595492250857301, 0.0095085682880590404, 0.009458382755905723, 0.0094097546755325841, 0.009363052916460321, 0.0093180855812304078, 0.0092745029218633378, 0.0092322897082921743, 0.0091919565199420801, 0.0091533588702516922, 0.0091164391764810091, 0.0090812163974494289, 0.0090476772245919844, 0.0090156887592159236, 0.0089850653738448166, 0.0089557153764821332, 0.0089277186115933622, 0.0089010395919800252, 0.0088755367808459416, 0.0088511776165226576, 0.0088279396295547485, 0.0088057103030189706, 0.0087843895526291266, 0.0087639008229771515, 0.0087439951081812167, 0.0087247409798952725, 0.0087061651418034024, 0.0086882413593449784, 0.0086710900241391362, 0.0086546622452128782, 0.0086389544807706845, 0.0086239054366309183, 0.0086094713371704067, 0.008595668231258272, 0.0085824421437311789, 0.0085697297100323956, 0.0085575391354946392, 0.0085458027399716325, 0.0085343493470665908, 0.008523297831970077, 0.0085126506597440702, 0.0085023645463929293, 0.0084924384532669445, 0.008482841207026106, 0.0084735360412017124, 0.0084643411315063564, 0.0084553634934819762, 0.0084466081922769994, 0.0084380991999267654, 0.0084298719759324219, 0.0084219689266306092, 0.0084143765495750759, 0.0084070761109871928, 0.0084000454980146036, 0.0083932978305342465, 0.008386796025289257, 0.0083805354568262519, 0.0083745040110274321, 0.0083686807019753753, 0.008363048485428317, 0.0083576041242613228, 0.0083523274063510081, 0.0083472281452060624, 0.0083422648900475863, 0.0083373791458549104, 0.0083325366216078119, 0.0083277454810930223, 0.0083230188303388183, 0.0083183946302610706, 0.0083139082105297135, 0.0083095642242954574, 0.008305351577048297, 0.0083012809409140215, 0.0082973378215359054, 0.008293523532805833, 0.0082898132146429614, 0.0082862307923433944, 0.0082827558824065447, 0.0082793860093839326, 0.0082761118687052267, 0.0082729428307219063, 0.0082698665891659754, 0.0082668791608157873, 0.0082639781844743351, 0.0082611545338728172, 0.0082584144997663207, 0.0082557412854579303, 0.0082531436467647105, 0.0082506064280562907, 0.0082481308982163999, 0.0082457134340886296, 0.0082433560904683241, 0.0082410593105126939, 0.0082388103534519457], 'loss': [0.010018117705242137, 0.0099656828779317377, 0.0099125799998302146, 0.009858299589978638, 0.0098027131224272066, 0.0097472918807736692, 0.0096928129154678199, 0.0096393885513390946, 0.0095871208234476618, 0.009535944208928648, 0.0094854062561634932, 0.00943605757771219, 0.0093885188820395787, 0.0093427969814812249, 0.0092987701280778656, 0.0092560696858081555, 0.0092151147103338941, 0.0091759220507515674, 0.0091384395054863801, 0.0091026285268279335, 0.0090684911966571139, 0.0090359196916323312, 0.0090047813821458062, 0.0089749956861843554, 0.0089465089070197984, 0.0089193417747363626, 0.0088934464095081368, 0.008868690996849251, 0.0088450503950571087, 0.0088224866723420805, 0.0088008903556565741, 0.0087801653630779648, 0.0087601607785627155, 0.0087407057991534115, 0.0087219152791905268, 0.0087037992165106236, 0.0086863572710979622, 0.0086696591988416564, 0.0086536853812914285, 0.008638390006191831, 0.0086237341325819377, 0.0086096743609442548, 0.00859623986794931, 0.0085833354131275696, 0.0085709382709488954, 0.0085590285316027234, 0.008547491655577966, 0.0085362689409315701, 0.0085254549624120164, 0.0085150190676575657, 0.0085049524826593531, 0.0084952355580565821, 0.008485834209847172, 0.0084766201129997144, 0.0084675723823049564, 0.0084587427883076396, 0.0084501405766882927, 0.0084417969705084753, 0.0084337729413449282, 0.0084260510430701607, 0.0084186323415247587, 0.0084115021107071513, 0.0084046329003566976, 0.0083980345972610466, 0.0083916715329676664, 0.0083855481311156839, 0.0083796358836177084, 0.0083739322729834611, 0.0083684132336544412, 0.008363079586476729, 0.0083578964729679461, 0.0083528911865464583, 0.0083479874543547997, 0.0083431342728871039, 0.0083383425031848743, 0.0083336215723848594, 0.0083289714753353016, 0.0083244335783282594, 0.0083200358593929161, 0.0083157867605362333, 0.0083116699255128251, 0.0083076985313636654, 0.0083038521777167602, 0.0083001213807660738, 0.0082964995737429704, 0.0082930088691189011, 0.0082896230112676546, 0.0082863337144521241, 0.0082831404806694587, 0.0082800446671205345, 0.0082770467065526581, 0.0082741250863874634, 0.0082713043970899045, 0.0082685536354065829, 0.008265883036154725, 0.0082632754886432444, 0.0082607433416256159, 0.0082582644568716147, 0.0082558511264654265, 0.0082534993635221508, 0.0082511926080159198, 0.008248951517333996]}
[2017-10-10 15:23:52,598 AE_UNIGRAMA_2L_OVER_96_172-162_9.py:93]: done!
[2017-10-10 15:23:52,598 AE_UNIGRAMA_2L_OVER_96_172-162_9.py:153]: >> Executing classifier part ... 
[2017-10-10 15:23:52,598 AE_UNIGRAMA_2L_OVER_96_172-162_9.py:98]: =======================================
[2017-10-10 15:23:52,598 AE_UNIGRAMA_2L_OVER_96_172-162_9.py:102]: setting configurations for classifier: 
	 {'loss_function': 'categorical_crossentropy', 'optimizer': <keras.optimizers.SGD object at 0x0000024B7FAA33C8>, 'classifier_dim': 9, 'use_last_dim_as_classifier': False, 'activation': 'sigmoid'}
[2017-10-10 15:23:52,630 AE_UNIGRAMA_2L_OVER_96_172-162_9.py:111]: training ... 
[2017-10-10 15:23:53,031 summary.py:89]: Summary name enc0_172/kernel:0 is illegal; using enc0_172/kernel_0 instead.
[2017-10-10 15:23:53,031 summary.py:89]: Summary name enc0_172/bias:0 is illegal; using enc0_172/bias_0 instead.
[2017-10-10 15:23:53,031 summary.py:89]: Summary name enc1_162/kernel:0 is illegal; using enc1_162/kernel_0 instead.
[2017-10-10 15:23:53,046 summary.py:89]: Summary name enc1_162/bias:0 is illegal; using enc1_162/bias_0 instead.
[2017-10-10 15:23:53,046 summary.py:89]: Summary name enc2_9/kernel:0 is illegal; using enc2_9/kernel_0 instead.
[2017-10-10 15:23:53,046 summary.py:89]: Summary name enc2_9/bias:0 is illegal; using enc2_9/bias_0 instead.
[2017-10-10 15:23:53,046 summary.py:89]: Summary name classifier/kernel:0 is illegal; using classifier/kernel_0 instead.
[2017-10-10 15:23:53,046 summary.py:89]: Summary name classifier/bias:0 is illegal; using classifier/bias_0 instead.
[2017-10-10 15:25:23,639 AE_UNIGRAMA_2L_OVER_96_172-162_9.py:123]: trained!
[2017-10-10 15:25:23,639 AE_UNIGRAMA_2L_OVER_96_172-162_9.py:126]: Training history: 
{'val_loss': [0.0099925032390980918, 0.0099391956782473954, 0.0098855005764163558, 0.0098298177171540092, 0.0097738278053396254, 0.0097185088508523528, 0.0096644298190798009, 0.0096113439995560053, 0.0095595492250857301, 0.0095085682880590404, 0.009458382755905723, 0.0094097546755325841, 0.009363052916460321, 0.0093180855812304078, 0.0092745029218633378, 0.0092322897082921743, 0.0091919565199420801, 0.0091533588702516922, 0.0091164391764810091, 0.0090812163974494289, 0.0090476772245919844, 0.0090156887592159236, 0.0089850653738448166, 0.0089557153764821332, 0.0089277186115933622, 0.0089010395919800252, 0.0088755367808459416, 0.0088511776165226576, 0.0088279396295547485, 0.0088057103030189706, 0.0087843895526291266, 0.0087639008229771515, 0.0087439951081812167, 0.0087247409798952725, 0.0087061651418034024, 0.0086882413593449784, 0.0086710900241391362, 0.0086546622452128782, 0.0086389544807706845, 0.0086239054366309183, 0.0086094713371704067, 0.008595668231258272, 0.0085824421437311789, 0.0085697297100323956, 0.0085575391354946392, 0.0085458027399716325, 0.0085343493470665908, 0.008523297831970077, 0.0085126506597440702, 0.0085023645463929293, 0.0084924384532669445, 0.008482841207026106, 0.0084735360412017124, 0.0084643411315063564, 0.0084553634934819762, 0.0084466081922769994, 0.0084380991999267654, 0.0084298719759324219, 0.0084219689266306092, 0.0084143765495750759, 0.0084070761109871928, 0.0084000454980146036, 0.0083932978305342465, 0.008386796025289257, 0.0083805354568262519, 0.0083745040110274321, 0.0083686807019753753, 0.008363048485428317, 0.0083576041242613228, 0.0083523274063510081, 0.0083472281452060624, 0.0083422648900475863, 0.0083373791458549104, 0.0083325366216078119, 0.0083277454810930223, 0.0083230188303388183, 0.0083183946302610706, 0.0083139082105297135, 0.0083095642242954574, 0.008305351577048297, 0.0083012809409140215, 0.0082973378215359054, 0.008293523532805833, 0.0082898132146429614, 0.0082862307923433944, 0.0082827558824065447, 0.0082793860093839326, 0.0082761118687052267, 0.0082729428307219063, 0.0082698665891659754, 0.0082668791608157873, 0.0082639781844743351, 0.0082611545338728172, 0.0082584144997663207, 0.0082557412854579303, 0.0082531436467647105, 0.0082506064280562907, 0.0082481308982163999, 0.0082457134340886296, 0.0082433560904683241, 0.0082410593105126939, 0.0082388103534519457], 'loss': [0.010018117705242137, 0.0099656828779317377, 0.0099125799998302146, 0.009858299589978638, 0.0098027131224272066, 0.0097472918807736692, 0.0096928129154678199, 0.0096393885513390946, 0.0095871208234476618, 0.009535944208928648, 0.0094854062561634932, 0.00943605757771219, 0.0093885188820395787, 0.0093427969814812249, 0.0092987701280778656, 0.0092560696858081555, 0.0092151147103338941, 0.0091759220507515674, 0.0091384395054863801, 0.0091026285268279335, 0.0090684911966571139, 0.0090359196916323312, 0.0090047813821458062, 0.0089749956861843554, 0.0089465089070197984, 0.0089193417747363626, 0.0088934464095081368, 0.008868690996849251, 0.0088450503950571087, 0.0088224866723420805, 0.0088008903556565741, 0.0087801653630779648, 0.0087601607785627155, 0.0087407057991534115, 0.0087219152791905268, 0.0087037992165106236, 0.0086863572710979622, 0.0086696591988416564, 0.0086536853812914285, 0.008638390006191831, 0.0086237341325819377, 0.0086096743609442548, 0.00859623986794931, 0.0085833354131275696, 0.0085709382709488954, 0.0085590285316027234, 0.008547491655577966, 0.0085362689409315701, 0.0085254549624120164, 0.0085150190676575657, 0.0085049524826593531, 0.0084952355580565821, 0.008485834209847172, 0.0084766201129997144, 0.0084675723823049564, 0.0084587427883076396, 0.0084501405766882927, 0.0084417969705084753, 0.0084337729413449282, 0.0084260510430701607, 0.0084186323415247587, 0.0084115021107071513, 0.0084046329003566976, 0.0083980345972610466, 0.0083916715329676664, 0.0083855481311156839, 0.0083796358836177084, 0.0083739322729834611, 0.0083684132336544412, 0.008363079586476729, 0.0083578964729679461, 0.0083528911865464583, 0.0083479874543547997, 0.0083431342728871039, 0.0083383425031848743, 0.0083336215723848594, 0.0083289714753353016, 0.0083244335783282594, 0.0083200358593929161, 0.0083157867605362333, 0.0083116699255128251, 0.0083076985313636654, 0.0083038521777167602, 0.0083001213807660738, 0.0082964995737429704, 0.0082930088691189011, 0.0082896230112676546, 0.0082863337144521241, 0.0082831404806694587, 0.0082800446671205345, 0.0082770467065526581, 0.0082741250863874634, 0.0082713043970899045, 0.0082685536354065829, 0.008265883036154725, 0.0082632754886432444, 0.0082607433416256159, 0.0082582644568716147, 0.0082558511264654265, 0.0082534993635221508, 0.0082511926080159198, 0.008248951517333996]}
[2017-10-10 15:25:23,639 AE_UNIGRAMA_2L_OVER_96_172-162_9.py:130]: evaluating model ... 
[2017-10-10 15:25:23,705 AE_UNIGRAMA_2L_OVER_96_172-162_9.py:134]: evaluated! 
[2017-10-10 15:25:23,706 AE_UNIGRAMA_2L_OVER_96_172-162_9.py:136]: generating reports ... 
[2017-10-10 15:25:24,070 AE_UNIGRAMA_2L_OVER_96_172-162_9.py:139]: done!
[2017-10-10 15:25:24,070 AE_UNIGRAMA_2L_OVER_96_172-162_9.py:155]: >> experiment AE_UNIGRAMA_2L_OVER_96_172-162_9 finished!
[2017-10-10 15:32:31,310 AE_UNIGRAMA_2L_OVER_96_172-162_9.py:144]: The experiment AE_UNIGRAMA_2L_OVER_96_172-162_9 was already executed!
[2017-10-10 15:35:37,392 AE_UNIGRAMA_2L_OVER_96_172-162_9.py:144]: The experiment AE_UNIGRAMA_2L_OVER_96_172-162_9 was already executed!
[2017-10-10 15:37:36,234 AE_UNIGRAMA_2L_OVER_96_172-162_9.py:144]: The experiment AE_UNIGRAMA_2L_OVER_96_172-162_9 was already executed!
[2017-10-10 15:38:27,565 AE_UNIGRAMA_2L_OVER_96_172-162_9.py:144]: The experiment AE_UNIGRAMA_2L_OVER_96_172-162_9 was already executed!
[2017-10-10 15:44:36,509 AE_UNIGRAMA_2L_OVER_96_172-162_9.py:146]: >> Initializing execution of experiment AE_UNIGRAMA_2L_OVER_96_172-162_9
[2017-10-10 15:44:36,509 AE_UNIGRAMA_2L_OVER_96_172-162_9.py:147]: >> Printing header log
[2017-10-10 15:44:36,509 AE_UNIGRAMA_2L_OVER_96_172-162_9.py:38]: 
	=======================================
	network_name = AE_UNIGRAMA_2L_OVER_96_172-162_9
	layers = 96,172,162,9
	using GLOBAL obj = 
		{'autoencoder_configs': {'hidden_layer_activation': 'relu', 'discard_decoder_function': True, 'optimizer': <keras.optimizers.SGD object at 0x0000018318B71550>, 'loss_function': 'mse', 'output_layer_activation': 'relu'}, 'batch': 32, 'fullds_reports_dir': 'C:/Users/dhieg/research/research_msc/reports/2layers/unigram/fullds/', 'tensorflow_dir': 'C:/Users/dhieg/research/research_msc/tensorflow/2layers/unigram/', 'checkpoints_dir': 'C:/Users/dhieg/research/research_msc/checkpoints/2layers/unigram/', 'reports_dir': 'C:/Users/dhieg/research/research_msc/reports/2layers/unigram/', 'data_dir': 'C:/Users/dhieg/research/malware_dataset/malware_selected_1gram_mini.pkl', 'fullds_data_dir': 'C:/Users/dhieg/research/malware_dataset/malware_selected_1gram.pkl', 'log_dir': 'C:/Users/dhieg/research/research_msc/logs/2layers/unigram/', 'epochs': 200, 'store_history': True, 'executed_path': 'C:/Users/dhieg/research/research_msc/executed/2layers/unigram/', 'log_format': '[%(asctime)s %(filename)s:%(lineno)s]: %(message)s', 'shuffle_batches': True, 'data_target_list': [1, 2, 3, 4, 5, 6, 7, 8, 9], 'numpy_seed': 666, 'mlp_configs': {'optimizer': <keras.optimizers.SGD object at 0x0000018318B733C8>, 'classifier_dim': 9, 'loss_function': 'categorical_crossentropy', 'use_last_dim_as_classifier': False, 'activation': 'sigmoid'}}
	=======================================
	
[2017-10-10 15:44:36,509 AE_UNIGRAMA_2L_OVER_96_172-162_9.py:149]: >> Loading dataset... 
[2017-10-10 15:44:36,526 AE_UNIGRAMA_2L_OVER_96_172-162_9.py:54]: 
	=======================================
	loading malware dataset on = C:/Users/dhieg/research/malware_dataset/malware_selected_1gram_mini.pkl	
	trainx shape = (1627, 96)
	trainy shape = (1627, 9)
	valx shape = (1076, 96)
	valy shape = (1076, 9)
	=======================================
	
[2017-10-10 15:44:36,527 AE_UNIGRAMA_2L_OVER_96_172-162_9.py:151]: >> Executing autoencoder part ... 
[2017-10-10 15:44:36,527 AE_UNIGRAMA_2L_OVER_96_172-162_9.py:59]: =======================================
[2017-10-10 15:44:36,527 AE_UNIGRAMA_2L_OVER_96_172-162_9.py:64]: setting configurations for autoencoder: 
	 {'hidden_layer_activation': 'relu', 'discard_decoder_function': True, 'optimizer': <keras.optimizers.SGD object at 0x0000018318B71550>, 'loss_function': 'mse', 'output_layer_activation': 'relu'}
[2017-10-10 15:44:36,612 AE_UNIGRAMA_2L_OVER_96_172-162_9.py:75]: training and evaluate autoencoder
[2017-10-10 15:44:38,316 summary.py:89]: Summary name enc0_172/kernel:0 is illegal; using enc0_172/kernel_0 instead.
[2017-10-10 15:44:38,316 summary.py:89]: Summary name enc0_172/bias:0 is illegal; using enc0_172/bias_0 instead.
[2017-10-10 15:44:38,320 summary.py:89]: Summary name enc1_162/kernel:0 is illegal; using enc1_162/kernel_0 instead.
[2017-10-10 15:44:38,320 summary.py:89]: Summary name enc1_162/bias:0 is illegal; using enc1_162/bias_0 instead.
[2017-10-10 15:44:38,326 summary.py:89]: Summary name enc2_9/kernel:0 is illegal; using enc2_9/kernel_0 instead.
[2017-10-10 15:44:38,328 summary.py:89]: Summary name enc2_9/bias:0 is illegal; using enc2_9/bias_0 instead.
[2017-10-10 15:44:38,332 summary.py:89]: Summary name dec0_162/kernel:0 is illegal; using dec0_162/kernel_0 instead.
[2017-10-10 15:44:38,334 summary.py:89]: Summary name dec0_162/bias:0 is illegal; using dec0_162/bias_0 instead.
[2017-10-10 15:44:38,337 summary.py:89]: Summary name dec1_172/kernel:0 is illegal; using dec1_172/kernel_0 instead.
[2017-10-10 15:44:38,337 summary.py:89]: Summary name dec1_172/bias:0 is illegal; using dec1_172/bias_0 instead.
[2017-10-10 15:44:38,342 summary.py:89]: Summary name dec2_96/kernel:0 is illegal; using dec2_96/kernel_0 instead.
[2017-10-10 15:44:38,342 summary.py:89]: Summary name dec2_96/bias:0 is illegal; using dec2_96/bias_0 instead.
[2017-10-10 15:45:24,999 AE_UNIGRAMA_2L_OVER_96_172-162_9.py:86]: trained and evaluated!
[2017-10-10 15:45:24,999 AE_UNIGRAMA_2L_OVER_96_172-162_9.py:89]: Training history: 
{'loss': [0.010080961974196882, 0.0099336643930531456, 0.0097801602183948209, 0.0096288042254036171, 0.0094794841356158777, 0.0093319603249421498, 0.0091880229596545456, 0.0090482837274972836, 0.0089127862638236927, 0.0087812575754911606, 0.0086537318357988308, 0.0085310458589732165, 0.0084131551195524481, 0.0082997404675433876, 0.0081906647260570429, 0.0080855024214914108, 0.0079840816478413817, 0.0078867042391974826, 0.0077933156565198084, 0.0077039080070355733, 0.0076182378758232723, 0.0075361557807441353, 0.0074575613327232801, 0.0073822171695773122, 0.0073100827398498731, 0.0072409845653923655, 0.0071747587274212776, 0.0071111967897050645, 0.0070502619544123134, 0.0069917744007270688, 0.0069356484392448375, 0.0068818100830557232, 0.0068301320271755405, 0.0067805316200171906, 0.0067328979471868982, 0.006687151995094261, 0.0066432014025276107, 0.006600992548604025, 0.0065604409319706394, 0.006521383562018224, 0.0064837730071234355, 0.0064475550545240994, 0.0064127720304557019, 0.0063793257983045379, 0.0063471845428435874, 0.0063163040817750147, 0.0062866221927907768, 0.0062580857180933609, 0.0062306221304364046, 0.0062041930486828765, 0.0061787578186275555, 0.0061542797457603089, 0.0061306971318209249, 0.0061080362126872297, 0.0060862231611536919, 0.0060652352207796519, 0.0060450159040174936, 0.0060255372626037227, 0.0060067966820233683, 0.0059887378467401442, 0.0059713171065178799, 0.0059545471349567378, 0.005938388696873415, 0.0059228030216010637, 0.0059077939992860998, 0.0058932896430438728, 0.0058793192586249635, 0.0058658535122303561, 0.0058528687321244936, 0.0058403484988099018, 0.005828239809900302, 0.0058165479911641248, 0.0058052797298638013, 0.0057943807508436971, 0.0057838642259930347, 0.0057736997937379471, 0.0057638546545802629, 0.0057543347072778993, 0.0057451391968127404, 0.0057362491675934761, 0.0057276283776056718, 0.0057192781004773083, 0.0057111884494207357, 0.0057033655341295611, 0.005695785808513776, 0.0056884040874008324, 0.0056812724249681304, 0.0056743488510236023, 0.0056676492530030563, 0.0056611438566325414, 0.0056548235038113362, 0.0056486645677386246, 0.005642702460137883, 0.0056368966378528024, 0.0056312565612203153, 0.0056257711067456886, 0.0056204426628391506, 0.0056152614085410151, 0.0056102273547272048, 0.0056053197298132542, 0.0056005571158883318, 0.0055959030994990888], 'val_loss': [0.010013048322421246, 0.0098593662870306957, 0.0097075246350638925, 0.0095579551539788903, 0.0094101667251839521, 0.0092648333042416875, 0.0091235583204928392, 0.0089864751123251967, 0.0088535961920056198, 0.0087243930357040964, 0.0085997015729435758, 0.0084799312636754769, 0.0083647560065120575, 0.0082539453683594128, 0.0081473246379495778, 0.0080443692764052676, 0.0079454127145190227, 0.0078504937735548921, 0.0077596080479070155, 0.0076725279850033577, 0.0075891041023774444, 0.0075092245738080888, 0.0074326792216018456, 0.0073593945647537932, 0.0072892117037067407, 0.0072219978540194081, 0.0071575185128221058, 0.0070957259022281071, 0.0070364160193165, 0.0069795031166292702, 0.0069249342472662932, 0.0068725492012406591, 0.0068222801547262084, 0.0067740298883788644, 0.0067277029018198249, 0.0066832079254367759, 0.0066404622775194369, 0.0065994147976451865, 0.0065598980849089451, 0.0065219155807034234, 0.0064852596520269673, 0.0064500616344045089, 0.0064162215145242476, 0.0063837181887551313, 0.0063524912163393649, 0.00632247388999923, 0.0062936323289811387, 0.0062658871492876442, 0.0062391941217518647, 0.0062135061591891329, 0.0061887840958499115, 0.0061649939003764033, 0.00614212419436102, 0.0061201216483343264, 0.0060989527052552287, 0.0060785726235563203, 0.0060589408578150331, 0.0060400642856235399, 0.0060218817911017342, 0.0060043491035367477, 0.0059874636886232844, 0.005971218573559616, 0.0059555513839684012, 0.0059404612231487236, 0.0059258994926805831, 0.0059118760268456654, 0.005898353377128622, 0.0058853333040407158, 0.0058727778882120621, 0.005860655937260744, 0.0058489400360276266, 0.005837656910700869, 0.0058267530067702654, 0.0058162350616102771, 0.0058060744171442814, 0.005796251783916055, 0.0057867559947101157, 0.0057775837570068784, 0.0057687180611862348, 0.0057601322001019379, 0.0057518237640866556, 0.0057437709155302068, 0.0057359931273835967, 0.0057284561017022697, 0.0057211277182439004, 0.0057140482575753805, 0.005707173023137461, 0.0057005270065732822, 0.0056940770732259666, 0.0056878144240013733, 0.0056817249401877584, 0.0056758128508205309, 0.0056700795753876296, 0.0056644982821048417, 0.0056590771001372416, 0.0056538092782617054, 0.0056486919619226101, 0.0056437179948234427, 0.0056388745531024322, 0.0056341697624624886, 0.0056295736699770154, 0.0056251112759445679]}
[2017-10-10 15:45:24,999 AE_UNIGRAMA_2L_OVER_96_172-162_9.py:93]: done!
[2017-10-10 15:45:24,999 AE_UNIGRAMA_2L_OVER_96_172-162_9.py:153]: >> Executing classifier part ... 
[2017-10-10 15:45:24,999 AE_UNIGRAMA_2L_OVER_96_172-162_9.py:98]: =======================================
[2017-10-10 15:45:24,999 AE_UNIGRAMA_2L_OVER_96_172-162_9.py:102]: setting configurations for classifier: 
	 {'optimizer': <keras.optimizers.SGD object at 0x0000018318B733C8>, 'classifier_dim': 9, 'loss_function': 'categorical_crossentropy', 'use_last_dim_as_classifier': False, 'activation': 'sigmoid'}
[2017-10-10 15:45:25,047 AE_UNIGRAMA_2L_OVER_96_172-162_9.py:111]: training ... 
[2017-10-10 15:45:25,445 summary.py:89]: Summary name enc0_172/kernel:0 is illegal; using enc0_172/kernel_0 instead.
[2017-10-10 15:45:25,462 summary.py:89]: Summary name enc0_172/bias:0 is illegal; using enc0_172/bias_0 instead.
[2017-10-10 15:45:25,465 summary.py:89]: Summary name enc1_162/kernel:0 is illegal; using enc1_162/kernel_0 instead.
[2017-10-10 15:45:25,467 summary.py:89]: Summary name enc1_162/bias:0 is illegal; using enc1_162/bias_0 instead.
[2017-10-10 15:45:25,467 summary.py:89]: Summary name enc2_9/kernel:0 is illegal; using enc2_9/kernel_0 instead.
[2017-10-10 15:45:25,467 summary.py:89]: Summary name enc2_9/bias:0 is illegal; using enc2_9/bias_0 instead.
[2017-10-10 15:45:25,467 summary.py:89]: Summary name classifier/kernel:0 is illegal; using classifier/kernel_0 instead.
[2017-10-10 15:45:25,467 summary.py:89]: Summary name classifier/bias:0 is illegal; using classifier/bias_0 instead.
[2017-10-10 15:49:09,998 AE_UNIGRAMA_2L_OVER_96_172-162_9.py:123]: trained!
[2017-10-10 15:49:09,998 AE_UNIGRAMA_2L_OVER_96_172-162_9.py:126]: Training history: 
{'loss': [0.010080961974196882, 0.0099336643930531456, 0.0097801602183948209, 0.0096288042254036171, 0.0094794841356158777, 0.0093319603249421498, 0.0091880229596545456, 0.0090482837274972836, 0.0089127862638236927, 0.0087812575754911606, 0.0086537318357988308, 0.0085310458589732165, 0.0084131551195524481, 0.0082997404675433876, 0.0081906647260570429, 0.0080855024214914108, 0.0079840816478413817, 0.0078867042391974826, 0.0077933156565198084, 0.0077039080070355733, 0.0076182378758232723, 0.0075361557807441353, 0.0074575613327232801, 0.0073822171695773122, 0.0073100827398498731, 0.0072409845653923655, 0.0071747587274212776, 0.0071111967897050645, 0.0070502619544123134, 0.0069917744007270688, 0.0069356484392448375, 0.0068818100830557232, 0.0068301320271755405, 0.0067805316200171906, 0.0067328979471868982, 0.006687151995094261, 0.0066432014025276107, 0.006600992548604025, 0.0065604409319706394, 0.006521383562018224, 0.0064837730071234355, 0.0064475550545240994, 0.0064127720304557019, 0.0063793257983045379, 0.0063471845428435874, 0.0063163040817750147, 0.0062866221927907768, 0.0062580857180933609, 0.0062306221304364046, 0.0062041930486828765, 0.0061787578186275555, 0.0061542797457603089, 0.0061306971318209249, 0.0061080362126872297, 0.0060862231611536919, 0.0060652352207796519, 0.0060450159040174936, 0.0060255372626037227, 0.0060067966820233683, 0.0059887378467401442, 0.0059713171065178799, 0.0059545471349567378, 0.005938388696873415, 0.0059228030216010637, 0.0059077939992860998, 0.0058932896430438728, 0.0058793192586249635, 0.0058658535122303561, 0.0058528687321244936, 0.0058403484988099018, 0.005828239809900302, 0.0058165479911641248, 0.0058052797298638013, 0.0057943807508436971, 0.0057838642259930347, 0.0057736997937379471, 0.0057638546545802629, 0.0057543347072778993, 0.0057451391968127404, 0.0057362491675934761, 0.0057276283776056718, 0.0057192781004773083, 0.0057111884494207357, 0.0057033655341295611, 0.005695785808513776, 0.0056884040874008324, 0.0056812724249681304, 0.0056743488510236023, 0.0056676492530030563, 0.0056611438566325414, 0.0056548235038113362, 0.0056486645677386246, 0.005642702460137883, 0.0056368966378528024, 0.0056312565612203153, 0.0056257711067456886, 0.0056204426628391506, 0.0056152614085410151, 0.0056102273547272048, 0.0056053197298132542, 0.0056005571158883318, 0.0055959030994990888], 'val_loss': [0.010013048322421246, 0.0098593662870306957, 0.0097075246350638925, 0.0095579551539788903, 0.0094101667251839521, 0.0092648333042416875, 0.0091235583204928392, 0.0089864751123251967, 0.0088535961920056198, 0.0087243930357040964, 0.0085997015729435758, 0.0084799312636754769, 0.0083647560065120575, 0.0082539453683594128, 0.0081473246379495778, 0.0080443692764052676, 0.0079454127145190227, 0.0078504937735548921, 0.0077596080479070155, 0.0076725279850033577, 0.0075891041023774444, 0.0075092245738080888, 0.0074326792216018456, 0.0073593945647537932, 0.0072892117037067407, 0.0072219978540194081, 0.0071575185128221058, 0.0070957259022281071, 0.0070364160193165, 0.0069795031166292702, 0.0069249342472662932, 0.0068725492012406591, 0.0068222801547262084, 0.0067740298883788644, 0.0067277029018198249, 0.0066832079254367759, 0.0066404622775194369, 0.0065994147976451865, 0.0065598980849089451, 0.0065219155807034234, 0.0064852596520269673, 0.0064500616344045089, 0.0064162215145242476, 0.0063837181887551313, 0.0063524912163393649, 0.00632247388999923, 0.0062936323289811387, 0.0062658871492876442, 0.0062391941217518647, 0.0062135061591891329, 0.0061887840958499115, 0.0061649939003764033, 0.00614212419436102, 0.0061201216483343264, 0.0060989527052552287, 0.0060785726235563203, 0.0060589408578150331, 0.0060400642856235399, 0.0060218817911017342, 0.0060043491035367477, 0.0059874636886232844, 0.005971218573559616, 0.0059555513839684012, 0.0059404612231487236, 0.0059258994926805831, 0.0059118760268456654, 0.005898353377128622, 0.0058853333040407158, 0.0058727778882120621, 0.005860655937260744, 0.0058489400360276266, 0.005837656910700869, 0.0058267530067702654, 0.0058162350616102771, 0.0058060744171442814, 0.005796251783916055, 0.0057867559947101157, 0.0057775837570068784, 0.0057687180611862348, 0.0057601322001019379, 0.0057518237640866556, 0.0057437709155302068, 0.0057359931273835967, 0.0057284561017022697, 0.0057211277182439004, 0.0057140482575753805, 0.005707173023137461, 0.0057005270065732822, 0.0056940770732259666, 0.0056878144240013733, 0.0056817249401877584, 0.0056758128508205309, 0.0056700795753876296, 0.0056644982821048417, 0.0056590771001372416, 0.0056538092782617054, 0.0056486919619226101, 0.0056437179948234427, 0.0056388745531024322, 0.0056341697624624886, 0.0056295736699770154, 0.0056251112759445679]}
[2017-10-10 15:49:09,998 AE_UNIGRAMA_2L_OVER_96_172-162_9.py:130]: evaluating model ... 
[2017-10-10 15:49:10,067 AE_UNIGRAMA_2L_OVER_96_172-162_9.py:134]: evaluated! 
[2017-10-10 15:49:10,067 AE_UNIGRAMA_2L_OVER_96_172-162_9.py:136]: generating reports ... 
[2017-10-10 15:49:10,715 AE_UNIGRAMA_2L_OVER_96_172-162_9.py:139]: done!
[2017-10-10 15:49:10,715 AE_UNIGRAMA_2L_OVER_96_172-162_9.py:155]: >> experiment AE_UNIGRAMA_2L_OVER_96_172-162_9 finished!
