[2017-10-10 15:12:12,134 AE_UNIGRAMA_2L_UNDER_96_28_25_9.py:146]: >> Initializing execution of experiment AE_UNIGRAMA_2L_UNDER_96_28_25_9
[2017-10-10 15:12:12,134 AE_UNIGRAMA_2L_UNDER_96_28_25_9.py:147]: >> Printing header log
[2017-10-10 15:12:12,134 AE_UNIGRAMA_2L_UNDER_96_28_25_9.py:38]: 
	=======================================
	network_name = AE_UNIGRAMA_2L_UNDER_96_28_25_9
	layers = 96,28,25,9
	using GLOBAL obj = 
		{'epochs': 200, 'fullds_data_dir': 'C:/Users/dhieg/research/malware_dataset/malware_selected_1gram.pkl', 'data_target_list': [1, 2, 3, 4, 5, 6, 7, 8, 9], 'data_dir': 'C:/Users/dhieg/research/malware_dataset/malware_selected_1gram_mini.pkl', 'store_history': True, 'executed_path': 'C:/Users/dhieg/research/research_msc/executed/2layers/unigram/', 'mlp_configs': {'optimizer': <keras.optimizers.SGD object at 0x0000024505D585C0>, 'use_last_dim_as_classifier': False, 'activation': 'sigmoid', 'loss_function': 'categorical_crossentropy', 'classifier_dim': 9}, 'checkpoints_dir': 'C:/Users/dhieg/research/research_msc/checkpoints/2layers/unigram/', 'fullds_reports_dir': 'C:/Users/dhieg/research/research_msc/reports/2layers/unigram/fullds/', 'reports_dir': 'C:/Users/dhieg/research/research_msc/reports/2layers/unigram/', 'tensorflow_dir': 'C:/Users/dhieg/research/research_msc/tensorflow/2layers/unigram/', 'shuffle_batches': True, 'autoencoder_configs': {'optimizer': <keras.optimizers.SGD object at 0x0000024505D524E0>, 'loss_function': 'mse', 'discard_decoder_function': True, 'hidden_layer_activation': 'relu', 'output_layer_activation': 'relu'}, 'log_format': '[%(asctime)s %(filename)s:%(lineno)s]: %(message)s', 'batch': 32, 'log_dir': 'C:/Users/dhieg/research/research_msc/logs/2layers/unigram/', 'numpy_seed': 666}
	=======================================
	
[2017-10-10 15:12:12,134 AE_UNIGRAMA_2L_UNDER_96_28_25_9.py:149]: >> Loading dataset... 
[2017-10-10 15:12:12,187 AE_UNIGRAMA_2L_UNDER_96_28_25_9.py:54]: 
	=======================================
	loading malware dataset on = C:/Users/dhieg/research/malware_dataset/malware_selected_1gram_mini.pkl	
	trainx shape = (1627, 96)
	trainy shape = (1627, 9)
	valx shape = (1076, 96)
	valy shape = (1076, 9)
	=======================================
	
[2017-10-10 15:12:12,187 AE_UNIGRAMA_2L_UNDER_96_28_25_9.py:151]: >> Executing autoencoder part ... 
[2017-10-10 15:12:12,187 AE_UNIGRAMA_2L_UNDER_96_28_25_9.py:59]: =======================================
[2017-10-10 15:12:12,187 AE_UNIGRAMA_2L_UNDER_96_28_25_9.py:64]: setting configurations for autoencoder: 
	 {'optimizer': <keras.optimizers.SGD object at 0x0000024505D524E0>, 'loss_function': 'mse', 'discard_decoder_function': True, 'hidden_layer_activation': 'relu', 'output_layer_activation': 'relu'}
[2017-10-10 15:12:12,287 AE_UNIGRAMA_2L_UNDER_96_28_25_9.py:75]: training and evaluate autoencoder
[2017-10-10 15:12:16,505 summary.py:89]: Summary name enc0_28/kernel:0 is illegal; using enc0_28/kernel_0 instead.
[2017-10-10 15:12:16,505 summary.py:89]: Summary name enc0_28/bias:0 is illegal; using enc0_28/bias_0 instead.
[2017-10-10 15:12:16,505 summary.py:89]: Summary name enc1_25/kernel:0 is illegal; using enc1_25/kernel_0 instead.
[2017-10-10 15:12:16,521 summary.py:89]: Summary name enc1_25/bias:0 is illegal; using enc1_25/bias_0 instead.
[2017-10-10 15:12:16,521 summary.py:89]: Summary name enc2_9/kernel:0 is illegal; using enc2_9/kernel_0 instead.
[2017-10-10 15:12:16,521 summary.py:89]: Summary name enc2_9/bias:0 is illegal; using enc2_9/bias_0 instead.
[2017-10-10 15:12:16,521 summary.py:89]: Summary name dec0_25/kernel:0 is illegal; using dec0_25/kernel_0 instead.
[2017-10-10 15:12:16,521 summary.py:89]: Summary name dec0_25/bias:0 is illegal; using dec0_25/bias_0 instead.
[2017-10-10 15:12:16,521 summary.py:89]: Summary name dec1_28/kernel:0 is illegal; using dec1_28/kernel_0 instead.
[2017-10-10 15:12:16,521 summary.py:89]: Summary name dec1_28/bias:0 is illegal; using dec1_28/bias_0 instead.
[2017-10-10 15:12:16,537 summary.py:89]: Summary name dec2_96/kernel:0 is illegal; using dec2_96/kernel_0 instead.
[2017-10-10 15:12:16,537 summary.py:89]: Summary name dec2_96/bias:0 is illegal; using dec2_96/bias_0 instead.
[2017-10-10 15:13:00,213 AE_UNIGRAMA_2L_UNDER_96_28_25_9.py:146]: >> Initializing execution of experiment AE_UNIGRAMA_2L_UNDER_96_28_25_9
[2017-10-10 15:13:00,213 AE_UNIGRAMA_2L_UNDER_96_28_25_9.py:147]: >> Printing header log
[2017-10-10 15:13:00,213 AE_UNIGRAMA_2L_UNDER_96_28_25_9.py:38]: 
	=======================================
	network_name = AE_UNIGRAMA_2L_UNDER_96_28_25_9
	layers = 96,28,25,9
	using GLOBAL obj = 
		{'data_target_list': [1, 2, 3, 4, 5, 6, 7, 8, 9], 'shuffle_batches': True, 'data_dir': 'C:/Users/dhieg/research/malware_dataset/malware_selected_1gram_mini.pkl', 'reports_dir': 'C:/Users/dhieg/research/research_msc/reports/2layers/unigram/', 'fullds_reports_dir': 'C:/Users/dhieg/research/research_msc/reports/2layers/unigram/fullds/', 'mlp_configs': {'use_last_dim_as_classifier': False, 'classifier_dim': 9, 'activation': 'sigmoid', 'optimizer': <keras.optimizers.SGD object at 0x000001FFA88A33C8>, 'loss_function': 'categorical_crossentropy'}, 'batch': 32, 'executed_path': 'C:/Users/dhieg/research/research_msc/executed/2layers/unigram/', 'tensorflow_dir': 'C:/Users/dhieg/research/research_msc/tensorflow/2layers/unigram/', 'store_history': True, 'numpy_seed': 666, 'autoencoder_configs': {'discard_decoder_function': True, 'optimizer': <keras.optimizers.SGD object at 0x000001FFA88A1550>, 'output_layer_activation': 'relu', 'hidden_layer_activation': 'relu', 'loss_function': 'mse'}, 'log_dir': 'C:/Users/dhieg/research/research_msc/logs/2layers/unigram/', 'fullds_data_dir': 'C:/Users/dhieg/research/malware_dataset/malware_selected_1gram.pkl', 'epochs': 200, 'checkpoints_dir': 'C:/Users/dhieg/research/research_msc/checkpoints/2layers/unigram/', 'log_format': '[%(asctime)s %(filename)s:%(lineno)s]: %(message)s'}
	=======================================
	
[2017-10-10 15:13:00,213 AE_UNIGRAMA_2L_UNDER_96_28_25_9.py:149]: >> Loading dataset... 
[2017-10-10 15:13:00,213 AE_UNIGRAMA_2L_UNDER_96_28_25_9.py:54]: 
	=======================================
	loading malware dataset on = C:/Users/dhieg/research/malware_dataset/malware_selected_1gram_mini.pkl	
	trainx shape = (1627, 96)
	trainy shape = (1627, 9)
	valx shape = (1076, 96)
	valy shape = (1076, 9)
	=======================================
	
[2017-10-10 15:13:00,213 AE_UNIGRAMA_2L_UNDER_96_28_25_9.py:151]: >> Executing autoencoder part ... 
[2017-10-10 15:13:00,213 AE_UNIGRAMA_2L_UNDER_96_28_25_9.py:59]: =======================================
[2017-10-10 15:13:00,213 AE_UNIGRAMA_2L_UNDER_96_28_25_9.py:64]: setting configurations for autoencoder: 
	 {'discard_decoder_function': True, 'optimizer': <keras.optimizers.SGD object at 0x000001FFA88A1550>, 'output_layer_activation': 'relu', 'hidden_layer_activation': 'relu', 'loss_function': 'mse'}
[2017-10-10 15:13:00,306 AE_UNIGRAMA_2L_UNDER_96_28_25_9.py:75]: training and evaluate autoencoder
[2017-10-10 15:13:02,022 summary.py:89]: Summary name enc0_28/kernel:0 is illegal; using enc0_28/kernel_0 instead.
[2017-10-10 15:13:02,022 summary.py:89]: Summary name enc0_28/bias:0 is illegal; using enc0_28/bias_0 instead.
[2017-10-10 15:13:02,022 summary.py:89]: Summary name enc1_25/kernel:0 is illegal; using enc1_25/kernel_0 instead.
[2017-10-10 15:13:02,037 summary.py:89]: Summary name enc1_25/bias:0 is illegal; using enc1_25/bias_0 instead.
[2017-10-10 15:13:02,037 summary.py:89]: Summary name enc2_9/kernel:0 is illegal; using enc2_9/kernel_0 instead.
[2017-10-10 15:13:02,037 summary.py:89]: Summary name enc2_9/bias:0 is illegal; using enc2_9/bias_0 instead.
[2017-10-10 15:13:02,037 summary.py:89]: Summary name dec0_25/kernel:0 is illegal; using dec0_25/kernel_0 instead.
[2017-10-10 15:13:02,037 summary.py:89]: Summary name dec0_25/bias:0 is illegal; using dec0_25/bias_0 instead.
[2017-10-10 15:13:02,037 summary.py:89]: Summary name dec1_28/kernel:0 is illegal; using dec1_28/kernel_0 instead.
[2017-10-10 15:13:02,037 summary.py:89]: Summary name dec1_28/bias:0 is illegal; using dec1_28/bias_0 instead.
[2017-10-10 15:13:02,055 summary.py:89]: Summary name dec2_96/kernel:0 is illegal; using dec2_96/kernel_0 instead.
[2017-10-10 15:13:02,057 summary.py:89]: Summary name dec2_96/bias:0 is illegal; using dec2_96/bias_0 instead.
[2017-10-10 15:13:24,088 AE_UNIGRAMA_2L_UNDER_96_28_25_9.py:146]: >> Initializing execution of experiment AE_UNIGRAMA_2L_UNDER_96_28_25_9
[2017-10-10 15:13:24,088 AE_UNIGRAMA_2L_UNDER_96_28_25_9.py:147]: >> Printing header log
[2017-10-10 15:13:24,088 AE_UNIGRAMA_2L_UNDER_96_28_25_9.py:38]: 
	=======================================
	network_name = AE_UNIGRAMA_2L_UNDER_96_28_25_9
	layers = 96,28,25,9
	using GLOBAL obj = 
		{'shuffle_batches': True, 'tensorflow_dir': 'C:/Users/dhieg/research/research_msc/tensorflow/2layers/unigram/', 'reports_dir': 'C:/Users/dhieg/research/research_msc/reports/2layers/unigram/', 'executed_path': 'C:/Users/dhieg/research/research_msc/executed/2layers/unigram/', 'fullds_reports_dir': 'C:/Users/dhieg/research/research_msc/reports/2layers/unigram/fullds/', 'batch': 32, 'store_history': True, 'autoencoder_configs': {'output_layer_activation': 'relu', 'discard_decoder_function': True, 'hidden_layer_activation': 'relu', 'optimizer': <keras.optimizers.SGD object at 0x0000029E2B811550>, 'loss_function': 'mse'}, 'log_format': '[%(asctime)s %(filename)s:%(lineno)s]: %(message)s', 'fullds_data_dir': 'C:/Users/dhieg/research/malware_dataset/malware_selected_1gram.pkl', 'numpy_seed': 666, 'data_target_list': [1, 2, 3, 4, 5, 6, 7, 8, 9], 'mlp_configs': {'use_last_dim_as_classifier': False, 'classifier_dim': 9, 'activation': 'sigmoid', 'optimizer': <keras.optimizers.SGD object at 0x0000029E2B8133C8>, 'loss_function': 'categorical_crossentropy'}, 'checkpoints_dir': 'C:/Users/dhieg/research/research_msc/checkpoints/2layers/unigram/', 'epochs': 200, 'data_dir': 'C:/Users/dhieg/research/malware_dataset/malware_selected_1gram_mini.pkl', 'log_dir': 'C:/Users/dhieg/research/research_msc/logs/2layers/unigram/'}
	=======================================
	
[2017-10-10 15:13:24,088 AE_UNIGRAMA_2L_UNDER_96_28_25_9.py:149]: >> Loading dataset... 
[2017-10-10 15:13:24,091 AE_UNIGRAMA_2L_UNDER_96_28_25_9.py:54]: 
	=======================================
	loading malware dataset on = C:/Users/dhieg/research/malware_dataset/malware_selected_1gram_mini.pkl	
	trainx shape = (1627, 96)
	trainy shape = (1627, 9)
	valx shape = (1076, 96)
	valy shape = (1076, 9)
	=======================================
	
[2017-10-10 15:13:24,091 AE_UNIGRAMA_2L_UNDER_96_28_25_9.py:151]: >> Executing autoencoder part ... 
[2017-10-10 15:13:24,091 AE_UNIGRAMA_2L_UNDER_96_28_25_9.py:59]: =======================================
[2017-10-10 15:13:24,091 AE_UNIGRAMA_2L_UNDER_96_28_25_9.py:64]: setting configurations for autoencoder: 
	 {'output_layer_activation': 'relu', 'discard_decoder_function': True, 'hidden_layer_activation': 'relu', 'optimizer': <keras.optimizers.SGD object at 0x0000029E2B811550>, 'loss_function': 'mse'}
[2017-10-10 15:13:24,187 AE_UNIGRAMA_2L_UNDER_96_28_25_9.py:75]: training and evaluate autoencoder
[2017-10-10 15:13:26,514 summary.py:89]: Summary name enc0_28/kernel:0 is illegal; using enc0_28/kernel_0 instead.
[2017-10-10 15:13:26,514 summary.py:89]: Summary name enc0_28/bias:0 is illegal; using enc0_28/bias_0 instead.
[2017-10-10 15:13:26,514 summary.py:89]: Summary name enc1_25/kernel:0 is illegal; using enc1_25/kernel_0 instead.
[2017-10-10 15:13:26,530 summary.py:89]: Summary name enc1_25/bias:0 is illegal; using enc1_25/bias_0 instead.
[2017-10-10 15:13:26,530 summary.py:89]: Summary name enc2_9/kernel:0 is illegal; using enc2_9/kernel_0 instead.
[2017-10-10 15:13:26,530 summary.py:89]: Summary name enc2_9/bias:0 is illegal; using enc2_9/bias_0 instead.
[2017-10-10 15:13:26,530 summary.py:89]: Summary name dec0_25/kernel:0 is illegal; using dec0_25/kernel_0 instead.
[2017-10-10 15:13:26,530 summary.py:89]: Summary name dec0_25/bias:0 is illegal; using dec0_25/bias_0 instead.
[2017-10-10 15:13:26,530 summary.py:89]: Summary name dec1_28/kernel:0 is illegal; using dec1_28/kernel_0 instead.
[2017-10-10 15:13:26,545 summary.py:89]: Summary name dec1_28/bias:0 is illegal; using dec1_28/bias_0 instead.
[2017-10-10 15:13:26,545 summary.py:89]: Summary name dec2_96/kernel:0 is illegal; using dec2_96/kernel_0 instead.
[2017-10-10 15:13:26,545 summary.py:89]: Summary name dec2_96/bias:0 is illegal; using dec2_96/bias_0 instead.
[2017-10-10 15:14:09,946 AE_UNIGRAMA_2L_UNDER_96_28_25_9.py:86]: trained and evaluated!
[2017-10-10 15:14:09,946 AE_UNIGRAMA_2L_UNDER_96_28_25_9.py:89]: Training history: 
{'loss': [0.01009522245071494, 0.010064874566775491, 0.010032404870133717, 0.0099980751265437966, 0.0099616578385719294, 0.0099205943082070602, 0.0098582083793252832, 0.0097606724692530338, 0.0096565292153299107, 0.0095542732788766165, 0.0094541869061577147, 0.0093560340861803051, 0.0092595720076366819, 0.0091651863187835417, 0.0090732820338919329, 0.008984266381914548, 0.0088983249519141664, 0.00881540445071664, 0.0087354149309930886, 0.0086582206892560579, 0.0085836569604033994, 0.0085115278690375655, 0.0084416586653854337, 0.0083740841100460629, 0.008308699040844825, 0.0082453914231677399, 0.008184079077957998, 0.0081246993089462254, 0.0080672351273661687, 0.0080116224144920287, 0.0079577603527947512, 0.0079055138220798776, 0.0078548564253341727, 0.0078057230111914467, 0.0077579895331516867, 0.0077115891841323227, 0.0076665073652083734, 0.0076227350201693578, 0.0075802213678934421, 0.0075389237658847093, 0.0074987578201184957, 0.0074596813219910251, 0.0074216492798067192, 0.0073846213816657668, 0.0073485584567817867, 0.007313428265766711, 0.0072792366375435732, 0.0072459378640368334, 0.0072134094182275963, 0.0071815375536886288, 0.0071504773751253827, 0.0071202164965772745, 0.0070907757285531307, 0.0070620809573526755, 0.0070341120055603633, 0.0070068874329410969, 0.0069803424727929537, 0.0069545027579523775, 0.0069293591079943812, 0.0069048664436435767, 0.0068809998378537704, 0.0068577491846015725, 0.0068350720769406901, 0.0068129723291722776, 0.0067914090675691664, 0.00677040093604157, 0.0067499184181894272, 0.0067299275121525089, 0.0067104128731463901, 0.0066913955306294294, 0.0066728312215929798, 0.0066546853557320632, 0.0066369389720174086, 0.0066196036867948492, 0.0066026553503605728, 0.006586154949746582, 0.006570061450090303, 0.0065543426248830527, 0.0065390281516602968, 0.0065240790104675525, 0.0065094829727589312, 0.0064952113009077977, 0.0064812877479329314, 0.006467674951313479, 0.0064543824097383186, 0.0064413928679810505, 0.0064286771490849378, 0.0064162301488069574, 0.0064040376600416147, 0.0063921251688003724, 0.0063804563223060903, 0.0063690042075115472, 0.0063577967592284368, 0.0063468201203843019, 0.0063360619001530142, 0.0063254996967062891, 0.0063151683911369782, 0.0063050331361248369, 0.0062951308087810425, 0.0062854066222090988, 0.0062758880541456683, 0.0062665563516350851], 'val_loss': [0.010081183584233863, 0.010049234743344296, 0.010015465073342882, 0.0099795695505066877, 0.0099414150372535322, 0.0098932409852909332, 0.0098101271032511525, 0.0097069286543972882, 0.0096044427019346609, 0.0095043561480191562, 0.0094061271983396158, 0.0093097544784162562, 0.0092152379951734083, 0.0091232439108386802, 0.0090339233039369374, 0.0089476335322879064, 0.0088643159952748671, 0.0087840185088683687, 0.008706509890415633, 0.0086317158972352859, 0.0085594153107874452, 0.0084894535107517335, 0.008421768735554138, 0.0083562615067874629, 0.0082928831429397304, 0.0082315539795780705, 0.0081721814383915372, 0.008114689827782403, 0.0080590568617900284, 0.0080052063450715798, 0.0079529695108976062, 0.0079023262475475288, 0.0078532293414676282, 0.0078055621817237162, 0.0077592645941447595, 0.0077143009651632335, 0.0076706507260526869, 0.0076282673054911387, 0.0075871101597871039, 0.0075471098621317, 0.0075082112100238471, 0.007470355213353182, 0.0074335101431021013, 0.0073976365426991512, 0.0073626916890195309, 0.0073287034473039185, 0.0072956406771028798, 0.0072634105975687728, 0.0072318130262805404, 0.0072009703663755966, 0.0071709123440086842, 0.007141668680141296, 0.0071131714159228098, 0.0070854196304171498, 0.0070584227009001278, 0.0070321103869539214, 0.0070065009411161274, 0.0069815768257863679, 0.0069573184208715933, 0.0069336956470761602, 0.0069106924676485219, 0.0068882782285735284, 0.0068664454082961865, 0.0068451509720967828, 0.0068244148862849378, 0.0068042060173355515, 0.006784485659967125, 0.0067652307907777208, 0.0067464795299428323, 0.0067281808157115619, 0.0067103170602821286, 0.0066928565294436804, 0.0066757747578022652, 0.0066590977687264021, 0.0066428463819495588, 0.0066270129270436153, 0.0066115543363982864, 0.0065964976460655602, 0.0065817996049403705, 0.0065674686555137864, 0.0065534562582226273, 0.0065397842368284127, 0.0065264334299750485, 0.006513401298163992, 0.0065006664175138599, 0.0064882133710007688, 0.0064760244634958003, 0.0064640920990073989, 0.0064524343431162125, 0.0064410249370264521, 0.0064298283537247364, 0.0064188694775270706, 0.0064081439495668312, 0.0063976346321237797, 0.0063873277527027412, 0.0063772392666943678, 0.0063673436787104075, 0.0063576826299488768, 0.0063482069697743454, 0.0063389284210798912, 0.0063298375667747951, 0.0063209293590214613]}
[2017-10-10 15:14:09,946 AE_UNIGRAMA_2L_UNDER_96_28_25_9.py:93]: done!
[2017-10-10 15:14:09,946 AE_UNIGRAMA_2L_UNDER_96_28_25_9.py:153]: >> Executing classifier part ... 
[2017-10-10 15:14:09,946 AE_UNIGRAMA_2L_UNDER_96_28_25_9.py:98]: =======================================
[2017-10-10 15:14:09,946 AE_UNIGRAMA_2L_UNDER_96_28_25_9.py:102]: setting configurations for classifier: 
	 {'use_last_dim_as_classifier': False, 'classifier_dim': 9, 'activation': 'sigmoid', 'optimizer': <keras.optimizers.SGD object at 0x0000029E2B8133C8>, 'loss_function': 'categorical_crossentropy'}
[2017-10-10 15:14:10,000 AE_UNIGRAMA_2L_UNDER_96_28_25_9.py:111]: training ... 
[2017-10-10 15:14:10,382 summary.py:89]: Summary name enc0_28/kernel:0 is illegal; using enc0_28/kernel_0 instead.
[2017-10-10 15:14:10,382 summary.py:89]: Summary name enc0_28/bias:0 is illegal; using enc0_28/bias_0 instead.
[2017-10-10 15:14:10,399 summary.py:89]: Summary name enc1_25/kernel:0 is illegal; using enc1_25/kernel_0 instead.
[2017-10-10 15:14:10,400 summary.py:89]: Summary name enc1_25/bias:0 is illegal; using enc1_25/bias_0 instead.
[2017-10-10 15:14:10,400 summary.py:89]: Summary name enc2_9/kernel:0 is illegal; using enc2_9/kernel_0 instead.
[2017-10-10 15:14:10,400 summary.py:89]: Summary name enc2_9/bias:0 is illegal; using enc2_9/bias_0 instead.
[2017-10-10 15:14:10,400 summary.py:89]: Summary name classifier/kernel:0 is illegal; using classifier/kernel_0 instead.
[2017-10-10 15:14:10,400 summary.py:89]: Summary name classifier/bias:0 is illegal; using classifier/bias_0 instead.
[2017-10-10 15:15:33,403 AE_UNIGRAMA_2L_UNDER_96_28_25_9.py:123]: trained!
[2017-10-10 15:15:33,403 AE_UNIGRAMA_2L_UNDER_96_28_25_9.py:126]: Training history: 
{'loss': [0.01009522245071494, 0.010064874566775491, 0.010032404870133717, 0.0099980751265437966, 0.0099616578385719294, 0.0099205943082070602, 0.0098582083793252832, 0.0097606724692530338, 0.0096565292153299107, 0.0095542732788766165, 0.0094541869061577147, 0.0093560340861803051, 0.0092595720076366819, 0.0091651863187835417, 0.0090732820338919329, 0.008984266381914548, 0.0088983249519141664, 0.00881540445071664, 0.0087354149309930886, 0.0086582206892560579, 0.0085836569604033994, 0.0085115278690375655, 0.0084416586653854337, 0.0083740841100460629, 0.008308699040844825, 0.0082453914231677399, 0.008184079077957998, 0.0081246993089462254, 0.0080672351273661687, 0.0080116224144920287, 0.0079577603527947512, 0.0079055138220798776, 0.0078548564253341727, 0.0078057230111914467, 0.0077579895331516867, 0.0077115891841323227, 0.0076665073652083734, 0.0076227350201693578, 0.0075802213678934421, 0.0075389237658847093, 0.0074987578201184957, 0.0074596813219910251, 0.0074216492798067192, 0.0073846213816657668, 0.0073485584567817867, 0.007313428265766711, 0.0072792366375435732, 0.0072459378640368334, 0.0072134094182275963, 0.0071815375536886288, 0.0071504773751253827, 0.0071202164965772745, 0.0070907757285531307, 0.0070620809573526755, 0.0070341120055603633, 0.0070068874329410969, 0.0069803424727929537, 0.0069545027579523775, 0.0069293591079943812, 0.0069048664436435767, 0.0068809998378537704, 0.0068577491846015725, 0.0068350720769406901, 0.0068129723291722776, 0.0067914090675691664, 0.00677040093604157, 0.0067499184181894272, 0.0067299275121525089, 0.0067104128731463901, 0.0066913955306294294, 0.0066728312215929798, 0.0066546853557320632, 0.0066369389720174086, 0.0066196036867948492, 0.0066026553503605728, 0.006586154949746582, 0.006570061450090303, 0.0065543426248830527, 0.0065390281516602968, 0.0065240790104675525, 0.0065094829727589312, 0.0064952113009077977, 0.0064812877479329314, 0.006467674951313479, 0.0064543824097383186, 0.0064413928679810505, 0.0064286771490849378, 0.0064162301488069574, 0.0064040376600416147, 0.0063921251688003724, 0.0063804563223060903, 0.0063690042075115472, 0.0063577967592284368, 0.0063468201203843019, 0.0063360619001530142, 0.0063254996967062891, 0.0063151683911369782, 0.0063050331361248369, 0.0062951308087810425, 0.0062854066222090988, 0.0062758880541456683, 0.0062665563516350851], 'val_loss': [0.010081183584233863, 0.010049234743344296, 0.010015465073342882, 0.0099795695505066877, 0.0099414150372535322, 0.0098932409852909332, 0.0098101271032511525, 0.0097069286543972882, 0.0096044427019346609, 0.0095043561480191562, 0.0094061271983396158, 0.0093097544784162562, 0.0092152379951734083, 0.0091232439108386802, 0.0090339233039369374, 0.0089476335322879064, 0.0088643159952748671, 0.0087840185088683687, 0.008706509890415633, 0.0086317158972352859, 0.0085594153107874452, 0.0084894535107517335, 0.008421768735554138, 0.0083562615067874629, 0.0082928831429397304, 0.0082315539795780705, 0.0081721814383915372, 0.008114689827782403, 0.0080590568617900284, 0.0080052063450715798, 0.0079529695108976062, 0.0079023262475475288, 0.0078532293414676282, 0.0078055621817237162, 0.0077592645941447595, 0.0077143009651632335, 0.0076706507260526869, 0.0076282673054911387, 0.0075871101597871039, 0.0075471098621317, 0.0075082112100238471, 0.007470355213353182, 0.0074335101431021013, 0.0073976365426991512, 0.0073626916890195309, 0.0073287034473039185, 0.0072956406771028798, 0.0072634105975687728, 0.0072318130262805404, 0.0072009703663755966, 0.0071709123440086842, 0.007141668680141296, 0.0071131714159228098, 0.0070854196304171498, 0.0070584227009001278, 0.0070321103869539214, 0.0070065009411161274, 0.0069815768257863679, 0.0069573184208715933, 0.0069336956470761602, 0.0069106924676485219, 0.0068882782285735284, 0.0068664454082961865, 0.0068451509720967828, 0.0068244148862849378, 0.0068042060173355515, 0.006784485659967125, 0.0067652307907777208, 0.0067464795299428323, 0.0067281808157115619, 0.0067103170602821286, 0.0066928565294436804, 0.0066757747578022652, 0.0066590977687264021, 0.0066428463819495588, 0.0066270129270436153, 0.0066115543363982864, 0.0065964976460655602, 0.0065817996049403705, 0.0065674686555137864, 0.0065534562582226273, 0.0065397842368284127, 0.0065264334299750485, 0.006513401298163992, 0.0065006664175138599, 0.0064882133710007688, 0.0064760244634958003, 0.0064640920990073989, 0.0064524343431162125, 0.0064410249370264521, 0.0064298283537247364, 0.0064188694775270706, 0.0064081439495668312, 0.0063976346321237797, 0.0063873277527027412, 0.0063772392666943678, 0.0063673436787104075, 0.0063576826299488768, 0.0063482069697743454, 0.0063389284210798912, 0.0063298375667747951, 0.0063209293590214613]}
[2017-10-10 15:15:33,403 AE_UNIGRAMA_2L_UNDER_96_28_25_9.py:130]: evaluating model ... 
[2017-10-10 15:15:33,462 AE_UNIGRAMA_2L_UNDER_96_28_25_9.py:134]: evaluated! 
[2017-10-10 15:15:33,462 AE_UNIGRAMA_2L_UNDER_96_28_25_9.py:136]: generating reports ... 
[2017-10-10 15:15:33,879 AE_UNIGRAMA_2L_UNDER_96_28_25_9.py:139]: done!
[2017-10-10 15:15:33,879 AE_UNIGRAMA_2L_UNDER_96_28_25_9.py:155]: >> experiment AE_UNIGRAMA_2L_UNDER_96_28_25_9 finished!
[2017-10-10 15:32:35,728 AE_UNIGRAMA_2L_UNDER_96_28_25_9.py:144]: The experiment AE_UNIGRAMA_2L_UNDER_96_28_25_9 was already executed!
[2017-10-10 15:49:20,649 AE_UNIGRAMA_2L_UNDER_96_28_25_9.py:146]: >> Initializing execution of experiment AE_UNIGRAMA_2L_UNDER_96_28_25_9
[2017-10-10 15:49:20,651 AE_UNIGRAMA_2L_UNDER_96_28_25_9.py:147]: >> Printing header log
[2017-10-10 15:49:20,651 AE_UNIGRAMA_2L_UNDER_96_28_25_9.py:38]: 
	=======================================
	network_name = AE_UNIGRAMA_2L_UNDER_96_28_25_9
	layers = 96,28,25,9
	using GLOBAL obj = 
		{'executed_path': 'C:/Users/dhieg/research/research_msc/executed/2layers/unigram/', 'fullds_data_dir': 'C:/Users/dhieg/research/malware_dataset/malware_selected_1gram.pkl', 'batch': 32, 'shuffle_batches': True, 'store_history': True, 'autoencoder_configs': {'optimizer': <keras.optimizers.SGD object at 0x00000261A3E31588>, 'hidden_layer_activation': 'relu', 'discard_decoder_function': True, 'output_layer_activation': 'relu', 'loss_function': 'mse'}, 'tensorflow_dir': 'C:/Users/dhieg/research/research_msc/tensorflow/2layers/unigram/', 'log_format': '[%(asctime)s %(filename)s:%(lineno)s]: %(message)s', 'checkpoints_dir': 'C:/Users/dhieg/research/research_msc/checkpoints/2layers/unigram/', 'numpy_seed': 666, 'mlp_configs': {'use_last_dim_as_classifier': False, 'optimizer': <keras.optimizers.SGD object at 0x00000261A3E33400>, 'activation': 'sigmoid', 'classifier_dim': 9, 'loss_function': 'categorical_crossentropy'}, 'log_dir': 'C:/Users/dhieg/research/research_msc/logs/2layers/unigram/', 'reports_dir': 'C:/Users/dhieg/research/research_msc/reports/2layers/unigram/', 'data_target_list': [1, 2, 3, 4, 5, 6, 7, 8, 9], 'epochs': 200, 'fullds_reports_dir': 'C:/Users/dhieg/research/research_msc/reports/2layers/unigram/fullds/', 'data_dir': 'C:/Users/dhieg/research/malware_dataset/malware_selected_1gram_mini.pkl'}
	=======================================
	
[2017-10-10 15:49:20,651 AE_UNIGRAMA_2L_UNDER_96_28_25_9.py:149]: >> Loading dataset... 
[2017-10-10 15:49:20,666 AE_UNIGRAMA_2L_UNDER_96_28_25_9.py:54]: 
	=======================================
	loading malware dataset on = C:/Users/dhieg/research/malware_dataset/malware_selected_1gram_mini.pkl	
	trainx shape = (1627, 96)
	trainy shape = (1627, 9)
	valx shape = (1076, 96)
	valy shape = (1076, 9)
	=======================================
	
[2017-10-10 15:49:20,666 AE_UNIGRAMA_2L_UNDER_96_28_25_9.py:151]: >> Executing autoencoder part ... 
[2017-10-10 15:49:20,666 AE_UNIGRAMA_2L_UNDER_96_28_25_9.py:59]: =======================================
[2017-10-10 15:49:20,666 AE_UNIGRAMA_2L_UNDER_96_28_25_9.py:64]: setting configurations for autoencoder: 
	 {'optimizer': <keras.optimizers.SGD object at 0x00000261A3E31588>, 'hidden_layer_activation': 'relu', 'discard_decoder_function': True, 'output_layer_activation': 'relu', 'loss_function': 'mse'}
[2017-10-10 15:49:20,812 AE_UNIGRAMA_2L_UNDER_96_28_25_9.py:75]: training and evaluate autoencoder
[2017-10-10 15:49:23,459 summary.py:89]: Summary name enc0_28/kernel:0 is illegal; using enc0_28/kernel_0 instead.
[2017-10-10 15:49:23,461 summary.py:89]: Summary name enc0_28/bias:0 is illegal; using enc0_28/bias_0 instead.
[2017-10-10 15:49:23,465 summary.py:89]: Summary name enc1_25/kernel:0 is illegal; using enc1_25/kernel_0 instead.
[2017-10-10 15:49:23,466 summary.py:89]: Summary name enc1_25/bias:0 is illegal; using enc1_25/bias_0 instead.
[2017-10-10 15:49:23,469 summary.py:89]: Summary name enc2_9/kernel:0 is illegal; using enc2_9/kernel_0 instead.
[2017-10-10 15:49:23,471 summary.py:89]: Summary name enc2_9/bias:0 is illegal; using enc2_9/bias_0 instead.
[2017-10-10 15:49:23,473 summary.py:89]: Summary name dec0_25/kernel:0 is illegal; using dec0_25/kernel_0 instead.
[2017-10-10 15:49:23,475 summary.py:89]: Summary name dec0_25/bias:0 is illegal; using dec0_25/bias_0 instead.
[2017-10-10 15:49:23,478 summary.py:89]: Summary name dec1_28/kernel:0 is illegal; using dec1_28/kernel_0 instead.
[2017-10-10 15:49:23,482 summary.py:89]: Summary name dec1_28/bias:0 is illegal; using dec1_28/bias_0 instead.
[2017-10-10 15:49:23,485 summary.py:89]: Summary name dec2_96/kernel:0 is illegal; using dec2_96/kernel_0 instead.
[2017-10-10 15:49:23,487 summary.py:89]: Summary name dec2_96/bias:0 is illegal; using dec2_96/bias_0 instead.
[2017-10-10 15:50:08,823 AE_UNIGRAMA_2L_UNDER_96_28_25_9.py:86]: trained and evaluated!
[2017-10-10 15:50:08,823 AE_UNIGRAMA_2L_UNDER_96_28_25_9.py:89]: Training history: 
{'val_loss': [0.010198372623928196, 0.010089322034837367, 0.0099813720820727848, 0.0098747328671602505, 0.0097700748384885183, 0.009667244445546409, 0.009566650390071053, 0.0094690085717625775, 0.009374378546795438, 0.0092828171085358544, 0.0091941533783333005, 0.0091083688439877498, 0.0090251570207423443, 0.0089444862540160406, 0.0088662997989129404, 0.0087906084054575531, 0.0087172543581533601, 0.0086461577813753843, 0.0085772827447679403, 0.008510489643423309, 0.0084456596385036695, 0.0083825406601105486, 0.0083212073006040544, 0.0082615671270842, 0.0082036201430131517, 0.008147300837291439, 0.0080925872840236553, 0.0080394350861278836, 0.0079878313228017115, 0.0079376894381714361, 0.0078890301169460587, 0.0078417264846011615, 0.0077957771787745362, 0.0077510956799452186, 0.0077076591135843975, 0.0076653932837499337, 0.007624309842360507, 0.0075843333747916504, 0.0075454589526504834, 0.0075075756446856545, 0.0074707484946042631, 0.0074348633513408521, 0.007399947361736714, 0.0073659247874548889, 0.0073327959816362779, 0.0073004566967404243, 0.0072688701939959506, 0.00723803490331071, 0.0072079492372817263, 0.0071785776931307796, 0.0071498246129505253, 0.0071217460163131522, 0.0070943890284871523, 0.0070676792371450305, 0.0070416383673765843, 0.0070162309302522572, 0.0069914515542219566, 0.0069672835083699142, 0.006943735842797282, 0.0069207603606952833, 0.0068983602057103776, 0.0068765272365599091, 0.0068552325372359122, 0.0068344457220410769, 0.0068141834232194496, 0.0067944310044655122, 0.006775155962967629, 0.006756343622605375, 0.006737956803181247, 0.0067199980390005394, 0.0067024462749025191, 0.00668526730988327, 0.0066684194681231193, 0.0066519154730810331, 0.0066357578140541522, 0.0066199394870812564, 0.0066043822904944859, 0.0065890839531131395, 0.006574018453299778, 0.0065591755361195832, 0.0065445106331134375, 0.0065299905628852239, 0.0065157608714190114, 0.006501829028337308, 0.0064882232104757015, 0.0064749178376228836, 0.0064619138272527651, 0.0064492029549907135, 0.006436797752145498, 0.006424674892375682, 0.0064128087296888066, 0.0064011790779277293, 0.0063898229666857469, 0.0063787293360745151, 0.0063678839288956613, 0.006357288213107444, 0.0063469232039242204, 0.0063368106697128607, 0.0063269235276821375, 0.0063172616203035119, 0.0063078324050819118, 0.0062986099538583735], 'loss': [0.010242098356243944, 0.010142617443943947, 0.010033734078669592, 0.009926038656839397, 0.009819927303087294, 0.0097157328281398184, 0.0096135333892514389, 0.0095139215857743039, 0.0094172757327300165, 0.0093236637187832025, 0.0092330198184333474, 0.0091452457642694444, 0.0090602067497815904, 0.0089776762237414008, 0.0088976583905522634, 0.0088201196487596896, 0.008745023383705728, 0.0086721844304886494, 0.0086015935102277327, 0.0085331494333228241, 0.0084667314918964783, 0.0084021467178574567, 0.0083393099687457742, 0.0082782136863664233, 0.0082188123435276601, 0.0081610800314880112, 0.0081049367950309908, 0.0080503975645110654, 0.007997388324683696, 0.0079459436959057553, 0.0078959346078588104, 0.007847391562931327, 0.0078001779709618076, 0.0077543090565270929, 0.0077097022456025961, 0.007666313878793473, 0.0076240758001163249, 0.0075829963994881603, 0.0075430169217311389, 0.0075041143954619905, 0.0074661822566566803, 0.0074292978732065328, 0.007393336020577207, 0.007358333658021729, 0.0073241963043818095, 0.0072909357906596819, 0.0072584271793881662, 0.0072266665283308926, 0.007195656318915865, 0.0071653953576534899, 0.0071358046189326048, 0.0071068563307941732, 0.0070785999297523286, 0.0070510465725019946, 0.0070241420394119925, 0.0069979029835259615, 0.006972290137605244, 0.0069473083546017673, 0.0069229328706082059, 0.0068991789940604968, 0.0068759873927843919, 0.0068533799966503011, 0.0068313377321489984, 0.0068098317403014301, 0.0067888254213324889, 0.0067683402302926238, 0.0067483606303514847, 0.0067288575490184483, 0.0067098068755140645, 0.0066911798455943049, 0.0066729719500436911, 0.0066551631333715139, 0.0066377211559034959, 0.0066206143915964622, 0.0066038574791583791, 0.0065874521384163363, 0.0065713848128168403, 0.0065555645779150724, 0.0065399912943274749, 0.0065246648478568441, 0.0065095344762711085, 0.0064945590265035706, 0.0064797721913092401, 0.0064653034528606348, 0.0064511486863203403, 0.0064373231205583237, 0.0064238055961775538, 0.0064105919949234121, 0.0063976764498071288, 0.0063850629488584375, 0.0063727275435781286, 0.0063606483184062198, 0.0063488053271836603, 0.0063372434714503391, 0.0063259512934199531, 0.0063149051296569926, 0.0063041154840147119, 0.0062935522545103876, 0.0062832389039473441, 0.0062731605254402172, 0.0062633065378594486, 0.0062536797947041374]}
[2017-10-10 15:50:08,823 AE_UNIGRAMA_2L_UNDER_96_28_25_9.py:93]: done!
[2017-10-10 15:50:08,823 AE_UNIGRAMA_2L_UNDER_96_28_25_9.py:153]: >> Executing classifier part ... 
[2017-10-10 15:50:08,823 AE_UNIGRAMA_2L_UNDER_96_28_25_9.py:98]: =======================================
[2017-10-10 15:50:08,823 AE_UNIGRAMA_2L_UNDER_96_28_25_9.py:102]: setting configurations for classifier: 
	 {'use_last_dim_as_classifier': False, 'optimizer': <keras.optimizers.SGD object at 0x00000261A3E33400>, 'activation': 'sigmoid', 'classifier_dim': 9, 'loss_function': 'categorical_crossentropy'}
[2017-10-10 15:50:08,876 AE_UNIGRAMA_2L_UNDER_96_28_25_9.py:111]: training ... 
[2017-10-10 15:50:09,478 summary.py:89]: Summary name enc0_28/kernel:0 is illegal; using enc0_28/kernel_0 instead.
[2017-10-10 15:50:09,494 summary.py:89]: Summary name enc0_28/bias:0 is illegal; using enc0_28/bias_0 instead.
[2017-10-10 15:50:09,494 summary.py:89]: Summary name enc1_25/kernel:0 is illegal; using enc1_25/kernel_0 instead.
[2017-10-10 15:50:09,494 summary.py:89]: Summary name enc1_25/bias:0 is illegal; using enc1_25/bias_0 instead.
[2017-10-10 15:50:09,494 summary.py:89]: Summary name enc2_9/kernel:0 is illegal; using enc2_9/kernel_0 instead.
[2017-10-10 15:50:09,494 summary.py:89]: Summary name enc2_9/bias:0 is illegal; using enc2_9/bias_0 instead.
[2017-10-10 15:50:09,494 summary.py:89]: Summary name classifier/kernel:0 is illegal; using classifier/kernel_0 instead.
[2017-10-10 15:50:09,494 summary.py:89]: Summary name classifier/bias:0 is illegal; using classifier/bias_0 instead.
[2017-10-10 15:51:34,634 AE_UNIGRAMA_2L_UNDER_96_28_25_9.py:123]: trained!
[2017-10-10 15:51:34,634 AE_UNIGRAMA_2L_UNDER_96_28_25_9.py:126]: Training history: 
{'val_loss': [0.010198372623928196, 0.010089322034837367, 0.0099813720820727848, 0.0098747328671602505, 0.0097700748384885183, 0.009667244445546409, 0.009566650390071053, 0.0094690085717625775, 0.009374378546795438, 0.0092828171085358544, 0.0091941533783333005, 0.0091083688439877498, 0.0090251570207423443, 0.0089444862540160406, 0.0088662997989129404, 0.0087906084054575531, 0.0087172543581533601, 0.0086461577813753843, 0.0085772827447679403, 0.008510489643423309, 0.0084456596385036695, 0.0083825406601105486, 0.0083212073006040544, 0.0082615671270842, 0.0082036201430131517, 0.008147300837291439, 0.0080925872840236553, 0.0080394350861278836, 0.0079878313228017115, 0.0079376894381714361, 0.0078890301169460587, 0.0078417264846011615, 0.0077957771787745362, 0.0077510956799452186, 0.0077076591135843975, 0.0076653932837499337, 0.007624309842360507, 0.0075843333747916504, 0.0075454589526504834, 0.0075075756446856545, 0.0074707484946042631, 0.0074348633513408521, 0.007399947361736714, 0.0073659247874548889, 0.0073327959816362779, 0.0073004566967404243, 0.0072688701939959506, 0.00723803490331071, 0.0072079492372817263, 0.0071785776931307796, 0.0071498246129505253, 0.0071217460163131522, 0.0070943890284871523, 0.0070676792371450305, 0.0070416383673765843, 0.0070162309302522572, 0.0069914515542219566, 0.0069672835083699142, 0.006943735842797282, 0.0069207603606952833, 0.0068983602057103776, 0.0068765272365599091, 0.0068552325372359122, 0.0068344457220410769, 0.0068141834232194496, 0.0067944310044655122, 0.006775155962967629, 0.006756343622605375, 0.006737956803181247, 0.0067199980390005394, 0.0067024462749025191, 0.00668526730988327, 0.0066684194681231193, 0.0066519154730810331, 0.0066357578140541522, 0.0066199394870812564, 0.0066043822904944859, 0.0065890839531131395, 0.006574018453299778, 0.0065591755361195832, 0.0065445106331134375, 0.0065299905628852239, 0.0065157608714190114, 0.006501829028337308, 0.0064882232104757015, 0.0064749178376228836, 0.0064619138272527651, 0.0064492029549907135, 0.006436797752145498, 0.006424674892375682, 0.0064128087296888066, 0.0064011790779277293, 0.0063898229666857469, 0.0063787293360745151, 0.0063678839288956613, 0.006357288213107444, 0.0063469232039242204, 0.0063368106697128607, 0.0063269235276821375, 0.0063172616203035119, 0.0063078324050819118, 0.0062986099538583735], 'loss': [0.010242098356243944, 0.010142617443943947, 0.010033734078669592, 0.009926038656839397, 0.009819927303087294, 0.0097157328281398184, 0.0096135333892514389, 0.0095139215857743039, 0.0094172757327300165, 0.0093236637187832025, 0.0092330198184333474, 0.0091452457642694444, 0.0090602067497815904, 0.0089776762237414008, 0.0088976583905522634, 0.0088201196487596896, 0.008745023383705728, 0.0086721844304886494, 0.0086015935102277327, 0.0085331494333228241, 0.0084667314918964783, 0.0084021467178574567, 0.0083393099687457742, 0.0082782136863664233, 0.0082188123435276601, 0.0081610800314880112, 0.0081049367950309908, 0.0080503975645110654, 0.007997388324683696, 0.0079459436959057553, 0.0078959346078588104, 0.007847391562931327, 0.0078001779709618076, 0.0077543090565270929, 0.0077097022456025961, 0.007666313878793473, 0.0076240758001163249, 0.0075829963994881603, 0.0075430169217311389, 0.0075041143954619905, 0.0074661822566566803, 0.0074292978732065328, 0.007393336020577207, 0.007358333658021729, 0.0073241963043818095, 0.0072909357906596819, 0.0072584271793881662, 0.0072266665283308926, 0.007195656318915865, 0.0071653953576534899, 0.0071358046189326048, 0.0071068563307941732, 0.0070785999297523286, 0.0070510465725019946, 0.0070241420394119925, 0.0069979029835259615, 0.006972290137605244, 0.0069473083546017673, 0.0069229328706082059, 0.0068991789940604968, 0.0068759873927843919, 0.0068533799966503011, 0.0068313377321489984, 0.0068098317403014301, 0.0067888254213324889, 0.0067683402302926238, 0.0067483606303514847, 0.0067288575490184483, 0.0067098068755140645, 0.0066911798455943049, 0.0066729719500436911, 0.0066551631333715139, 0.0066377211559034959, 0.0066206143915964622, 0.0066038574791583791, 0.0065874521384163363, 0.0065713848128168403, 0.0065555645779150724, 0.0065399912943274749, 0.0065246648478568441, 0.0065095344762711085, 0.0064945590265035706, 0.0064797721913092401, 0.0064653034528606348, 0.0064511486863203403, 0.0064373231205583237, 0.0064238055961775538, 0.0064105919949234121, 0.0063976764498071288, 0.0063850629488584375, 0.0063727275435781286, 0.0063606483184062198, 0.0063488053271836603, 0.0063372434714503391, 0.0063259512934199531, 0.0063149051296569926, 0.0063041154840147119, 0.0062935522545103876, 0.0062832389039473441, 0.0062731605254402172, 0.0062633065378594486, 0.0062536797947041374]}
[2017-10-10 15:51:34,634 AE_UNIGRAMA_2L_UNDER_96_28_25_9.py:130]: evaluating model ... 
[2017-10-10 15:51:34,688 AE_UNIGRAMA_2L_UNDER_96_28_25_9.py:134]: evaluated! 
[2017-10-10 15:51:34,688 AE_UNIGRAMA_2L_UNDER_96_28_25_9.py:136]: generating reports ... 
[2017-10-10 15:51:35,135 AE_UNIGRAMA_2L_UNDER_96_28_25_9.py:139]: done!
[2017-10-10 15:51:35,135 AE_UNIGRAMA_2L_UNDER_96_28_25_9.py:155]: >> experiment AE_UNIGRAMA_2L_UNDER_96_28_25_9 finished!
