[2017-10-10 15:20:16,329 AE_UNIGRAMA_2L_UNDER_96_86_76_9.py:146]: >> Initializing execution of experiment AE_UNIGRAMA_2L_UNDER_96_86_76_9
[2017-10-10 15:20:16,329 AE_UNIGRAMA_2L_UNDER_96_86_76_9.py:147]: >> Printing header log
[2017-10-10 15:20:16,329 AE_UNIGRAMA_2L_UNDER_96_86_76_9.py:38]: 
	=======================================
	network_name = AE_UNIGRAMA_2L_UNDER_96_86_76_9
	layers = 96,86,76,9
	using GLOBAL obj = 
		{'epochs': 200, 'store_history': True, 'mlp_configs': {'loss_function': 'categorical_crossentropy', 'use_last_dim_as_classifier': False, 'activation': 'sigmoid', 'classifier_dim': 9, 'optimizer': <keras.optimizers.SGD object at 0x00000206282033C8>}, 'autoencoder_configs': {'output_layer_activation': 'relu', 'loss_function': 'mse', 'discard_decoder_function': True, 'hidden_layer_activation': 'relu', 'optimizer': <keras.optimizers.SGD object at 0x0000020628201550>}, 'batch': 32, 'tensorflow_dir': 'C:/Users/dhieg/research/research_msc/tensorflow/2layers/unigram/', 'data_target_list': [1, 2, 3, 4, 5, 6, 7, 8, 9], 'fullds_reports_dir': 'C:/Users/dhieg/research/research_msc/reports/2layers/unigram/fullds/', 'log_dir': 'C:/Users/dhieg/research/research_msc/logs/2layers/unigram/', 'executed_path': 'C:/Users/dhieg/research/research_msc/executed/2layers/unigram/', 'numpy_seed': 666, 'fullds_data_dir': 'C:/Users/dhieg/research/malware_dataset/malware_selected_1gram.pkl', 'checkpoints_dir': 'C:/Users/dhieg/research/research_msc/checkpoints/2layers/unigram/', 'reports_dir': 'C:/Users/dhieg/research/research_msc/reports/2layers/unigram/', 'data_dir': 'C:/Users/dhieg/research/malware_dataset/malware_selected_1gram_mini.pkl', 'shuffle_batches': True, 'log_format': '[%(asctime)s %(filename)s:%(lineno)s]: %(message)s'}
	=======================================
	
[2017-10-10 15:20:16,330 AE_UNIGRAMA_2L_UNDER_96_86_76_9.py:149]: >> Loading dataset... 
[2017-10-10 15:20:16,331 AE_UNIGRAMA_2L_UNDER_96_86_76_9.py:54]: 
	=======================================
	loading malware dataset on = C:/Users/dhieg/research/malware_dataset/malware_selected_1gram_mini.pkl	
	trainx shape = (1627, 96)
	trainy shape = (1627, 9)
	valx shape = (1076, 96)
	valy shape = (1076, 9)
	=======================================
	
[2017-10-10 15:20:16,331 AE_UNIGRAMA_2L_UNDER_96_86_76_9.py:151]: >> Executing autoencoder part ... 
[2017-10-10 15:20:16,331 AE_UNIGRAMA_2L_UNDER_96_86_76_9.py:59]: =======================================
[2017-10-10 15:20:16,331 AE_UNIGRAMA_2L_UNDER_96_86_76_9.py:64]: setting configurations for autoencoder: 
	 {'output_layer_activation': 'relu', 'loss_function': 'mse', 'discard_decoder_function': True, 'hidden_layer_activation': 'relu', 'optimizer': <keras.optimizers.SGD object at 0x0000020628201550>}
[2017-10-10 15:20:16,428 AE_UNIGRAMA_2L_UNDER_96_86_76_9.py:75]: training and evaluate autoencoder
[2017-10-10 15:20:18,096 summary.py:89]: Summary name enc0_86/kernel:0 is illegal; using enc0_86/kernel_0 instead.
[2017-10-10 15:20:18,096 summary.py:89]: Summary name enc0_86/bias:0 is illegal; using enc0_86/bias_0 instead.
[2017-10-10 15:20:18,096 summary.py:89]: Summary name enc1_76/kernel:0 is illegal; using enc1_76/kernel_0 instead.
[2017-10-10 15:20:18,096 summary.py:89]: Summary name enc1_76/bias:0 is illegal; using enc1_76/bias_0 instead.
[2017-10-10 15:20:18,096 summary.py:89]: Summary name enc2_9/kernel:0 is illegal; using enc2_9/kernel_0 instead.
[2017-10-10 15:20:18,096 summary.py:89]: Summary name enc2_9/bias:0 is illegal; using enc2_9/bias_0 instead.
[2017-10-10 15:20:18,096 summary.py:89]: Summary name dec0_76/kernel:0 is illegal; using dec0_76/kernel_0 instead.
[2017-10-10 15:20:18,112 summary.py:89]: Summary name dec0_76/bias:0 is illegal; using dec0_76/bias_0 instead.
[2017-10-10 15:20:18,112 summary.py:89]: Summary name dec1_86/kernel:0 is illegal; using dec1_86/kernel_0 instead.
[2017-10-10 15:20:18,112 summary.py:89]: Summary name dec1_86/bias:0 is illegal; using dec1_86/bias_0 instead.
[2017-10-10 15:20:18,112 summary.py:89]: Summary name dec2_96/kernel:0 is illegal; using dec2_96/kernel_0 instead.
[2017-10-10 15:20:18,112 summary.py:89]: Summary name dec2_96/bias:0 is illegal; using dec2_96/bias_0 instead.
[2017-10-10 15:21:01,573 AE_UNIGRAMA_2L_UNDER_96_86_76_9.py:86]: trained and evaluated!
[2017-10-10 15:21:01,573 AE_UNIGRAMA_2L_UNDER_96_86_76_9.py:89]: Training history: 
{'loss': [0.0099360211623561265, 0.0098011971736978228, 0.0096605441978941976, 0.0095175719552644204, 0.0093739939259380092, 0.0092315494415442425, 0.009090676944366282, 0.0089531861573054743, 0.0088206769253992203, 0.0086934483691949241, 0.0085713686324202648, 0.0084543787315029921, 0.0083422173093947154, 0.0082346734927982081, 0.0081316561391777467, 0.0080328859238855011, 0.0079381706304138405, 0.0078473497836403523, 0.0077601715406607867, 0.0076764807134830082, 0.0075959909447430463, 0.0075184622517321543, 0.0074438588377763763, 0.0073721137672855064, 0.0073030986219241563, 0.0072367007191022192, 0.0071729173870630145, 0.0071116961460370521, 0.0070528719684689522, 0.006996427346696389, 0.0069421578794557513, 0.0068900065557240117, 0.0068399619374632575, 0.0067919377785933916, 0.0067458640722204153, 0.0067016038552531083, 0.0066590888326107248, 0.0066182198067045164, 0.0065789859685829316, 0.0065412258047589916, 0.0065049038373950476, 0.0064699036603279468, 0.0064362710760820473, 0.0064038759997296565, 0.006372664807525766, 0.0063426274944785995, 0.0063136652055910264, 0.006285725388396589, 0.0062587786673098233, 0.0062327990296955627, 0.0062077277510002781, 0.0061835099501648637, 0.0061600952779561667, 0.0061374903397809783, 0.0061156798246274824, 0.0060945753066513749, 0.0060741409336542455, 0.0060543426121891317, 0.0060351940396241267, 0.0060166057775091304, 0.0059985965438823646, 0.0059811476825266507, 0.0059642041518198942, 0.005947720008423139, 0.0059317079448263079, 0.0059161642640737496, 0.0059010731714612217, 0.0058863954567055649, 0.005872166032096361, 0.0058583935917902921, 0.0058450714061660638, 0.0058321636290356435, 0.0058196563168915966, 0.0058075607108603652, 0.0057958495799170437, 0.0057845070031394275, 0.0057735351946367466, 0.0057629143759681542, 0.0057526263265258596, 0.0057426683877187783, 0.0057330058490343448, 0.005723621679633654, 0.0057145206709337988, 0.0057056839560681166, 0.005697109893630657, 0.0056887664752036391, 0.0056806693675560899, 0.0056728121916721696, 0.005665146462967334, 0.0056577021400338314, 0.0056504514091261782, 0.0056433891247873224, 0.0056365204456399094, 0.0056298210760137753, 0.0056233070682008427, 0.005616959687276585, 0.0056107501649900532, 0.0056047018070160869, 0.0055987886493749682, 0.0055929915029292246, 0.0055873104549724589, 0.005581747119720812], 'val_loss': [0.0098755778987168388, 0.0097373012924172175, 0.0095968207268245162, 0.009454020994912736, 0.0093119031399987, 0.0091713563293274007, 0.0090327360753842453, 0.0088987260170585603, 0.0087698782105206565, 0.0086461176133288773, 0.0085275316867132606, 0.0084138169856984371, 0.0083048180746240017, 0.0082004234596366778, 0.0081003632926170931, 0.0080044835193089619, 0.0079125496316493436, 0.0078243260119511965, 0.0077396575188381968, 0.0076583426075270853, 0.0075800675002089439, 0.0075047313924671106, 0.007432281219687825, 0.0073626885280622424, 0.0072956784250955602, 0.0072313279855206998, 0.007169558493538195, 0.0071101984369211927, 0.0070533021664780093, 0.0069986272492484087, 0.0069460935066679155, 0.0068957033258997815, 0.00684736484530136, 0.0068010187995201149, 0.0067565269806321888, 0.0067138243466615677, 0.0066727913126737211, 0.0066334072562786285, 0.0065955392805146238, 0.0065591177162212288, 0.00652405249515763, 0.0064903355020074155, 0.006457889871498688, 0.0064266196739440956, 0.0063965302947423938, 0.006367527294668566, 0.0063395680804290292, 0.0063126256194339586, 0.0062866422666243687, 0.0062615756727893556, 0.0062373648414935324, 0.0062139857435758233, 0.0061914004527420137, 0.0061696243150415921, 0.0061485569847948493, 0.0061281652338664328, 0.0061084132842359491, 0.0060893106810942458, 0.0060707765586369544, 0.0060528046330333195, 0.0060354038089735357, 0.0060185511184503151, 0.0060021589825199886, 0.0059862301916881119, 0.0059707801041217539, 0.0059557819018853644, 0.0059411936252616818, 0.0059270279925164237, 0.0059133036335632478, 0.005900028563315762, 0.0058871901050542366, 0.005874727000949773, 0.0058626799989616339, 0.0058510120089086239, 0.005839725984018088, 0.0058287869685339881, 0.0058182067926765375, 0.0058079631549053474, 0.0057980495965502966, 0.0057884343799383666, 0.0057790976841708983, 0.0057700369126236131, 0.0057612480249491322, 0.0057527208977749354, 0.0057444289416684093, 0.0057363745489860552, 0.0057285476032796845, 0.0057209395114540167, 0.0057135349309217313, 0.005706338907789342, 0.0056993271740063411, 0.0056925047618305814, 0.0056858556050821086, 0.0056793791515454923, 0.0056730775668053825, 0.0056669160768694372, 0.005660907957412053, 0.0056550448040259818, 0.0056492964595168497, 0.0056436628529102605, 0.0056381304090544855, 0.0056326859405603554]}
[2017-10-10 15:21:01,573 AE_UNIGRAMA_2L_UNDER_96_86_76_9.py:93]: done!
[2017-10-10 15:21:01,573 AE_UNIGRAMA_2L_UNDER_96_86_76_9.py:153]: >> Executing classifier part ... 
[2017-10-10 15:21:01,573 AE_UNIGRAMA_2L_UNDER_96_86_76_9.py:98]: =======================================
[2017-10-10 15:21:01,573 AE_UNIGRAMA_2L_UNDER_96_86_76_9.py:102]: setting configurations for classifier: 
	 {'loss_function': 'categorical_crossentropy', 'use_last_dim_as_classifier': False, 'activation': 'sigmoid', 'classifier_dim': 9, 'optimizer': <keras.optimizers.SGD object at 0x00000206282033C8>}
[2017-10-10 15:21:01,620 AE_UNIGRAMA_2L_UNDER_96_86_76_9.py:111]: training ... 
[2017-10-10 15:21:02,005 summary.py:89]: Summary name enc0_86/kernel:0 is illegal; using enc0_86/kernel_0 instead.
[2017-10-10 15:21:02,005 summary.py:89]: Summary name enc0_86/bias:0 is illegal; using enc0_86/bias_0 instead.
[2017-10-10 15:21:02,005 summary.py:89]: Summary name enc1_76/kernel:0 is illegal; using enc1_76/kernel_0 instead.
[2017-10-10 15:21:02,005 summary.py:89]: Summary name enc1_76/bias:0 is illegal; using enc1_76/bias_0 instead.
[2017-10-10 15:21:02,021 summary.py:89]: Summary name enc2_9/kernel:0 is illegal; using enc2_9/kernel_0 instead.
[2017-10-10 15:21:02,021 summary.py:89]: Summary name enc2_9/bias:0 is illegal; using enc2_9/bias_0 instead.
[2017-10-10 15:21:02,021 summary.py:89]: Summary name classifier/kernel:0 is illegal; using classifier/kernel_0 instead.
[2017-10-10 15:21:02,021 summary.py:89]: Summary name classifier/bias:0 is illegal; using classifier/bias_0 instead.
[2017-10-10 15:22:23,753 AE_UNIGRAMA_2L_UNDER_96_86_76_9.py:123]: trained!
[2017-10-10 15:22:23,753 AE_UNIGRAMA_2L_UNDER_96_86_76_9.py:126]: Training history: 
{'loss': [0.0099360211623561265, 0.0098011971736978228, 0.0096605441978941976, 0.0095175719552644204, 0.0093739939259380092, 0.0092315494415442425, 0.009090676944366282, 0.0089531861573054743, 0.0088206769253992203, 0.0086934483691949241, 0.0085713686324202648, 0.0084543787315029921, 0.0083422173093947154, 0.0082346734927982081, 0.0081316561391777467, 0.0080328859238855011, 0.0079381706304138405, 0.0078473497836403523, 0.0077601715406607867, 0.0076764807134830082, 0.0075959909447430463, 0.0075184622517321543, 0.0074438588377763763, 0.0073721137672855064, 0.0073030986219241563, 0.0072367007191022192, 0.0071729173870630145, 0.0071116961460370521, 0.0070528719684689522, 0.006996427346696389, 0.0069421578794557513, 0.0068900065557240117, 0.0068399619374632575, 0.0067919377785933916, 0.0067458640722204153, 0.0067016038552531083, 0.0066590888326107248, 0.0066182198067045164, 0.0065789859685829316, 0.0065412258047589916, 0.0065049038373950476, 0.0064699036603279468, 0.0064362710760820473, 0.0064038759997296565, 0.006372664807525766, 0.0063426274944785995, 0.0063136652055910264, 0.006285725388396589, 0.0062587786673098233, 0.0062327990296955627, 0.0062077277510002781, 0.0061835099501648637, 0.0061600952779561667, 0.0061374903397809783, 0.0061156798246274824, 0.0060945753066513749, 0.0060741409336542455, 0.0060543426121891317, 0.0060351940396241267, 0.0060166057775091304, 0.0059985965438823646, 0.0059811476825266507, 0.0059642041518198942, 0.005947720008423139, 0.0059317079448263079, 0.0059161642640737496, 0.0059010731714612217, 0.0058863954567055649, 0.005872166032096361, 0.0058583935917902921, 0.0058450714061660638, 0.0058321636290356435, 0.0058196563168915966, 0.0058075607108603652, 0.0057958495799170437, 0.0057845070031394275, 0.0057735351946367466, 0.0057629143759681542, 0.0057526263265258596, 0.0057426683877187783, 0.0057330058490343448, 0.005723621679633654, 0.0057145206709337988, 0.0057056839560681166, 0.005697109893630657, 0.0056887664752036391, 0.0056806693675560899, 0.0056728121916721696, 0.005665146462967334, 0.0056577021400338314, 0.0056504514091261782, 0.0056433891247873224, 0.0056365204456399094, 0.0056298210760137753, 0.0056233070682008427, 0.005616959687276585, 0.0056107501649900532, 0.0056047018070160869, 0.0055987886493749682, 0.0055929915029292246, 0.0055873104549724589, 0.005581747119720812], 'val_loss': [0.0098755778987168388, 0.0097373012924172175, 0.0095968207268245162, 0.009454020994912736, 0.0093119031399987, 0.0091713563293274007, 0.0090327360753842453, 0.0088987260170585603, 0.0087698782105206565, 0.0086461176133288773, 0.0085275316867132606, 0.0084138169856984371, 0.0083048180746240017, 0.0082004234596366778, 0.0081003632926170931, 0.0080044835193089619, 0.0079125496316493436, 0.0078243260119511965, 0.0077396575188381968, 0.0076583426075270853, 0.0075800675002089439, 0.0075047313924671106, 0.007432281219687825, 0.0073626885280622424, 0.0072956784250955602, 0.0072313279855206998, 0.007169558493538195, 0.0071101984369211927, 0.0070533021664780093, 0.0069986272492484087, 0.0069460935066679155, 0.0068957033258997815, 0.00684736484530136, 0.0068010187995201149, 0.0067565269806321888, 0.0067138243466615677, 0.0066727913126737211, 0.0066334072562786285, 0.0065955392805146238, 0.0065591177162212288, 0.00652405249515763, 0.0064903355020074155, 0.006457889871498688, 0.0064266196739440956, 0.0063965302947423938, 0.006367527294668566, 0.0063395680804290292, 0.0063126256194339586, 0.0062866422666243687, 0.0062615756727893556, 0.0062373648414935324, 0.0062139857435758233, 0.0061914004527420137, 0.0061696243150415921, 0.0061485569847948493, 0.0061281652338664328, 0.0061084132842359491, 0.0060893106810942458, 0.0060707765586369544, 0.0060528046330333195, 0.0060354038089735357, 0.0060185511184503151, 0.0060021589825199886, 0.0059862301916881119, 0.0059707801041217539, 0.0059557819018853644, 0.0059411936252616818, 0.0059270279925164237, 0.0059133036335632478, 0.005900028563315762, 0.0058871901050542366, 0.005874727000949773, 0.0058626799989616339, 0.0058510120089086239, 0.005839725984018088, 0.0058287869685339881, 0.0058182067926765375, 0.0058079631549053474, 0.0057980495965502966, 0.0057884343799383666, 0.0057790976841708983, 0.0057700369126236131, 0.0057612480249491322, 0.0057527208977749354, 0.0057444289416684093, 0.0057363745489860552, 0.0057285476032796845, 0.0057209395114540167, 0.0057135349309217313, 0.005706338907789342, 0.0056993271740063411, 0.0056925047618305814, 0.0056858556050821086, 0.0056793791515454923, 0.0056730775668053825, 0.0056669160768694372, 0.005660907957412053, 0.0056550448040259818, 0.0056492964595168497, 0.0056436628529102605, 0.0056381304090544855, 0.0056326859405603554]}
[2017-10-10 15:22:23,753 AE_UNIGRAMA_2L_UNDER_96_86_76_9.py:130]: evaluating model ... 
[2017-10-10 15:22:23,800 AE_UNIGRAMA_2L_UNDER_96_86_76_9.py:134]: evaluated! 
[2017-10-10 15:22:23,800 AE_UNIGRAMA_2L_UNDER_96_86_76_9.py:136]: generating reports ... 
[2017-10-10 15:22:24,170 AE_UNIGRAMA_2L_UNDER_96_86_76_9.py:139]: done!
[2017-10-10 15:22:24,170 AE_UNIGRAMA_2L_UNDER_96_86_76_9.py:155]: >> experiment AE_UNIGRAMA_2L_UNDER_96_86_76_9 finished!
[2017-10-10 15:32:44,704 AE_UNIGRAMA_2L_UNDER_96_86_76_9.py:144]: The experiment AE_UNIGRAMA_2L_UNDER_96_86_76_9 was already executed!
