[2017-10-10 15:26:46,979 AE_UNIGRAMA_2L_OVER_96_134_124_9.py:146]: >> Initializing execution of experiment AE_UNIGRAMA_2L_OVER_96_134_124_9
[2017-10-10 15:26:46,979 AE_UNIGRAMA_2L_OVER_96_134_124_9.py:147]: >> Printing header log
[2017-10-10 15:26:46,979 AE_UNIGRAMA_2L_OVER_96_134_124_9.py:38]: 
	=======================================
	network_name = AE_UNIGRAMA_2L_OVER_96_134_124_9
	layers = 96,134,124,9
	using GLOBAL obj = 
		{'epochs': 200, 'checkpoints_dir': 'C:/Users/dhieg/research/research_msc/checkpoints/2layers/unigram/', 'log_dir': 'C:/Users/dhieg/research/research_msc/logs/2layers/unigram/', 'reports_dir': 'C:/Users/dhieg/research/research_msc/reports/2layers/unigram/', 'shuffle_batches': True, 'executed_path': 'C:/Users/dhieg/research/research_msc/executed/2layers/unigram/', 'autoencoder_configs': {'hidden_layer_activation': 'relu', 'output_layer_activation': 'relu', 'loss_function': 'mse', 'discard_decoder_function': True, 'optimizer': <keras.optimizers.SGD object at 0x00000285B7C3F908>}, 'fullds_reports_dir': 'C:/Users/dhieg/research/research_msc/reports/2layers/unigram/fullds/', 'batch': 32, 'data_target_list': [1, 2, 3, 4, 5, 6, 7, 8, 9], 'tensorflow_dir': 'C:/Users/dhieg/research/research_msc/tensorflow/2layers/unigram/', 'store_history': True, 'log_format': '[%(asctime)s %(filename)s:%(lineno)s]: %(message)s', 'numpy_seed': 666, 'mlp_configs': {'use_last_dim_as_classifier': False, 'loss_function': 'categorical_crossentropy', 'activation': 'sigmoid', 'classifier_dim': 9, 'optimizer': <keras.optimizers.SGD object at 0x00000285B7C46748>}, 'data_dir': 'C:/Users/dhieg/research/malware_dataset/malware_selected_1gram_mini.pkl', 'fullds_data_dir': 'C:/Users/dhieg/research/malware_dataset/malware_selected_1gram.pkl'}
	=======================================
	
[2017-10-10 15:26:46,979 AE_UNIGRAMA_2L_OVER_96_134_124_9.py:149]: >> Loading dataset... 
[2017-10-10 15:26:46,979 AE_UNIGRAMA_2L_OVER_96_134_124_9.py:54]: 
	=======================================
	loading malware dataset on = C:/Users/dhieg/research/malware_dataset/malware_selected_1gram_mini.pkl	
	trainx shape = (1627, 96)
	trainy shape = (1627, 9)
	valx shape = (1076, 96)
	valy shape = (1076, 9)
	=======================================
	
[2017-10-10 15:26:46,979 AE_UNIGRAMA_2L_OVER_96_134_124_9.py:151]: >> Executing autoencoder part ... 
[2017-10-10 15:26:46,979 AE_UNIGRAMA_2L_OVER_96_134_124_9.py:59]: =======================================
[2017-10-10 15:26:46,979 AE_UNIGRAMA_2L_OVER_96_134_124_9.py:64]: setting configurations for autoencoder: 
	 {'hidden_layer_activation': 'relu', 'output_layer_activation': 'relu', 'loss_function': 'mse', 'discard_decoder_function': True, 'optimizer': <keras.optimizers.SGD object at 0x00000285B7C3F908>}
[2017-10-10 15:26:47,079 AE_UNIGRAMA_2L_OVER_96_134_124_9.py:75]: training and evaluate autoencoder
[2017-10-10 15:26:49,353 summary.py:89]: Summary name enc0_134/kernel:0 is illegal; using enc0_134/kernel_0 instead.
[2017-10-10 15:26:49,353 summary.py:89]: Summary name enc0_134/bias:0 is illegal; using enc0_134/bias_0 instead.
[2017-10-10 15:26:49,353 summary.py:89]: Summary name enc1_124/kernel:0 is illegal; using enc1_124/kernel_0 instead.
[2017-10-10 15:26:49,369 summary.py:89]: Summary name enc1_124/bias:0 is illegal; using enc1_124/bias_0 instead.
[2017-10-10 15:26:49,369 summary.py:89]: Summary name enc2_9/kernel:0 is illegal; using enc2_9/kernel_0 instead.
[2017-10-10 15:26:49,369 summary.py:89]: Summary name enc2_9/bias:0 is illegal; using enc2_9/bias_0 instead.
[2017-10-10 15:26:49,369 summary.py:89]: Summary name dec0_124/kernel:0 is illegal; using dec0_124/kernel_0 instead.
[2017-10-10 15:26:49,369 summary.py:89]: Summary name dec0_124/bias:0 is illegal; using dec0_124/bias_0 instead.
[2017-10-10 15:26:49,369 summary.py:89]: Summary name dec1_134/kernel:0 is illegal; using dec1_134/kernel_0 instead.
[2017-10-10 15:26:49,385 summary.py:89]: Summary name dec1_134/bias:0 is illegal; using dec1_134/bias_0 instead.
[2017-10-10 15:26:49,385 summary.py:89]: Summary name dec2_96/kernel:0 is illegal; using dec2_96/kernel_0 instead.
[2017-10-10 15:26:49,385 summary.py:89]: Summary name dec2_96/bias:0 is illegal; using dec2_96/bias_0 instead.
[2017-10-10 15:27:34,966 AE_UNIGRAMA_2L_OVER_96_134_124_9.py:86]: trained and evaluated!
[2017-10-10 15:27:34,966 AE_UNIGRAMA_2L_OVER_96_134_124_9.py:89]: Training history: 
{'val_loss': [0.00997460692026912, 0.0099302090559030103, 0.0098877377967353641, 0.0098473285446047335, 0.0098088202845706823, 0.0097722340077438762, 0.0097373895153237099, 0.0097042713141186534, 0.0096727722293271454, 0.009642838469280629, 0.009614369201865116, 0.0095872083630371262, 0.00956123200380226, 0.0095363259661707285, 0.0095122566301250981, 0.0094887974315416412, 0.0094659842107597345, 0.0094441395585310953, 0.0094232595002894954, 0.0094031874630530962, 0.0093835895140153332, 0.009361638185536994, 0.0093246552968556991, 0.0092297081444343218, 0.0091131650409955519, 0.0090009365507771975, 0.0088931664402101557, 0.0087894201451794805, 0.0086894521185068834, 0.0085929938588554539, 0.0085002012606225485, 0.008411198231256585, 0.0083259250189707396, 0.0082442495542609552, 0.0081659018003198292, 0.0080906775932357428, 0.0080185050463310852, 0.0079492986268021142, 0.0078826305892692409, 0.0078183157044050856, 0.0077564900318596889, 0.0076970024636797748, 0.0076398012854962099, 0.0075848608495854538, 0.0075320297658277267, 0.0074811476874805738, 0.0074321594968659727, 0.007385002215458669, 0.0073395307802467096, 0.0072955576405206134, 0.007253114668977859, 0.0072122004201642647, 0.0071727360865329725, 0.00713476831730469, 0.0070982169235284448, 0.0070630522361752272, 0.0070291748945514728, 0.0069965451928097966, 0.0069651310695646867, 0.0069348687776901018, 0.0069057030160132394, 0.0068775664021340664, 0.0068502937578578862, 0.0068238284802375898, 0.0067981936636495105, 0.0067733728506889704, 0.0067493207631528817, 0.0067261170949025227, 0.0067037464704599965, 0.0066821264123827998, 0.0066612658322854554, 0.0066411280900683101, 0.0066216361386957669, 0.0066028093109011211, 0.0065846294458941678, 0.0065670545718400676, 0.0065500689756997675, 0.0065336108526221886, 0.0065177400201752948, 0.0065024212508230407, 0.0064876260422862594, 0.0064732796100546433, 0.0064594124177242297, 0.0064460056640041584, 0.0064330282326801559, 0.0064204696160793081, 0.0064083009466639682, 0.0063964810800568985, 0.0063850337061269356, 0.0063739563840472567, 0.0063632180910820632, 0.0063527772847050629, 0.0063426611307994584, 0.0063328438743145716, 0.0063232921399730066, 0.0063140194232966821, 0.0063049907823782203, 0.0062962108184358443, 0.0062876477782167909, 0.0062793340208528213, 0.0062712536723141775, 0.0062633830929334283], 'loss': [0.010000488399708279, 0.0099563976805874671, 0.0099138145752310676, 0.0098731446279683357, 0.0098344932213544692, 0.0097976945954264486, 0.0097627953741271298, 0.0097295474512908969, 0.0096979708895636764, 0.009667946681146726, 0.0096394100410207764, 0.0096122316767695715, 0.0095862896738604826, 0.0095614197108145858, 0.0095374835901232535, 0.009514302251712816, 0.0094917044364094521, 0.0094699338570777523, 0.0094490947417076847, 0.0094291496513607166, 0.0094099027890604415, 0.009390254291467089, 0.0093624923199635019, 0.0093022044977034684, 0.0091882290601382321, 0.0090728567119804562, 0.0089619937378594902, 0.0088553321172873088, 0.0087525966722053396, 0.0086535263111667173, 0.0085580048815890476, 0.0084662372263557134, 0.008378311727807319, 0.0082940100426038641, 0.0082132662723748764, 0.0081357578898664986, 0.0080613652055312613, 0.0079899673844151288, 0.0079213768591819261, 0.0078551866750667335, 0.00779144223447438, 0.0077301474996758299, 0.0076711595089351686, 0.0076144541869628043, 0.0075599442676314195, 0.007507478496312784, 0.0074569145309124609, 0.0074082119848302118, 0.0073612707603514455, 0.0073159924303607916, 0.0072721720921572874, 0.0072298760725655799, 0.0071890958628921184, 0.0071497524552706681, 0.0071118898081839925, 0.0070754481693037132, 0.0070403513582177188, 0.007006504897488431, 0.0069738781628025477, 0.0069424310145577957, 0.0069121245407003087, 0.0068828638038553923, 0.0068545943144972185, 0.0068271355048055548, 0.0068005248686709725, 0.0067747348945842029, 0.0067497645267219578, 0.006725600366517856, 0.0067022745225626627, 0.0066797928936142975, 0.0066580578098651743, 0.0066370818810909532, 0.0066168049800300714, 0.0065971916683416612, 0.0065782251132431207, 0.0065599232359681127, 0.0065422122968909159, 0.0065250941377634564, 0.0065084867724334817, 0.0064924793276699977, 0.0064770093942707902, 0.0064620694961827008, 0.0064475743212240857, 0.0064335490256941753, 0.0064199695932623353, 0.0064068255675859293, 0.0063940981124226085, 0.0063817529746210497, 0.0063697432128331302, 0.0063581169407171349, 0.0063468530315038026, 0.0063359360539737329, 0.0063253094567548079, 0.0063150022631097806, 0.0063049881289739991, 0.0062952437366518644, 0.0062857647171700812, 0.0062765387629892064, 0.0062675508939544888, 0.0062587853571481333, 0.0062502687419155071, 0.0062419931732287564]}
[2017-10-10 15:27:34,966 AE_UNIGRAMA_2L_OVER_96_134_124_9.py:93]: done!
[2017-10-10 15:27:34,966 AE_UNIGRAMA_2L_OVER_96_134_124_9.py:153]: >> Executing classifier part ... 
[2017-10-10 15:27:34,966 AE_UNIGRAMA_2L_OVER_96_134_124_9.py:98]: =======================================
[2017-10-10 15:27:34,966 AE_UNIGRAMA_2L_OVER_96_134_124_9.py:102]: setting configurations for classifier: 
	 {'use_last_dim_as_classifier': False, 'loss_function': 'categorical_crossentropy', 'activation': 'sigmoid', 'classifier_dim': 9, 'optimizer': <keras.optimizers.SGD object at 0x00000285B7C46748>}
[2017-10-10 15:27:35,003 AE_UNIGRAMA_2L_OVER_96_134_124_9.py:111]: training ... 
[2017-10-10 15:27:35,403 summary.py:89]: Summary name enc0_134/kernel:0 is illegal; using enc0_134/kernel_0 instead.
[2017-10-10 15:27:35,403 summary.py:89]: Summary name enc0_134/bias:0 is illegal; using enc0_134/bias_0 instead.
[2017-10-10 15:27:35,403 summary.py:89]: Summary name enc1_124/kernel:0 is illegal; using enc1_124/kernel_0 instead.
[2017-10-10 15:27:35,403 summary.py:89]: Summary name enc1_124/bias:0 is illegal; using enc1_124/bias_0 instead.
[2017-10-10 15:27:35,403 summary.py:89]: Summary name enc2_9/kernel:0 is illegal; using enc2_9/kernel_0 instead.
[2017-10-10 15:27:35,419 summary.py:89]: Summary name enc2_9/bias:0 is illegal; using enc2_9/bias_0 instead.
[2017-10-10 15:27:35,419 summary.py:89]: Summary name classifier/kernel:0 is illegal; using classifier/kernel_0 instead.
[2017-10-10 15:27:35,419 summary.py:89]: Summary name classifier/bias:0 is illegal; using classifier/bias_0 instead.
[2017-10-10 15:28:58,694 AE_UNIGRAMA_2L_OVER_96_134_124_9.py:123]: trained!
[2017-10-10 15:28:58,694 AE_UNIGRAMA_2L_OVER_96_134_124_9.py:126]: Training history: 
{'val_loss': [0.00997460692026912, 0.0099302090559030103, 0.0098877377967353641, 0.0098473285446047335, 0.0098088202845706823, 0.0097722340077438762, 0.0097373895153237099, 0.0097042713141186534, 0.0096727722293271454, 0.009642838469280629, 0.009614369201865116, 0.0095872083630371262, 0.00956123200380226, 0.0095363259661707285, 0.0095122566301250981, 0.0094887974315416412, 0.0094659842107597345, 0.0094441395585310953, 0.0094232595002894954, 0.0094031874630530962, 0.0093835895140153332, 0.009361638185536994, 0.0093246552968556991, 0.0092297081444343218, 0.0091131650409955519, 0.0090009365507771975, 0.0088931664402101557, 0.0087894201451794805, 0.0086894521185068834, 0.0085929938588554539, 0.0085002012606225485, 0.008411198231256585, 0.0083259250189707396, 0.0082442495542609552, 0.0081659018003198292, 0.0080906775932357428, 0.0080185050463310852, 0.0079492986268021142, 0.0078826305892692409, 0.0078183157044050856, 0.0077564900318596889, 0.0076970024636797748, 0.0076398012854962099, 0.0075848608495854538, 0.0075320297658277267, 0.0074811476874805738, 0.0074321594968659727, 0.007385002215458669, 0.0073395307802467096, 0.0072955576405206134, 0.007253114668977859, 0.0072122004201642647, 0.0071727360865329725, 0.00713476831730469, 0.0070982169235284448, 0.0070630522361752272, 0.0070291748945514728, 0.0069965451928097966, 0.0069651310695646867, 0.0069348687776901018, 0.0069057030160132394, 0.0068775664021340664, 0.0068502937578578862, 0.0068238284802375898, 0.0067981936636495105, 0.0067733728506889704, 0.0067493207631528817, 0.0067261170949025227, 0.0067037464704599965, 0.0066821264123827998, 0.0066612658322854554, 0.0066411280900683101, 0.0066216361386957669, 0.0066028093109011211, 0.0065846294458941678, 0.0065670545718400676, 0.0065500689756997675, 0.0065336108526221886, 0.0065177400201752948, 0.0065024212508230407, 0.0064876260422862594, 0.0064732796100546433, 0.0064594124177242297, 0.0064460056640041584, 0.0064330282326801559, 0.0064204696160793081, 0.0064083009466639682, 0.0063964810800568985, 0.0063850337061269356, 0.0063739563840472567, 0.0063632180910820632, 0.0063527772847050629, 0.0063426611307994584, 0.0063328438743145716, 0.0063232921399730066, 0.0063140194232966821, 0.0063049907823782203, 0.0062962108184358443, 0.0062876477782167909, 0.0062793340208528213, 0.0062712536723141775, 0.0062633830929334283], 'loss': [0.010000488399708279, 0.0099563976805874671, 0.0099138145752310676, 0.0098731446279683357, 0.0098344932213544692, 0.0097976945954264486, 0.0097627953741271298, 0.0097295474512908969, 0.0096979708895636764, 0.009667946681146726, 0.0096394100410207764, 0.0096122316767695715, 0.0095862896738604826, 0.0095614197108145858, 0.0095374835901232535, 0.009514302251712816, 0.0094917044364094521, 0.0094699338570777523, 0.0094490947417076847, 0.0094291496513607166, 0.0094099027890604415, 0.009390254291467089, 0.0093624923199635019, 0.0093022044977034684, 0.0091882290601382321, 0.0090728567119804562, 0.0089619937378594902, 0.0088553321172873088, 0.0087525966722053396, 0.0086535263111667173, 0.0085580048815890476, 0.0084662372263557134, 0.008378311727807319, 0.0082940100426038641, 0.0082132662723748764, 0.0081357578898664986, 0.0080613652055312613, 0.0079899673844151288, 0.0079213768591819261, 0.0078551866750667335, 0.00779144223447438, 0.0077301474996758299, 0.0076711595089351686, 0.0076144541869628043, 0.0075599442676314195, 0.007507478496312784, 0.0074569145309124609, 0.0074082119848302118, 0.0073612707603514455, 0.0073159924303607916, 0.0072721720921572874, 0.0072298760725655799, 0.0071890958628921184, 0.0071497524552706681, 0.0071118898081839925, 0.0070754481693037132, 0.0070403513582177188, 0.007006504897488431, 0.0069738781628025477, 0.0069424310145577957, 0.0069121245407003087, 0.0068828638038553923, 0.0068545943144972185, 0.0068271355048055548, 0.0068005248686709725, 0.0067747348945842029, 0.0067497645267219578, 0.006725600366517856, 0.0067022745225626627, 0.0066797928936142975, 0.0066580578098651743, 0.0066370818810909532, 0.0066168049800300714, 0.0065971916683416612, 0.0065782251132431207, 0.0065599232359681127, 0.0065422122968909159, 0.0065250941377634564, 0.0065084867724334817, 0.0064924793276699977, 0.0064770093942707902, 0.0064620694961827008, 0.0064475743212240857, 0.0064335490256941753, 0.0064199695932623353, 0.0064068255675859293, 0.0063940981124226085, 0.0063817529746210497, 0.0063697432128331302, 0.0063581169407171349, 0.0063468530315038026, 0.0063359360539737329, 0.0063253094567548079, 0.0063150022631097806, 0.0063049881289739991, 0.0062952437366518644, 0.0062857647171700812, 0.0062765387629892064, 0.0062675508939544888, 0.0062587853571481333, 0.0062502687419155071, 0.0062419931732287564]}
[2017-10-10 15:28:58,694 AE_UNIGRAMA_2L_OVER_96_134_124_9.py:130]: evaluating model ... 
[2017-10-10 15:28:58,746 AE_UNIGRAMA_2L_OVER_96_134_124_9.py:134]: evaluated! 
[2017-10-10 15:28:58,746 AE_UNIGRAMA_2L_OVER_96_134_124_9.py:136]: generating reports ... 
[2017-10-10 15:28:59,120 AE_UNIGRAMA_2L_OVER_96_134_124_9.py:139]: done!
[2017-10-10 15:28:59,120 AE_UNIGRAMA_2L_OVER_96_134_124_9.py:155]: >> experiment AE_UNIGRAMA_2L_OVER_96_134_124_9 finished!
[2017-10-10 15:29:52,277 AE_UNIGRAMA_2L_OVER_96_134_124_9.py:144]: The experiment AE_UNIGRAMA_2L_OVER_96_134_124_9 was already executed!
[2017-10-10 15:32:26,867 AE_UNIGRAMA_2L_OVER_96_134_124_9.py:144]: The experiment AE_UNIGRAMA_2L_OVER_96_134_124_9 was already executed!
[2017-10-10 15:32:26,867 AE_UNIGRAMA_2L_OVER_96_134_124_9.py:307]: The experiment AE_UNIGRAMA_2L_OVER_96_134_124_9 was already executed!
[2017-10-10 15:35:17,674 AE_UNIGRAMA_2L_OVER_96_134_124_9.py:144]: The experiment AE_UNIGRAMA_2L_OVER_96_134_124_9 was already executed!
[2017-10-10 15:35:17,674 AE_UNIGRAMA_2L_OVER_96_134_124_9.py:307]: The experiment AE_UNIGRAMA_2L_OVER_96_134_124_9 was already executed!
[2017-10-10 15:42:21,959 AE_UNIGRAMA_2L_OVER_96_134_124_9.py:146]: >> Initializing execution of experiment AE_UNIGRAMA_2L_OVER_96_134_124_9
[2017-10-10 15:42:21,959 AE_UNIGRAMA_2L_OVER_96_134_124_9.py:147]: >> Printing header log
[2017-10-10 15:42:21,959 AE_UNIGRAMA_2L_OVER_96_134_124_9.py:38]: 
	=======================================
	network_name = AE_UNIGRAMA_2L_OVER_96_134_124_9
	layers = 96,134,124,9
	using GLOBAL obj = 
		{'mlp_configs': {'classifier_dim': 9, 'optimizer': <keras.optimizers.SGD object at 0x0000025E75C86780>, 'loss_function': 'categorical_crossentropy', 'use_last_dim_as_classifier': False, 'activation': 'sigmoid'}, 'executed_path': 'C:/Users/dhieg/research/research_msc/executed/2layers/unigram/', 'tensorflow_dir': 'C:/Users/dhieg/research/research_msc/tensorflow/2layers/unigram/', 'data_target_list': [1, 2, 3, 4, 5, 6, 7, 8, 9], 'fullds_data_dir': 'C:/Users/dhieg/research/malware_dataset/malware_selected_1gram.pkl', 'shuffle_batches': True, 'log_format': '[%(asctime)s %(filename)s:%(lineno)s]: %(message)s', 'numpy_seed': 666, 'fullds_reports_dir': 'C:/Users/dhieg/research/research_msc/reports/2layers/unigram/fullds/', 'store_history': True, 'checkpoints_dir': 'C:/Users/dhieg/research/research_msc/checkpoints/2layers/unigram/', 'autoencoder_configs': {'discard_decoder_function': True, 'optimizer': <keras.optimizers.SGD object at 0x0000025E75C7F908>, 'hidden_layer_activation': 'relu', 'loss_function': 'mse', 'output_layer_activation': 'relu'}, 'data_dir': 'C:/Users/dhieg/research/malware_dataset/malware_selected_1gram_mini.pkl', 'epochs': 200, 'reports_dir': 'C:/Users/dhieg/research/research_msc/reports/2layers/unigram/', 'log_dir': 'C:/Users/dhieg/research/research_msc/logs/2layers/unigram/', 'batch': 32}
	=======================================
	
[2017-10-10 15:42:21,959 AE_UNIGRAMA_2L_OVER_96_134_124_9.py:149]: >> Loading dataset... 
[2017-10-10 15:42:21,959 AE_UNIGRAMA_2L_OVER_96_134_124_9.py:54]: 
	=======================================
	loading malware dataset on = C:/Users/dhieg/research/malware_dataset/malware_selected_1gram_mini.pkl	
	trainx shape = (1627, 96)
	trainy shape = (1627, 9)
	valx shape = (1076, 96)
	valy shape = (1076, 9)
	=======================================
	
[2017-10-10 15:42:21,959 AE_UNIGRAMA_2L_OVER_96_134_124_9.py:151]: >> Executing autoencoder part ... 
[2017-10-10 15:42:21,959 AE_UNIGRAMA_2L_OVER_96_134_124_9.py:59]: =======================================
[2017-10-10 15:42:21,959 AE_UNIGRAMA_2L_OVER_96_134_124_9.py:64]: setting configurations for autoencoder: 
	 {'discard_decoder_function': True, 'optimizer': <keras.optimizers.SGD object at 0x0000025E75C7F908>, 'hidden_layer_activation': 'relu', 'loss_function': 'mse', 'output_layer_activation': 'relu'}
[2017-10-10 15:42:22,075 AE_UNIGRAMA_2L_OVER_96_134_124_9.py:75]: training and evaluate autoencoder
[2017-10-10 15:42:24,061 summary.py:89]: Summary name enc0_134/kernel:0 is illegal; using enc0_134/kernel_0 instead.
[2017-10-10 15:42:24,061 summary.py:89]: Summary name enc0_134/bias:0 is illegal; using enc0_134/bias_0 instead.
[2017-10-10 15:42:24,077 summary.py:89]: Summary name enc1_124/kernel:0 is illegal; using enc1_124/kernel_0 instead.
[2017-10-10 15:42:24,077 summary.py:89]: Summary name enc1_124/bias:0 is illegal; using enc1_124/bias_0 instead.
[2017-10-10 15:42:24,077 summary.py:89]: Summary name enc2_9/kernel:0 is illegal; using enc2_9/kernel_0 instead.
[2017-10-10 15:42:24,077 summary.py:89]: Summary name enc2_9/bias:0 is illegal; using enc2_9/bias_0 instead.
[2017-10-10 15:42:24,093 summary.py:89]: Summary name dec0_124/kernel:0 is illegal; using dec0_124/kernel_0 instead.
[2017-10-10 15:42:24,093 summary.py:89]: Summary name dec0_124/bias:0 is illegal; using dec0_124/bias_0 instead.
[2017-10-10 15:42:24,093 summary.py:89]: Summary name dec1_134/kernel:0 is illegal; using dec1_134/kernel_0 instead.
[2017-10-10 15:42:24,093 summary.py:89]: Summary name dec1_134/bias:0 is illegal; using dec1_134/bias_0 instead.
[2017-10-10 15:42:24,108 summary.py:89]: Summary name dec2_96/kernel:0 is illegal; using dec2_96/kernel_0 instead.
[2017-10-10 15:42:24,108 summary.py:89]: Summary name dec2_96/bias:0 is illegal; using dec2_96/bias_0 instead.
[2017-10-10 15:43:08,949 AE_UNIGRAMA_2L_OVER_96_134_124_9.py:86]: trained and evaluated!
[2017-10-10 15:43:08,949 AE_UNIGRAMA_2L_OVER_96_134_124_9.py:89]: Training history: 
{'val_loss': [0.010183649532303048, 0.010120542477608614, 0.0099869432087059794, 0.009823581016861373, 0.0096540775073893012, 0.0094865690743668376, 0.0093224989804248821, 0.0091629748866239001, 0.0090095530122130778, 0.0088626107921110659, 0.0087212806629868682, 0.0085850420293699416, 0.0084535970757663465, 0.0083270607633883185, 0.0082058056870468483, 0.0080896056565321062, 0.0079778161793116302, 0.0078711214226057768, 0.007769354200163738, 0.007672527768618001, 0.0075804702660629743, 0.0074928537977090775, 0.0074095438411078485, 0.0073303182965982362, 0.0072550583305356674, 0.00718338642144735, 0.007115021964265068, 0.0070495029225890078, 0.0069867671782420917, 0.0069269222834019411, 0.0068698743198994808, 0.0068152594262367062, 0.0067632558502838513, 0.0067137376488390684, 0.0066663974162094212, 0.0066213068971237281, 0.0065783942879963538, 0.0065374088016612155, 0.0064983200316480099, 0.0064609862490103594, 0.0064253899628871217, 0.0063914672599683017, 0.0063590793056780524, 0.006328144463880133, 0.0062986290684752307, 0.0062704084832290513, 0.0062434482647860806, 0.0062176855817631053, 0.0061930528959626384, 0.0061694250500944469, 0.0061467854638469705, 0.0061250531623576214, 0.0061042267884574416, 0.0060842399481947093, 0.0060650704871710792, 0.0060466295160131606, 0.0060288638645111404, 0.0060117799324783247, 0.0059953498442875406, 0.0059795435431472211, 0.0059643307333763643, 0.0059497089620305704, 0.0059356399150530641, 0.0059221029613984117, 0.00590906016957915, 0.0058964810483019148, 0.0058843375644109953, 0.0058725664295173046, 0.005861171763598033, 0.0058501741700012887, 0.0058395565317798277, 0.0058292986143061885, 0.0058193905348283654, 0.005809801035183291, 0.005800533887400503, 0.0057915556019511368, 0.0057828669041589068, 0.005774451025024223, 0.0057662779562258366, 0.0057583345882733072, 0.0057506347680983715, 0.00574315732282666, 0.005735901281320694, 0.0057288457719145208, 0.0057219967599196507, 0.0057153247771126849, 0.0057088450154767385, 0.0057025265855693901, 0.0056963693073580259, 0.0056903706898144184, 0.0056845146165572132, 0.0056788131601582231, 0.0056732605647669626, 0.0056678460561237591, 0.0056625583475684148, 0.0056574049156477681, 0.0056523601455288524, 0.005647433142707472, 0.0056425794356651463, 0.0056377929500321475, 0.0056330904115309945, 0.0056284742748371735], 'loss': [0.010200100251975496, 0.010151607614667707, 0.010054557904207274, 0.0099021582243152394, 0.0097322871550212416, 0.0095617164775829919, 0.0093945101671694762, 0.0092315198721956027, 0.0090739124047569363, 0.0089228551092969174, 0.008777883114463798, 0.0086383528746412658, 0.0085037689365231334, 0.008373960201212359, 0.0082494002957522097, 0.0081300869539435022, 0.0080154665425813624, 0.0079057118002515345, 0.0078009311433196908, 0.0077011102516279682, 0.0076061370682381163, 0.0075157717850285952, 0.007429750865473015, 0.0073479585808638274, 0.0072702496892417144, 0.0071963835433217086, 0.0071259180871516776, 0.0070585095925804987, 0.0069938739123465129, 0.0069321111438781042, 0.0068732296939785853, 0.0068170424701317405, 0.0067633454840728751, 0.0067122565209178668, 0.0066634564633013538, 0.0066168684267382278, 0.0065724639303309093, 0.0065301613494085252, 0.0064897187538994518, 0.0064511202314677385, 0.0064142711249368465, 0.0063791152037744256, 0.0063455911220429715, 0.0063135549388871684, 0.006282939444242827, 0.0062537054444268833, 0.0062257221790595002, 0.0061989712254696631, 0.0061733901217927867, 0.0061489101178765519, 0.0061254201516435782, 0.0061028872152358825, 0.0060812314284236137, 0.0060604775170483649, 0.0060405352163759932, 0.0060213791216782581, 0.0060029370611797981, 0.0059851579360673049, 0.0059680585130092072, 0.0059516041387346489, 0.0059357718475845306, 0.0059205226799943691, 0.0059058520108342316, 0.0058917248422381847, 0.0058781142497106647, 0.0058649989868472452, 0.0058523257644806969, 0.0058400641526333121, 0.0058281696364329352, 0.0058166740107857785, 0.0058055806729871585, 0.0057948592325561456, 0.0057844984560939307, 0.0057744845025557347, 0.0057647859330787641, 0.0057554137592502148, 0.0057463214029205966, 0.0057375297407129093, 0.0057289959535405692, 0.0057207053108226692, 0.0057126415994180882, 0.0057048188836142629, 0.0056972239726322078, 0.0056898561395022423, 0.0056826824994360512, 0.005675721565546547, 0.0056689340551398107, 0.0056623332837817493, 0.0056558928000795088, 0.0056496191965604969, 0.0056435001027193912, 0.0056375235956810195, 0.005631709779591541, 0.0056260331884740904, 0.0056204813496468983, 0.0056150686759993971, 0.0056097814092010753, 0.0056046109375233067, 0.0055995384988517536, 0.0055945341188526985, 0.0055896058047823398, 0.0055847537415313914]}
[2017-10-10 15:43:08,949 AE_UNIGRAMA_2L_OVER_96_134_124_9.py:93]: done!
[2017-10-10 15:43:08,949 AE_UNIGRAMA_2L_OVER_96_134_124_9.py:153]: >> Executing classifier part ... 
[2017-10-10 15:43:08,949 AE_UNIGRAMA_2L_OVER_96_134_124_9.py:98]: =======================================
[2017-10-10 15:43:08,949 AE_UNIGRAMA_2L_OVER_96_134_124_9.py:102]: setting configurations for classifier: 
	 {'classifier_dim': 9, 'optimizer': <keras.optimizers.SGD object at 0x0000025E75C86780>, 'loss_function': 'categorical_crossentropy', 'use_last_dim_as_classifier': False, 'activation': 'sigmoid'}
[2017-10-10 15:43:09,002 AE_UNIGRAMA_2L_OVER_96_134_124_9.py:111]: training ... 
[2017-10-10 15:43:09,406 summary.py:89]: Summary name enc0_134/kernel:0 is illegal; using enc0_134/kernel_0 instead.
[2017-10-10 15:43:09,406 summary.py:89]: Summary name enc0_134/bias:0 is illegal; using enc0_134/bias_0 instead.
[2017-10-10 15:43:09,410 summary.py:89]: Summary name enc1_124/kernel:0 is illegal; using enc1_124/kernel_0 instead.
[2017-10-10 15:43:09,414 summary.py:89]: Summary name enc1_124/bias:0 is illegal; using enc1_124/bias_0 instead.
[2017-10-10 15:43:09,414 summary.py:89]: Summary name enc2_9/kernel:0 is illegal; using enc2_9/kernel_0 instead.
[2017-10-10 15:43:09,418 summary.py:89]: Summary name enc2_9/bias:0 is illegal; using enc2_9/bias_0 instead.
[2017-10-10 15:43:09,422 summary.py:89]: Summary name classifier/kernel:0 is illegal; using classifier/kernel_0 instead.
[2017-10-10 15:43:09,422 summary.py:89]: Summary name classifier/bias:0 is illegal; using classifier/bias_0 instead.
[2017-10-10 15:44:31,148 AE_UNIGRAMA_2L_OVER_96_134_124_9.py:123]: trained!
[2017-10-10 15:44:31,148 AE_UNIGRAMA_2L_OVER_96_134_124_9.py:126]: Training history: 
{'val_loss': [0.010183649532303048, 0.010120542477608614, 0.0099869432087059794, 0.009823581016861373, 0.0096540775073893012, 0.0094865690743668376, 0.0093224989804248821, 0.0091629748866239001, 0.0090095530122130778, 0.0088626107921110659, 0.0087212806629868682, 0.0085850420293699416, 0.0084535970757663465, 0.0083270607633883185, 0.0082058056870468483, 0.0080896056565321062, 0.0079778161793116302, 0.0078711214226057768, 0.007769354200163738, 0.007672527768618001, 0.0075804702660629743, 0.0074928537977090775, 0.0074095438411078485, 0.0073303182965982362, 0.0072550583305356674, 0.00718338642144735, 0.007115021964265068, 0.0070495029225890078, 0.0069867671782420917, 0.0069269222834019411, 0.0068698743198994808, 0.0068152594262367062, 0.0067632558502838513, 0.0067137376488390684, 0.0066663974162094212, 0.0066213068971237281, 0.0065783942879963538, 0.0065374088016612155, 0.0064983200316480099, 0.0064609862490103594, 0.0064253899628871217, 0.0063914672599683017, 0.0063590793056780524, 0.006328144463880133, 0.0062986290684752307, 0.0062704084832290513, 0.0062434482647860806, 0.0062176855817631053, 0.0061930528959626384, 0.0061694250500944469, 0.0061467854638469705, 0.0061250531623576214, 0.0061042267884574416, 0.0060842399481947093, 0.0060650704871710792, 0.0060466295160131606, 0.0060288638645111404, 0.0060117799324783247, 0.0059953498442875406, 0.0059795435431472211, 0.0059643307333763643, 0.0059497089620305704, 0.0059356399150530641, 0.0059221029613984117, 0.00590906016957915, 0.0058964810483019148, 0.0058843375644109953, 0.0058725664295173046, 0.005861171763598033, 0.0058501741700012887, 0.0058395565317798277, 0.0058292986143061885, 0.0058193905348283654, 0.005809801035183291, 0.005800533887400503, 0.0057915556019511368, 0.0057828669041589068, 0.005774451025024223, 0.0057662779562258366, 0.0057583345882733072, 0.0057506347680983715, 0.00574315732282666, 0.005735901281320694, 0.0057288457719145208, 0.0057219967599196507, 0.0057153247771126849, 0.0057088450154767385, 0.0057025265855693901, 0.0056963693073580259, 0.0056903706898144184, 0.0056845146165572132, 0.0056788131601582231, 0.0056732605647669626, 0.0056678460561237591, 0.0056625583475684148, 0.0056574049156477681, 0.0056523601455288524, 0.005647433142707472, 0.0056425794356651463, 0.0056377929500321475, 0.0056330904115309945, 0.0056284742748371735], 'loss': [0.010200100251975496, 0.010151607614667707, 0.010054557904207274, 0.0099021582243152394, 0.0097322871550212416, 0.0095617164775829919, 0.0093945101671694762, 0.0092315198721956027, 0.0090739124047569363, 0.0089228551092969174, 0.008777883114463798, 0.0086383528746412658, 0.0085037689365231334, 0.008373960201212359, 0.0082494002957522097, 0.0081300869539435022, 0.0080154665425813624, 0.0079057118002515345, 0.0078009311433196908, 0.0077011102516279682, 0.0076061370682381163, 0.0075157717850285952, 0.007429750865473015, 0.0073479585808638274, 0.0072702496892417144, 0.0071963835433217086, 0.0071259180871516776, 0.0070585095925804987, 0.0069938739123465129, 0.0069321111438781042, 0.0068732296939785853, 0.0068170424701317405, 0.0067633454840728751, 0.0067122565209178668, 0.0066634564633013538, 0.0066168684267382278, 0.0065724639303309093, 0.0065301613494085252, 0.0064897187538994518, 0.0064511202314677385, 0.0064142711249368465, 0.0063791152037744256, 0.0063455911220429715, 0.0063135549388871684, 0.006282939444242827, 0.0062537054444268833, 0.0062257221790595002, 0.0061989712254696631, 0.0061733901217927867, 0.0061489101178765519, 0.0061254201516435782, 0.0061028872152358825, 0.0060812314284236137, 0.0060604775170483649, 0.0060405352163759932, 0.0060213791216782581, 0.0060029370611797981, 0.0059851579360673049, 0.0059680585130092072, 0.0059516041387346489, 0.0059357718475845306, 0.0059205226799943691, 0.0059058520108342316, 0.0058917248422381847, 0.0058781142497106647, 0.0058649989868472452, 0.0058523257644806969, 0.0058400641526333121, 0.0058281696364329352, 0.0058166740107857785, 0.0058055806729871585, 0.0057948592325561456, 0.0057844984560939307, 0.0057744845025557347, 0.0057647859330787641, 0.0057554137592502148, 0.0057463214029205966, 0.0057375297407129093, 0.0057289959535405692, 0.0057207053108226692, 0.0057126415994180882, 0.0057048188836142629, 0.0056972239726322078, 0.0056898561395022423, 0.0056826824994360512, 0.005675721565546547, 0.0056689340551398107, 0.0056623332837817493, 0.0056558928000795088, 0.0056496191965604969, 0.0056435001027193912, 0.0056375235956810195, 0.005631709779591541, 0.0056260331884740904, 0.0056204813496468983, 0.0056150686759993971, 0.0056097814092010753, 0.0056046109375233067, 0.0055995384988517536, 0.0055945341188526985, 0.0055896058047823398, 0.0055847537415313914]}
[2017-10-10 15:44:31,148 AE_UNIGRAMA_2L_OVER_96_134_124_9.py:130]: evaluating model ... 
[2017-10-10 15:44:31,211 AE_UNIGRAMA_2L_OVER_96_134_124_9.py:134]: evaluated! 
[2017-10-10 15:44:31,211 AE_UNIGRAMA_2L_OVER_96_134_124_9.py:136]: generating reports ... 
[2017-10-10 15:44:31,581 AE_UNIGRAMA_2L_OVER_96_134_124_9.py:139]: done!
[2017-10-10 15:44:31,581 AE_UNIGRAMA_2L_OVER_96_134_124_9.py:155]: >> experiment AE_UNIGRAMA_2L_OVER_96_134_124_9 finished!
[2017-10-10 15:44:31,581 AE_UNIGRAMA_2L_OVER_96_134_124_9.py:307]: The experiment AE_UNIGRAMA_2L_OVER_96_134_124_9 was already executed!
