[2017-09-18 07:42:52,916 AE_UNIGRAMA_1L_UNDER_F0_5.py:154]: >> Initializing execution of experiment AE_UNIGRAMA_1L_UNDER_F0_5
[2017-09-18 07:42:52,916 AE_UNIGRAMA_1L_UNDER_F0_5.py:155]: >> Printing header log
[2017-09-18 07:42:52,917 AE_UNIGRAMA_1L_UNDER_F0_5.py:47]: 
	=======================================
	network_name = AE_UNIGRAMA_1L_UNDER_F0_5
	layers = 96,48
	using GLOBAL obj = 
		{'checkpoints_dir': 'E:/research/research_msc/checkpoints/onelayer/unigram/', 'log_format': '[%(asctime)s %(filename)s:%(lineno)s]: %(message)s', 'store_history': True, 'batch': 32, 'shuffle_batches': True, 'mlp_configs': {'loss_function': 'categorical_crossentropy', 'optimizer': <keras.optimizers.SGD object at 0x00000000019BE400>, 'classifier_dim': 9, 'activation': 'sigmoid', 'use_last_dim_as_classifier': False}, 'log_dir': 'E:/research/research_msc/logs/onelayer/unigram/', 'epochs': 1000, 'data_dir': 'E:/research/malware_dataset/malware_selected_1gram.pkl', 'data_target_list': [1, 2, 3, 4, 5, 6, 7, 8, 9], 'numpy_seed': 666, 'autoencoder_configs': {'loss_function': 'mse', 'optimizer': <keras.optimizers.SGD object at 0x00000000019BC588>, 'discard_decoder_function': True, 'output_layer_activation': 'relu', 'hidden_layer_activation': 'relu'}, 'executed_dir': 'E:/research/research_msc/executed/onelayer/unigram/', 'tensorflow_dir': 'E:/research/research_msc/tensorflow/onelayer/unigram/', 'reports_dir': 'E:/research/research_msc/reports/onelayer/unigram/'}
	=======================================
	
[2017-09-18 07:42:52,917 AE_UNIGRAMA_1L_UNDER_F0_5.py:157]: >> Loading dataset... 
[2017-09-18 07:42:52,940 AE_UNIGRAMA_1L_UNDER_F0_5.py:63]: 
	=======================================
	loading malware dataset on = E:/research/malware_dataset/malware_selected_1gram.pkl	
	trainx shape = (8147, 96)
	trainy shape = (8147, 9)
	valx shape = (2721, 96)
	valy shape = (2721, 9)
	=======================================
	
[2017-09-18 07:42:52,940 AE_UNIGRAMA_1L_UNDER_F0_5.py:159]: >> Executing autoencoder part ... 
[2017-09-18 07:42:52,940 AE_UNIGRAMA_1L_UNDER_F0_5.py:68]: =======================================
[2017-09-18 07:42:52,940 AE_UNIGRAMA_1L_UNDER_F0_5.py:73]: setting configurations for autoencoder: 
	 {'loss_function': 'mse', 'optimizer': <keras.optimizers.SGD object at 0x00000000019BC588>, 'discard_decoder_function': True, 'output_layer_activation': 'relu', 'hidden_layer_activation': 'relu'}
[2017-09-18 07:42:53,033 AE_UNIGRAMA_1L_UNDER_F0_5.py:84]: training and evaluate autoencoder
[2017-09-18 07:42:53,603 summary.py:93]: Summary name enc0_48/kernel:0 is illegal; using enc0_48/kernel_0 instead.
[2017-09-18 07:42:53,607 summary.py:93]: Summary name enc0_48/bias:0 is illegal; using enc0_48/bias_0 instead.
[2017-09-18 07:42:53,613 summary.py:93]: Summary name dec0_96/kernel:0 is illegal; using dec0_96/kernel_0 instead.
[2017-09-18 07:42:53,619 summary.py:93]: Summary name dec0_96/bias:0 is illegal; using dec0_96/bias_0 instead.
[2017-09-18 07:44:03,234 AE_UNIGRAMA_1L_UNDER_F0_5.py:95]: trained and evaluated!
[2017-09-18 07:44:03,235 AE_UNIGRAMA_1L_UNDER_F0_5.py:98]: Training history: 
{'loss': [0.0097572774996351613, 0.0096578677283762071, 0.0095172370938881191, 0.0093301960242091614, 0.0090546005823763445, 0.0087073847965390035, 0.0083968240915869331, 0.0081230591706189913, 0.0078814027598213456, 0.0076682496140548107, 0.0074803808727338808, 0.0073153555408765805, 0.0071704526508106501, 0.0070432121050386896, 0.0069312388523777519, 0.0068324092843371938, 0.0067449136315583741, 0.006667233845217873, 0.0065981758282533248, 0.0065367468160637595, 0.0064819014821660198, 0.00643282642614769, 0.0063887572516594044, 0.0063489922058837271, 0.0063129969486378926, 0.0062802481420801814, 0.0062502931039956425, 0.0062227531864267925, 0.0061972772241200248, 0.0061736088208383224, 0.0061515095381689672, 0.0061308554162999391, 0.006111410318089509, 0.0060930296741983844, 0.0060755802551427322, 0.0060589323732537833, 0.0060429808288049933, 0.0060276450515909111, 0.0060128463205049321, 0.0059985284354252856, 0.0059846152697337852, 0.0059710668480636242, 0.0059578625484843755, 0.0059449852402963868, 0.0059323967823136162, 0.0059200097821384022, 0.0059076998481346127, 0.0058954720474195229, 0.0058832935169494645, 0.0058710929722520268, 0.00585888735917985, 0.0058467265558468503, 0.0058346185532567822, 0.0058226098264866485, 0.0058107098558904157, 0.0057988760361181117, 0.0057870856969469498, 0.0057753337191321103, 0.0057635696883090101, 0.0057515702675627915, 0.0057391772160199804, 0.0057266216994436648, 0.0057139599868874322, 0.005701309685118984, 0.0056887522599429743, 0.005676270710521349, 0.005663827797554582, 0.0056515365607059812, 0.0056394541702297612, 0.0056275807713628608, 0.0056159350382260376, 0.0056045181265417946, 0.0055933261421197353, 0.0055823350483895709, 0.0055715402622428375, 0.0055609240264205299, 0.0055505125818821428, 0.0055402872240991842, 0.0055302377637945332, 0.0055203546922069991, 0.0055106194350697905, 0.0055010275417652814, 0.0054915566991329216, 0.0054822144988749136, 0.0054730010806839273, 0.0054639224352835657, 0.0054549934343989638, 0.0054461817620970274, 0.0054374695435459915, 0.0054288597836243645, 0.0054203525257146079, 0.0054119339531027598, 0.0054035985036885153, 0.0053953111823431014, 0.0053869951075134767, 0.0053786045420817497, 0.0053702568999094156, 0.0053620008882411798, 0.0053538300057092815, 0.0053457517545074463, 0.0053377779227765706, 0.0053298958088291324], 'val_loss': [0.0097189819024727214, 0.0096064076421098522, 0.0094356901415899933, 0.0092237436796857863, 0.0088757338472606074, 0.0085425351752198963, 0.00824861481165577, 0.007988973461140806, 0.0077597746851099996, 0.0075574686366740237, 0.0073794301644444071, 0.0072230068909929154, 0.0070856274927061673, 0.0069646949488608029, 0.0068581267482491918, 0.0067638698990981462, 0.006680177902040927, 0.0066057747565018195, 0.0065396256212286105, 0.0064806153218082887, 0.0064278797432027268, 0.0063805925900794948, 0.0063379728522812975, 0.0062994319225604294, 0.0062644320552280803, 0.0062324851731646869, 0.0062031893454764543, 0.0061761721755072985, 0.0061511490659159158, 0.0061278194835110373, 0.0061060605500165878, 0.0060856266273065819, 0.0060663584397968144, 0.006048119854635858, 0.0060307731118959531, 0.0060141741402360968, 0.0059982434795462268, 0.0059828850209133859, 0.0059680566647750946, 0.0059536732497937547, 0.0059397063684060716, 0.0059260846833906894, 0.0059127881384541262, 0.0058997831394117586, 0.0058870244523437087, 0.0058743847052825805, 0.0058618095703936429, 0.0058493193878851437, 0.0058368580554978558, 0.0058243442082915216, 0.0058118601160028795, 0.0057994571819221033, 0.0057871104848702211, 0.0057748906846263968, 0.005762772202335684, 0.0057507284605640809, 0.0057387468366562298, 0.0057267613636411228, 0.0057146850746954648, 0.0057021347835464198, 0.0056893225648542763, 0.0056763326716518601, 0.0056632645993785454, 0.0056502516784468024, 0.0056373351268115693, 0.0056244677100577029, 0.0056116981672288046, 0.0055991555754922248, 0.0055868128438345682, 0.0055746936565487532, 0.0055628230790814703, 0.0055511957585526843, 0.0055397946297854068, 0.0055286156941850104, 0.0055176167033006221, 0.0055068180043570687, 0.0054962086154662073, 0.0054857835346625453, 0.0054755389819778049, 0.0054654566199237734, 0.0054555218104609879, 0.0054457116072353295, 0.0054360210087091463, 0.0054264635176051136, 0.0054170324202546171, 0.0054077610686847181, 0.0053986322107522564, 0.0053896178189871812, 0.0053807145008733116, 0.0053719094489283175, 0.0053632020212207449, 0.0053545903700798507, 0.0053460565510314428, 0.005337547343320123, 0.0053289576688762899, 0.0053203481945863973, 0.0053118316279378549, 0.0053034063805310885, 0.0052950741643259264, 0.005286843705808046, 0.0052787186599308157, 0.0052706867269726688]}
[2017-09-18 07:44:03,235 AE_UNIGRAMA_1L_UNDER_F0_5.py:102]: done!
[2017-09-18 07:44:03,235 AE_UNIGRAMA_1L_UNDER_F0_5.py:161]: >> Executing classifier part ... 
[2017-09-18 07:44:03,235 AE_UNIGRAMA_1L_UNDER_F0_5.py:107]: =======================================
[2017-09-18 07:44:03,235 AE_UNIGRAMA_1L_UNDER_F0_5.py:111]: setting configurations for classifier: 
	 {'loss_function': 'categorical_crossentropy', 'optimizer': <keras.optimizers.SGD object at 0x00000000019BE400>, 'classifier_dim': 9, 'activation': 'sigmoid', 'use_last_dim_as_classifier': False}
[2017-09-18 07:44:03,436 AE_UNIGRAMA_1L_UNDER_F0_5.py:120]: training ... 
[2017-09-18 07:44:04,500 summary.py:93]: Summary name enc0_48/kernel:0 is illegal; using enc0_48/kernel_0 instead.
[2017-09-18 07:44:04,500 summary.py:93]: Summary name enc0_48/bias:0 is illegal; using enc0_48/bias_0 instead.
[2017-09-18 07:44:04,500 summary.py:93]: Summary name classifier/kernel:0 is illegal; using classifier/kernel_0 instead.
[2017-09-18 07:44:04,500 summary.py:93]: Summary name classifier/bias:0 is illegal; using classifier/bias_0 instead.
[2017-09-18 07:47:58,355 AE_UNIGRAMA_1L_UNDER_F0_5.py:132]: trained!
[2017-09-18 07:47:58,355 AE_UNIGRAMA_1L_UNDER_F0_5.py:135]: Training history: 
{'loss': [0.0097572774996351613, 0.0096578677283762071, 0.0095172370938881191, 0.0093301960242091614, 0.0090546005823763445, 0.0087073847965390035, 0.0083968240915869331, 0.0081230591706189913, 0.0078814027598213456, 0.0076682496140548107, 0.0074803808727338808, 0.0073153555408765805, 0.0071704526508106501, 0.0070432121050386896, 0.0069312388523777519, 0.0068324092843371938, 0.0067449136315583741, 0.006667233845217873, 0.0065981758282533248, 0.0065367468160637595, 0.0064819014821660198, 0.00643282642614769, 0.0063887572516594044, 0.0063489922058837271, 0.0063129969486378926, 0.0062802481420801814, 0.0062502931039956425, 0.0062227531864267925, 0.0061972772241200248, 0.0061736088208383224, 0.0061515095381689672, 0.0061308554162999391, 0.006111410318089509, 0.0060930296741983844, 0.0060755802551427322, 0.0060589323732537833, 0.0060429808288049933, 0.0060276450515909111, 0.0060128463205049321, 0.0059985284354252856, 0.0059846152697337852, 0.0059710668480636242, 0.0059578625484843755, 0.0059449852402963868, 0.0059323967823136162, 0.0059200097821384022, 0.0059076998481346127, 0.0058954720474195229, 0.0058832935169494645, 0.0058710929722520268, 0.00585888735917985, 0.0058467265558468503, 0.0058346185532567822, 0.0058226098264866485, 0.0058107098558904157, 0.0057988760361181117, 0.0057870856969469498, 0.0057753337191321103, 0.0057635696883090101, 0.0057515702675627915, 0.0057391772160199804, 0.0057266216994436648, 0.0057139599868874322, 0.005701309685118984, 0.0056887522599429743, 0.005676270710521349, 0.005663827797554582, 0.0056515365607059812, 0.0056394541702297612, 0.0056275807713628608, 0.0056159350382260376, 0.0056045181265417946, 0.0055933261421197353, 0.0055823350483895709, 0.0055715402622428375, 0.0055609240264205299, 0.0055505125818821428, 0.0055402872240991842, 0.0055302377637945332, 0.0055203546922069991, 0.0055106194350697905, 0.0055010275417652814, 0.0054915566991329216, 0.0054822144988749136, 0.0054730010806839273, 0.0054639224352835657, 0.0054549934343989638, 0.0054461817620970274, 0.0054374695435459915, 0.0054288597836243645, 0.0054203525257146079, 0.0054119339531027598, 0.0054035985036885153, 0.0053953111823431014, 0.0053869951075134767, 0.0053786045420817497, 0.0053702568999094156, 0.0053620008882411798, 0.0053538300057092815, 0.0053457517545074463, 0.0053377779227765706, 0.0053298958088291324], 'val_loss': [0.0097189819024727214, 0.0096064076421098522, 0.0094356901415899933, 0.0092237436796857863, 0.0088757338472606074, 0.0085425351752198963, 0.00824861481165577, 0.007988973461140806, 0.0077597746851099996, 0.0075574686366740237, 0.0073794301644444071, 0.0072230068909929154, 0.0070856274927061673, 0.0069646949488608029, 0.0068581267482491918, 0.0067638698990981462, 0.006680177902040927, 0.0066057747565018195, 0.0065396256212286105, 0.0064806153218082887, 0.0064278797432027268, 0.0063805925900794948, 0.0063379728522812975, 0.0062994319225604294, 0.0062644320552280803, 0.0062324851731646869, 0.0062031893454764543, 0.0061761721755072985, 0.0061511490659159158, 0.0061278194835110373, 0.0061060605500165878, 0.0060856266273065819, 0.0060663584397968144, 0.006048119854635858, 0.0060307731118959531, 0.0060141741402360968, 0.0059982434795462268, 0.0059828850209133859, 0.0059680566647750946, 0.0059536732497937547, 0.0059397063684060716, 0.0059260846833906894, 0.0059127881384541262, 0.0058997831394117586, 0.0058870244523437087, 0.0058743847052825805, 0.0058618095703936429, 0.0058493193878851437, 0.0058368580554978558, 0.0058243442082915216, 0.0058118601160028795, 0.0057994571819221033, 0.0057871104848702211, 0.0057748906846263968, 0.005762772202335684, 0.0057507284605640809, 0.0057387468366562298, 0.0057267613636411228, 0.0057146850746954648, 0.0057021347835464198, 0.0056893225648542763, 0.0056763326716518601, 0.0056632645993785454, 0.0056502516784468024, 0.0056373351268115693, 0.0056244677100577029, 0.0056116981672288046, 0.0055991555754922248, 0.0055868128438345682, 0.0055746936565487532, 0.0055628230790814703, 0.0055511957585526843, 0.0055397946297854068, 0.0055286156941850104, 0.0055176167033006221, 0.0055068180043570687, 0.0054962086154662073, 0.0054857835346625453, 0.0054755389819778049, 0.0054654566199237734, 0.0054555218104609879, 0.0054457116072353295, 0.0054360210087091463, 0.0054264635176051136, 0.0054170324202546171, 0.0054077610686847181, 0.0053986322107522564, 0.0053896178189871812, 0.0053807145008733116, 0.0053719094489283175, 0.0053632020212207449, 0.0053545903700798507, 0.0053460565510314428, 0.005337547343320123, 0.0053289576688762899, 0.0053203481945863973, 0.0053118316279378549, 0.0053034063805310885, 0.0052950741643259264, 0.005286843705808046, 0.0052787186599308157, 0.0052706867269726688]}
[2017-09-18 07:47:58,355 AE_UNIGRAMA_1L_UNDER_F0_5.py:139]: evaluating model ... 
[2017-09-18 07:47:58,417 AE_UNIGRAMA_1L_UNDER_F0_5.py:143]: evaluated! 
[2017-09-18 07:47:58,417 AE_UNIGRAMA_1L_UNDER_F0_5.py:145]: generating reports ... 
[2017-09-18 07:47:59,359 AE_UNIGRAMA_1L_UNDER_F0_5.py:148]: done!
[2017-09-18 07:47:59,359 AE_UNIGRAMA_1L_UNDER_F0_5.py:163]: >> experiment AE_UNIGRAMA_1L_UNDER_F0_5 finished!
