[2017-09-18 07:42:52,365 AE_UNIGRAMA_1L_UNDER_F0_1.py:155]: >> Initializing execution of experiment AE_UNIGRAMA_1L_UNDER_F0_1
[2017-09-18 07:42:52,365 AE_UNIGRAMA_1L_UNDER_F0_1.py:156]: >> Printing header log
[2017-09-18 07:42:52,366 AE_UNIGRAMA_1L_UNDER_F0_1.py:47]: 
	=======================================
	network_name = AE_UNIGRAMA_1L_UNDER_F0_1
	layers = 96,9
	using GLOBAL obj = 
		{'log_format': '[%(asctime)s %(filename)s:%(lineno)s]: %(message)s', 'log_dir': 'E:/research/research_msc/logs/onelayer/unigram/', 'tensorflow_dir': 'E:/research/research_msc/tensorflow/onelayer/unigram/', 'shuffle_batches': True, 'store_history': True, 'epochs': 1000, 'executed_dir': 'E:/research/research_msc/executed/onelayer/unigram/', 'numpy_seed': 666, 'batch': 32, 'checkpoints_dir': 'E:/research/research_msc/checkpoints/onelayer/unigram/', 'autoencoder_configs': {'loss_function': 'mse', 'output_layer_activation': 'relu', 'hidden_layer_activation': 'relu', 'optimizer': <keras.optimizers.SGD object at 0x000000000178C588>, 'discard_decoder_function': True}, 'reports_dir': 'E:/research/research_msc/reports/onelayer/unigram/', 'mlp_configs': {'use_last_dim_as_classifier': False, 'loss_function': 'categorical_crossentropy', 'activation': 'sigmoid', 'optimizer': <keras.optimizers.SGD object at 0x000000000178E400>, 'classifier_dim': 9}, 'data_dir': 'E:/research/malware_dataset/malware_selected_1gram.pkl', 'data_target_list': [1, 2, 3, 4, 5, 6, 7, 8, 9]}
	=======================================
	
[2017-09-18 07:42:52,366 AE_UNIGRAMA_1L_UNDER_F0_1.py:158]: >> Loading dataset... 
[2017-09-18 07:42:52,387 AE_UNIGRAMA_1L_UNDER_F0_1.py:63]: 
	=======================================
	loading malware dataset on = E:/research/malware_dataset/malware_selected_1gram.pkl	
	trainx shape = (8147, 96)
	trainy shape = (8147, 9)
	valx shape = (2721, 96)
	valy shape = (2721, 9)
	=======================================
	
[2017-09-18 07:42:52,388 AE_UNIGRAMA_1L_UNDER_F0_1.py:160]: >> Executing autoencoder part ... 
[2017-09-18 07:42:52,388 AE_UNIGRAMA_1L_UNDER_F0_1.py:68]: =======================================
[2017-09-18 07:42:52,388 AE_UNIGRAMA_1L_UNDER_F0_1.py:73]: setting configurations for autoencoder: 
	 {'loss_function': 'mse', 'output_layer_activation': 'relu', 'hidden_layer_activation': 'relu', 'optimizer': <keras.optimizers.SGD object at 0x000000000178C588>, 'discard_decoder_function': True}
[2017-09-18 07:42:52,462 AE_UNIGRAMA_1L_UNDER_F0_1.py:84]: training and evaluate autoencoder
[2017-09-18 07:42:52,961 summary.py:93]: Summary name enc0_9/kernel:0 is illegal; using enc0_9/kernel_0 instead.
[2017-09-18 07:42:52,965 summary.py:93]: Summary name enc0_9/bias:0 is illegal; using enc0_9/bias_0 instead.
[2017-09-18 07:42:52,970 summary.py:93]: Summary name dec0_96/kernel:0 is illegal; using dec0_96/kernel_0 instead.
[2017-09-18 07:42:52,974 summary.py:93]: Summary name dec0_96/bias:0 is illegal; using dec0_96/bias_0 instead.
[2017-09-18 07:44:09,416 AE_UNIGRAMA_1L_UNDER_F0_1.py:95]: trained and evaluated!
[2017-09-18 07:44:09,416 AE_UNIGRAMA_1L_UNDER_F0_1.py:98]: Training history: 
{'loss': [0.0091843460591051994, 0.0088234869286562458, 0.0084969428446447035, 0.0082016281050365739, 0.0079361572724493696, 0.0076983809705247052, 0.007484661974904507, 0.0072918073070143297, 0.0071179125595408465, 0.0069617932635846792, 0.006821930307480668, 0.0066963537070661057, 0.0065836205456542597, 0.0064822953584536174, 0.0063909755825262045, 0.0063085846537871606, 0.0062340857390562636, 0.0061665126882727616, 0.0061052225664924688, 0.0060494321738980778, 0.005998579469147388, 0.0059521209359524752, 0.0059096006648204609, 0.0058704775080658201, 0.0058343810329061245, 0.0058010218272789744, 0.0057701246744465088, 0.005741463630087879, 0.0057148549032315374, 0.0056901057536584716, 0.0056670434312622638, 0.0056455012490213598, 0.0056253193403345333, 0.0056062775007407369, 0.0055883408850350416, 0.0055714682933106349, 0.0055556117908621477, 0.0055407054035391552, 0.0055266726566921007, 0.0055134549831400634, 0.0055009772804681988, 0.0054891994719124797, 0.0054780358085217903, 0.0054674663938645042, 0.0054574327195175036, 0.0054479006738338501, 0.0054388265382090172, 0.0054301690628949422, 0.0054218952345240108, 0.0054139740602424814, 0.0054063523400058678, 0.0053989651938848911, 0.0053916758290894727, 0.0053845141598561786, 0.0053775556708685023, 0.0053708010425280615, 0.0053642471058574703, 0.0053578779179448768, 0.0053516881151976026, 0.0053456587393654843, 0.0053397630365585765, 0.0053339954346740288, 0.0053283439571230164, 0.005322799209001877, 0.0053173535755168221, 0.0053119942316918285, 0.0053067106322163713, 0.0053014938047514001, 0.0052963350877226149, 0.0052912266862904372, 0.005286164618127768, 0.0052811459718655959, 0.0052761677793776189, 0.0052712250193867917, 0.0052663095414202292, 0.0052614256535450186, 0.0052565644651571819, 0.0052517196972312243, 0.0052468899291772788, 0.0052420680334111826, 0.0052372360323321761, 0.005232397404081989, 0.0052275515155853257, 0.0052226916693674102, 0.0052178211068240462, 0.0052129295069874761, 0.0052080227063706543, 0.005203099922088757, 0.0051981642258372854, 0.0051932257192710751, 0.0051882910151004871, 0.0051833721555310354, 0.0051784690551695736, 0.0051735905184838848, 0.0051687253641731221, 0.0051638710508480849, 0.005159019365162755, 0.0051541814935049885, 0.0051493473993793788, 0.0051444969331470459, 0.0051395488920416609, 0.0051342498063990842], 'val_loss': [0.008991133338487332, 0.0086452864868260398, 0.0083323741125990933, 0.0080497258002926262, 0.007796382173678151, 0.007569288635042519, 0.0073645689381982684, 0.0071796228733010939, 0.007013115131195932, 0.006863869948450234, 0.0067298213919800617, 0.0066094980771950786, 0.006501370444359892, 0.0064040293495380585, 0.0063162253404947296, 0.0062368586308602482, 0.0061649251511907126, 0.0060997504742835943, 0.0060404411423643344, 0.0059864013138350722, 0.0059370736820669144, 0.0058919959778608927, 0.0058506129177589104, 0.0058125009098306205, 0.0057772997920242236, 0.0057446994524906385, 0.0057144417259424587, 0.005686387791750471, 0.0056603125876513302, 0.0056360127779633597, 0.0056133081335423786, 0.0055921087167282255, 0.0055721354126096459, 0.0055532996617709395, 0.0055355457482070209, 0.0055188603218486046, 0.0055031590929541709, 0.0054883874804931548, 0.0054744785559664522, 0.0054613317492000759, 0.0054489526486428824, 0.0054372171003704162, 0.0054261031897224485, 0.00541556184000388, 0.0054055327928300917, 0.005395989527327557, 0.0053868964718341919, 0.0053782176353189323, 0.0053699136220838753, 0.0053619372020778482, 0.0053542558998328138, 0.0053467324460681719, 0.0053393118785477244, 0.0053320773963627189, 0.0053250483744283154, 0.0053182324362581251, 0.0053116154696283063, 0.005305197504573241, 0.0052989488613895469, 0.005292848775537054, 0.0052868896561891433, 0.0052810588311465595, 0.0052753425857345873, 0.0052697335139535798, 0.005264223464163967, 0.0052587913009736831, 0.0052534337221408307, 0.0052481408688578261, 0.0052429087621251235, 0.0052377267524008585, 0.0052325937891661714, 0.005227506702467361, 0.0052224599355157469, 0.0052174431785601593, 0.0052124624202511891, 0.0052075075623618681, 0.0052025692199604316, 0.0051976394712430719, 0.0051927314521022653, 0.0051878301456888256, 0.0051829244940446188, 0.0051780102187675208, 0.0051730878439617918, 0.005168151498632899, 0.0051631952849179449, 0.0051582277976133916, 0.0051532469854821223, 0.0051482491868108963, 0.0051432552544461024, 0.005138258620997694, 0.0051332748026043885, 0.0051283098243259766, 0.0051233599866281421, 0.0051184386733367643, 0.0051135314090344445, 0.0051086259353717665, 0.0051037286730323678, 0.0050988392447895315, 0.0050939341658950178, 0.0050890044542286203, 0.0050838468011481655, 0.0050782930206552624]}
[2017-09-18 07:44:09,416 AE_UNIGRAMA_1L_UNDER_F0_1.py:102]: done!
[2017-09-18 07:44:09,416 AE_UNIGRAMA_1L_UNDER_F0_1.py:162]: >> Executing classifier part ... 
[2017-09-18 07:44:09,416 AE_UNIGRAMA_1L_UNDER_F0_1.py:107]: =======================================
[2017-09-18 07:44:09,416 AE_UNIGRAMA_1L_UNDER_F0_1.py:111]: setting configurations for classifier: 
	 {'use_last_dim_as_classifier': False, 'loss_function': 'categorical_crossentropy', 'activation': 'sigmoid', 'optimizer': <keras.optimizers.SGD object at 0x000000000178E400>, 'classifier_dim': 9}
[2017-09-18 07:44:09,572 AE_UNIGRAMA_1L_UNDER_F0_1.py:120]: training ... 
[2017-09-18 07:44:11,419 summary.py:93]: Summary name enc0_9/kernel:0 is illegal; using enc0_9/kernel_0 instead.
[2017-09-18 07:44:11,435 summary.py:93]: Summary name enc0_9/bias:0 is illegal; using enc0_9/bias_0 instead.
[2017-09-18 07:44:11,435 summary.py:93]: Summary name classifier/kernel:0 is illegal; using classifier/kernel_0 instead.
[2017-09-18 07:44:11,450 summary.py:93]: Summary name classifier/bias:0 is illegal; using classifier/bias_0 instead.
[2017-09-18 07:48:55,557 AE_UNIGRAMA_1L_UNDER_F0_1.py:132]: trained!
[2017-09-18 07:48:55,557 AE_UNIGRAMA_1L_UNDER_F0_1.py:135]: Training history: 
{'loss': [0.0091843460591051994, 0.0088234869286562458, 0.0084969428446447035, 0.0082016281050365739, 0.0079361572724493696, 0.0076983809705247052, 0.007484661974904507, 0.0072918073070143297, 0.0071179125595408465, 0.0069617932635846792, 0.006821930307480668, 0.0066963537070661057, 0.0065836205456542597, 0.0064822953584536174, 0.0063909755825262045, 0.0063085846537871606, 0.0062340857390562636, 0.0061665126882727616, 0.0061052225664924688, 0.0060494321738980778, 0.005998579469147388, 0.0059521209359524752, 0.0059096006648204609, 0.0058704775080658201, 0.0058343810329061245, 0.0058010218272789744, 0.0057701246744465088, 0.005741463630087879, 0.0057148549032315374, 0.0056901057536584716, 0.0056670434312622638, 0.0056455012490213598, 0.0056253193403345333, 0.0056062775007407369, 0.0055883408850350416, 0.0055714682933106349, 0.0055556117908621477, 0.0055407054035391552, 0.0055266726566921007, 0.0055134549831400634, 0.0055009772804681988, 0.0054891994719124797, 0.0054780358085217903, 0.0054674663938645042, 0.0054574327195175036, 0.0054479006738338501, 0.0054388265382090172, 0.0054301690628949422, 0.0054218952345240108, 0.0054139740602424814, 0.0054063523400058678, 0.0053989651938848911, 0.0053916758290894727, 0.0053845141598561786, 0.0053775556708685023, 0.0053708010425280615, 0.0053642471058574703, 0.0053578779179448768, 0.0053516881151976026, 0.0053456587393654843, 0.0053397630365585765, 0.0053339954346740288, 0.0053283439571230164, 0.005322799209001877, 0.0053173535755168221, 0.0053119942316918285, 0.0053067106322163713, 0.0053014938047514001, 0.0052963350877226149, 0.0052912266862904372, 0.005286164618127768, 0.0052811459718655959, 0.0052761677793776189, 0.0052712250193867917, 0.0052663095414202292, 0.0052614256535450186, 0.0052565644651571819, 0.0052517196972312243, 0.0052468899291772788, 0.0052420680334111826, 0.0052372360323321761, 0.005232397404081989, 0.0052275515155853257, 0.0052226916693674102, 0.0052178211068240462, 0.0052129295069874761, 0.0052080227063706543, 0.005203099922088757, 0.0051981642258372854, 0.0051932257192710751, 0.0051882910151004871, 0.0051833721555310354, 0.0051784690551695736, 0.0051735905184838848, 0.0051687253641731221, 0.0051638710508480849, 0.005159019365162755, 0.0051541814935049885, 0.0051493473993793788, 0.0051444969331470459, 0.0051395488920416609, 0.0051342498063990842], 'val_loss': [0.008991133338487332, 0.0086452864868260398, 0.0083323741125990933, 0.0080497258002926262, 0.007796382173678151, 0.007569288635042519, 0.0073645689381982684, 0.0071796228733010939, 0.007013115131195932, 0.006863869948450234, 0.0067298213919800617, 0.0066094980771950786, 0.006501370444359892, 0.0064040293495380585, 0.0063162253404947296, 0.0062368586308602482, 0.0061649251511907126, 0.0060997504742835943, 0.0060404411423643344, 0.0059864013138350722, 0.0059370736820669144, 0.0058919959778608927, 0.0058506129177589104, 0.0058125009098306205, 0.0057772997920242236, 0.0057446994524906385, 0.0057144417259424587, 0.005686387791750471, 0.0056603125876513302, 0.0056360127779633597, 0.0056133081335423786, 0.0055921087167282255, 0.0055721354126096459, 0.0055532996617709395, 0.0055355457482070209, 0.0055188603218486046, 0.0055031590929541709, 0.0054883874804931548, 0.0054744785559664522, 0.0054613317492000759, 0.0054489526486428824, 0.0054372171003704162, 0.0054261031897224485, 0.00541556184000388, 0.0054055327928300917, 0.005395989527327557, 0.0053868964718341919, 0.0053782176353189323, 0.0053699136220838753, 0.0053619372020778482, 0.0053542558998328138, 0.0053467324460681719, 0.0053393118785477244, 0.0053320773963627189, 0.0053250483744283154, 0.0053182324362581251, 0.0053116154696283063, 0.005305197504573241, 0.0052989488613895469, 0.005292848775537054, 0.0052868896561891433, 0.0052810588311465595, 0.0052753425857345873, 0.0052697335139535798, 0.005264223464163967, 0.0052587913009736831, 0.0052534337221408307, 0.0052481408688578261, 0.0052429087621251235, 0.0052377267524008585, 0.0052325937891661714, 0.005227506702467361, 0.0052224599355157469, 0.0052174431785601593, 0.0052124624202511891, 0.0052075075623618681, 0.0052025692199604316, 0.0051976394712430719, 0.0051927314521022653, 0.0051878301456888256, 0.0051829244940446188, 0.0051780102187675208, 0.0051730878439617918, 0.005168151498632899, 0.0051631952849179449, 0.0051582277976133916, 0.0051532469854821223, 0.0051482491868108963, 0.0051432552544461024, 0.005138258620997694, 0.0051332748026043885, 0.0051283098243259766, 0.0051233599866281421, 0.0051184386733367643, 0.0051135314090344445, 0.0051086259353717665, 0.0051037286730323678, 0.0050988392447895315, 0.0050939341658950178, 0.0050890044542286203, 0.0050838468011481655, 0.0050782930206552624]}
[2017-09-18 07:48:55,557 AE_UNIGRAMA_1L_UNDER_F0_1.py:139]: evaluating model ... 
[2017-09-18 07:48:55,603 AE_UNIGRAMA_1L_UNDER_F0_1.py:143]: evaluated! 
[2017-09-18 07:48:55,603 AE_UNIGRAMA_1L_UNDER_F0_1.py:145]: generating reports ... 
[2017-09-18 07:48:56,231 AE_UNIGRAMA_1L_UNDER_F0_1.py:148]: done!
[2017-09-18 07:48:56,231 AE_UNIGRAMA_1L_UNDER_F0_1.py:164]: >> experiment AE_UNIGRAMA_1L_UNDER_F0_1 finished!
