[2017-09-18 07:42:52,106 AE_UNIGRAMA_1L_OVER_F1_6.py:156]: >> Initializing execution of experiment AE_UNIGRAMA_1L_OVER_F1_6
[2017-09-18 07:42:52,106 AE_UNIGRAMA_1L_OVER_F1_6.py:157]: >> Printing header log
[2017-09-18 07:42:52,106 AE_UNIGRAMA_1L_OVER_F1_6.py:48]: 
	=======================================
	network_name = AE_UNIGRAMA_1L_OVER_F1_6
	layers = 96,153
	using GLOBAL obj = 
		{'tensorflow_dir': 'E:/research/research_msc/tensorflow/onelayer/unigram/', 'log_format': '[%(asctime)s %(filename)s:%(lineno)s]: %(message)s', 'log_dir': 'E:/research/research_msc/logs/onelayer/unigram/', 'data_dir': 'E:/research/malware_dataset/malware_selected_1gram.pkl', 'store_history': True, 'data_target_list': [1, 2, 3, 4, 5, 6, 7, 8, 9], 'checkpoints_dir': 'E:/research/research_msc/checkpoints/onelayer/unigram/', 'reports_dir': 'E:/research/research_msc/reports/onelayer/unigram/', 'mlp_configs': {'loss_function': 'categorical_crossentropy', 'activation': 'sigmoid', 'classifier_dim': 9, 'use_last_dim_as_classifier': False, 'optimizer': <keras.optimizers.SGD object at 0x00000000017BE438>}, 'epochs': 1000, 'autoencoder_configs': {'loss_function': 'mse', 'discard_decoder_function': True, 'hidden_layer_activation': 'relu', 'output_layer_activation': 'relu', 'optimizer': <keras.optimizers.SGD object at 0x00000000017BB5C0>}, 'executed_dir': 'E:/research/research_msc/executed/onelayer/unigram/', 'batch': 32, 'numpy_seed': 666, 'shuffle_batches': True}
	=======================================
	
[2017-09-18 07:42:52,106 AE_UNIGRAMA_1L_OVER_F1_6.py:159]: >> Loading dataset... 
[2017-09-18 07:42:52,121 AE_UNIGRAMA_1L_OVER_F1_6.py:64]: 
	=======================================
	loading malware dataset on = E:/research/malware_dataset/malware_selected_1gram.pkl	
	trainx shape = (8147, 96)
	trainy shape = (8147, 9)
	valx shape = (2721, 96)
	valy shape = (2721, 9)
	=======================================
	
[2017-09-18 07:42:52,121 AE_UNIGRAMA_1L_OVER_F1_6.py:161]: >> Executing autoencoder part ... 
[2017-09-18 07:42:52,121 AE_UNIGRAMA_1L_OVER_F1_6.py:69]: =======================================
[2017-09-18 07:42:52,121 AE_UNIGRAMA_1L_OVER_F1_6.py:74]: setting configurations for autoencoder: 
	 {'loss_function': 'mse', 'discard_decoder_function': True, 'hidden_layer_activation': 'relu', 'output_layer_activation': 'relu', 'optimizer': <keras.optimizers.SGD object at 0x00000000017BB5C0>}
[2017-09-18 07:42:52,184 AE_UNIGRAMA_1L_OVER_F1_6.py:85]: training and evaluate autoencoder
[2017-09-18 07:42:52,552 summary.py:93]: Summary name enc0_153/kernel:0 is illegal; using enc0_153/kernel_0 instead.
[2017-09-18 07:42:52,554 summary.py:93]: Summary name enc0_153/bias:0 is illegal; using enc0_153/bias_0 instead.
[2017-09-18 07:42:52,558 summary.py:93]: Summary name dec0_96/kernel:0 is illegal; using dec0_96/kernel_0 instead.
[2017-09-18 07:42:52,560 summary.py:93]: Summary name dec0_96/bias:0 is illegal; using dec0_96/bias_0 instead.
[2017-09-18 07:44:34,657 AE_UNIGRAMA_1L_OVER_F1_6.py:96]: trained and evaluated!
[2017-09-18 07:44:34,657 AE_UNIGRAMA_1L_OVER_F1_6.py:99]: Training history: 
{'loss': [0.0098335055824827818, 0.0092915193116829865, 0.0087701944007644687, 0.0083311829046997035, 0.007962047004903279, 0.0076498945326077599, 0.0073838122143890612, 0.0071566054969934567, 0.0069630084977370579, 0.0067977775208358463, 0.0066561271080764848, 0.0065344260138786104, 0.0064292517468393599, 0.0063377991054063961, 0.0062576560685380228, 0.0061867661208643227, 0.0061236559886636687, 0.0060668001475542637, 0.0060150739722565679, 0.0059675656358971034, 0.0059235360734832317, 0.0058823099454293967, 0.0058432787905875984, 0.005806226010328131, 0.0057712145751803784, 0.005738124131277977, 0.0057067842476757648, 0.0056770178435659084, 0.0056487048554987656, 0.0056217832984527382, 0.0055961607905897874, 0.0055716867480123866, 0.0055482161680138831, 0.0055256664930262442, 0.0055039115607344339, 0.0054827857990861779, 0.0054622234204927842, 0.0054421694227942989, 0.0054224213410127278, 0.0054027757514119546, 0.0053830512631737127, 0.0053632760031085457, 0.0053436420139437906, 0.0053241206636546953, 0.0053047156444945859, 0.0052854140446653604, 0.0052656963255772659, 0.0052403313987097909, 0.0052137294291720168, 0.0051872999544757391, 0.0051607694321374768, 0.0051351075205388124, 0.005110454323426176, 0.0050869581696664362, 0.0050645113503234628, 0.0050430646673991697, 0.0050224691852723729, 0.0050025717204986971, 0.0049833372263648227, 0.004964741657641116, 0.0049466828027895822, 0.0049291221509873131, 0.0049120383038206913, 0.0048954288250701193, 0.0048793414224689545, 0.0048637368596383323, 0.0048485191545102934, 0.0048335960846587721, 0.0048188281312861059, 0.0048040901930328046, 0.0047890923654826797, 0.0047736509711216076, 0.004757154958257028, 0.0047378408079215856, 0.0047155433130129662, 0.0046916891485443511, 0.0046658919770025953, 0.0046403229806347684, 0.004616439856858166, 0.0045944188767889785, 0.0045741285605883546, 0.0045553527868908289, 0.0045379375650467313, 0.0045216747931015773, 0.0045063844046310713, 0.0044919030493479921, 0.0044781126946620564, 0.0044648269366800355, 0.0044517708749445073, 0.0044388762482948261, 0.0044262587317216761, 0.0044138511180181741, 0.0044015630889568278, 0.0043891851609174724, 0.0043765415264446963, 0.0043637090197652193, 0.0043508503592912737, 0.0043380964700634678, 0.0043254914244620201, 0.0043130190609766252, 0.0043005989575252163, 0.0042881588402980527], 'val_loss': [0.0095585087514135029, 0.0089926932384258289, 0.0085104627504627179, 0.008104982173384517, 0.0077631282758752196, 0.0074726890141773488, 0.0072242007173258281, 0.0070123169673842918, 0.0068315476526871451, 0.0066766294493972814, 0.0065436591727960989, 0.00642902529375742, 0.0063295879477251, 0.0062427389830281054, 0.0061662483868661147, 0.0060983848255244041, 0.0060375415098308169, 0.0059824497494586452, 0.0059321152412725184, 0.0058857036703319253, 0.0058424978150593545, 0.0058017546849757247, 0.0057630586965493544, 0.0057264578786946612, 0.0056919165836795699, 0.0056592607424888475, 0.005628319063560352, 0.0055988796194108292, 0.0055708667008909276, 0.0055442390571020126, 0.0055188672214565755, 0.0054945972401892456, 0.0054713453219067858, 0.0054489660446622092, 0.005427341647490651, 0.0054063396641313042, 0.0053858561972679846, 0.0053657385267697902, 0.0053458825716059498, 0.0053260856520594016, 0.0053061600318448929, 0.0052863659962836497, 0.0052666495800071707, 0.0052471081293278734, 0.0052276838242080789, 0.0052084128942425497, 0.0051867097826864203, 0.0051603869753056308, 0.0051346246596529824, 0.0051086222310884229, 0.0050831105196742403, 0.0050585719008746227, 0.005035147971402784, 0.0050128036493881142, 0.0049914735156662135, 0.0049710708451435074, 0.0049513705308901305, 0.0049323169968903159, 0.0049139107520172138, 0.0048960723466856303, 0.0048786941418600179, 0.0048618032104989122, 0.0048453514376920141, 0.0048293710539260527, 0.0048138843278562491, 0.0047988216411520871, 0.0047840715910676688, 0.0047695078380995976, 0.0047550396199684862, 0.0047403998797121418, 0.0047254363873761966, 0.0047098580080069787, 0.0046925205652725574, 0.004671965103469124, 0.0046494475536158625, 0.0046252547132223706, 0.0045997597240284632, 0.0045756347462803928, 0.004553277949086886, 0.0045326812126396856, 0.0045136656356394942, 0.0044960758571544832, 0.0044796891809632481, 0.0044643412505367885, 0.0044498436341783697, 0.0044360556027063748, 0.0044228612240872801, 0.0044100276377714021, 0.0043973168197338833, 0.004384838690382635, 0.0043725844689390565, 0.0043604863650199381, 0.0043483614447180595, 0.0043359937250955754, 0.0043233569400578063, 0.0043106138278281494, 0.0042979137194440456, 0.0042853502066633456, 0.0042729451701329808, 0.0042606239383444679, 0.0042483147612534322, 0.0042360352334035551]}
[2017-09-18 07:44:34,657 AE_UNIGRAMA_1L_OVER_F1_6.py:103]: done!
[2017-09-18 07:44:34,657 AE_UNIGRAMA_1L_OVER_F1_6.py:163]: >> Executing classifier part ... 
[2017-09-18 07:44:34,657 AE_UNIGRAMA_1L_OVER_F1_6.py:108]: =======================================
[2017-09-18 07:44:34,657 AE_UNIGRAMA_1L_OVER_F1_6.py:112]: setting configurations for classifier: 
	 {'loss_function': 'categorical_crossentropy', 'activation': 'sigmoid', 'classifier_dim': 9, 'use_last_dim_as_classifier': False, 'optimizer': <keras.optimizers.SGD object at 0x00000000017BE438>}
[2017-09-18 07:44:34,844 AE_UNIGRAMA_1L_OVER_F1_6.py:121]: training ... 
[2017-09-18 07:44:36,206 summary.py:93]: Summary name enc0_153/kernel:0 is illegal; using enc0_153/kernel_0 instead.
[2017-09-18 07:44:36,206 summary.py:93]: Summary name enc0_153/bias:0 is illegal; using enc0_153/bias_0 instead.
[2017-09-18 07:44:36,222 summary.py:93]: Summary name classifier/kernel:0 is illegal; using classifier/kernel_0 instead.
[2017-09-18 07:44:36,222 summary.py:93]: Summary name classifier/bias:0 is illegal; using classifier/bias_0 instead.
[2017-09-18 07:49:28,090 AE_UNIGRAMA_1L_OVER_F1_6.py:133]: trained!
[2017-09-18 07:49:28,090 AE_UNIGRAMA_1L_OVER_F1_6.py:136]: Training history: 
{'loss': [0.0098335055824827818, 0.0092915193116829865, 0.0087701944007644687, 0.0083311829046997035, 0.007962047004903279, 0.0076498945326077599, 0.0073838122143890612, 0.0071566054969934567, 0.0069630084977370579, 0.0067977775208358463, 0.0066561271080764848, 0.0065344260138786104, 0.0064292517468393599, 0.0063377991054063961, 0.0062576560685380228, 0.0061867661208643227, 0.0061236559886636687, 0.0060668001475542637, 0.0060150739722565679, 0.0059675656358971034, 0.0059235360734832317, 0.0058823099454293967, 0.0058432787905875984, 0.005806226010328131, 0.0057712145751803784, 0.005738124131277977, 0.0057067842476757648, 0.0056770178435659084, 0.0056487048554987656, 0.0056217832984527382, 0.0055961607905897874, 0.0055716867480123866, 0.0055482161680138831, 0.0055256664930262442, 0.0055039115607344339, 0.0054827857990861779, 0.0054622234204927842, 0.0054421694227942989, 0.0054224213410127278, 0.0054027757514119546, 0.0053830512631737127, 0.0053632760031085457, 0.0053436420139437906, 0.0053241206636546953, 0.0053047156444945859, 0.0052854140446653604, 0.0052656963255772659, 0.0052403313987097909, 0.0052137294291720168, 0.0051872999544757391, 0.0051607694321374768, 0.0051351075205388124, 0.005110454323426176, 0.0050869581696664362, 0.0050645113503234628, 0.0050430646673991697, 0.0050224691852723729, 0.0050025717204986971, 0.0049833372263648227, 0.004964741657641116, 0.0049466828027895822, 0.0049291221509873131, 0.0049120383038206913, 0.0048954288250701193, 0.0048793414224689545, 0.0048637368596383323, 0.0048485191545102934, 0.0048335960846587721, 0.0048188281312861059, 0.0048040901930328046, 0.0047890923654826797, 0.0047736509711216076, 0.004757154958257028, 0.0047378408079215856, 0.0047155433130129662, 0.0046916891485443511, 0.0046658919770025953, 0.0046403229806347684, 0.004616439856858166, 0.0045944188767889785, 0.0045741285605883546, 0.0045553527868908289, 0.0045379375650467313, 0.0045216747931015773, 0.0045063844046310713, 0.0044919030493479921, 0.0044781126946620564, 0.0044648269366800355, 0.0044517708749445073, 0.0044388762482948261, 0.0044262587317216761, 0.0044138511180181741, 0.0044015630889568278, 0.0043891851609174724, 0.0043765415264446963, 0.0043637090197652193, 0.0043508503592912737, 0.0043380964700634678, 0.0043254914244620201, 0.0043130190609766252, 0.0043005989575252163, 0.0042881588402980527], 'val_loss': [0.0095585087514135029, 0.0089926932384258289, 0.0085104627504627179, 0.008104982173384517, 0.0077631282758752196, 0.0074726890141773488, 0.0072242007173258281, 0.0070123169673842918, 0.0068315476526871451, 0.0066766294493972814, 0.0065436591727960989, 0.00642902529375742, 0.0063295879477251, 0.0062427389830281054, 0.0061662483868661147, 0.0060983848255244041, 0.0060375415098308169, 0.0059824497494586452, 0.0059321152412725184, 0.0058857036703319253, 0.0058424978150593545, 0.0058017546849757247, 0.0057630586965493544, 0.0057264578786946612, 0.0056919165836795699, 0.0056592607424888475, 0.005628319063560352, 0.0055988796194108292, 0.0055708667008909276, 0.0055442390571020126, 0.0055188672214565755, 0.0054945972401892456, 0.0054713453219067858, 0.0054489660446622092, 0.005427341647490651, 0.0054063396641313042, 0.0053858561972679846, 0.0053657385267697902, 0.0053458825716059498, 0.0053260856520594016, 0.0053061600318448929, 0.0052863659962836497, 0.0052666495800071707, 0.0052471081293278734, 0.0052276838242080789, 0.0052084128942425497, 0.0051867097826864203, 0.0051603869753056308, 0.0051346246596529824, 0.0051086222310884229, 0.0050831105196742403, 0.0050585719008746227, 0.005035147971402784, 0.0050128036493881142, 0.0049914735156662135, 0.0049710708451435074, 0.0049513705308901305, 0.0049323169968903159, 0.0049139107520172138, 0.0048960723466856303, 0.0048786941418600179, 0.0048618032104989122, 0.0048453514376920141, 0.0048293710539260527, 0.0048138843278562491, 0.0047988216411520871, 0.0047840715910676688, 0.0047695078380995976, 0.0047550396199684862, 0.0047403998797121418, 0.0047254363873761966, 0.0047098580080069787, 0.0046925205652725574, 0.004671965103469124, 0.0046494475536158625, 0.0046252547132223706, 0.0045997597240284632, 0.0045756347462803928, 0.004553277949086886, 0.0045326812126396856, 0.0045136656356394942, 0.0044960758571544832, 0.0044796891809632481, 0.0044643412505367885, 0.0044498436341783697, 0.0044360556027063748, 0.0044228612240872801, 0.0044100276377714021, 0.0043973168197338833, 0.004384838690382635, 0.0043725844689390565, 0.0043604863650199381, 0.0043483614447180595, 0.0043359937250955754, 0.0043233569400578063, 0.0043106138278281494, 0.0042979137194440456, 0.0042853502066633456, 0.0042729451701329808, 0.0042606239383444679, 0.0042483147612534322, 0.0042360352334035551]}
[2017-09-18 07:49:28,090 AE_UNIGRAMA_1L_OVER_F1_6.py:140]: evaluating model ... 
[2017-09-18 07:49:28,187 AE_UNIGRAMA_1L_OVER_F1_6.py:144]: evaluated! 
[2017-09-18 07:49:28,187 AE_UNIGRAMA_1L_OVER_F1_6.py:146]: generating reports ... 
[2017-09-18 07:49:28,860 AE_UNIGRAMA_1L_OVER_F1_6.py:149]: done!
[2017-09-18 07:49:28,860 AE_UNIGRAMA_1L_OVER_F1_6.py:165]: >> experiment AE_UNIGRAMA_1L_OVER_F1_6 finished!
