[2017-09-18 07:42:52,493 AE_UNIGRAMA_1L_UNDER_F0_4.py:155]: >> Initializing execution of experiment AE_UNIGRAMA_1L_UNDER_F0_4
[2017-09-18 07:42:52,493 AE_UNIGRAMA_1L_UNDER_F0_4.py:156]: >> Printing header log
[2017-09-18 07:42:52,493 AE_UNIGRAMA_1L_UNDER_F0_4.py:47]: 
	=======================================
	network_name = AE_UNIGRAMA_1L_UNDER_F0_4
	layers = 96,38
	using GLOBAL obj = 
		{'reports_dir': 'E:/research/research_msc/reports/onelayer/unigram/', 'executed_dir': 'E:/research/research_msc/executed/onelayer/unigram/', 'autoencoder_configs': {'loss_function': 'mse', 'output_layer_activation': 'relu', 'hidden_layer_activation': 'relu', 'discard_decoder_function': True, 'optimizer': <keras.optimizers.SGD object at 0x00000000017CC588>}, 'checkpoints_dir': 'E:/research/research_msc/checkpoints/onelayer/unigram/', 'data_target_list': [1, 2, 3, 4, 5, 6, 7, 8, 9], 'tensorflow_dir': 'E:/research/research_msc/tensorflow/onelayer/unigram/', 'numpy_seed': 666, 'mlp_configs': {'loss_function': 'categorical_crossentropy', 'activation': 'sigmoid', 'use_last_dim_as_classifier': False, 'optimizer': <keras.optimizers.SGD object at 0x00000000017CE400>, 'classifier_dim': 9}, 'epochs': 1000, 'batch': 32, 'data_dir': 'E:/research/malware_dataset/malware_selected_1gram.pkl', 'shuffle_batches': True, 'store_history': True, 'log_format': '[%(asctime)s %(filename)s:%(lineno)s]: %(message)s', 'log_dir': 'E:/research/research_msc/logs/onelayer/unigram/'}
	=======================================
	
[2017-09-18 07:42:52,493 AE_UNIGRAMA_1L_UNDER_F0_4.py:158]: >> Loading dataset... 
[2017-09-18 07:42:52,512 AE_UNIGRAMA_1L_UNDER_F0_4.py:63]: 
	=======================================
	loading malware dataset on = E:/research/malware_dataset/malware_selected_1gram.pkl	
	trainx shape = (8147, 96)
	trainy shape = (8147, 9)
	valx shape = (2721, 96)
	valy shape = (2721, 9)
	=======================================
	
[2017-09-18 07:42:52,513 AE_UNIGRAMA_1L_UNDER_F0_4.py:160]: >> Executing autoencoder part ... 
[2017-09-18 07:42:52,513 AE_UNIGRAMA_1L_UNDER_F0_4.py:68]: =======================================
[2017-09-18 07:42:52,513 AE_UNIGRAMA_1L_UNDER_F0_4.py:73]: setting configurations for autoencoder: 
	 {'loss_function': 'mse', 'output_layer_activation': 'relu', 'hidden_layer_activation': 'relu', 'discard_decoder_function': True, 'optimizer': <keras.optimizers.SGD object at 0x00000000017CC588>}
[2017-09-18 07:42:52,573 AE_UNIGRAMA_1L_UNDER_F0_4.py:84]: training and evaluate autoencoder
[2017-09-18 07:42:53,098 summary.py:93]: Summary name enc0_38/kernel:0 is illegal; using enc0_38/kernel_0 instead.
[2017-09-18 07:42:53,101 summary.py:93]: Summary name enc0_38/bias:0 is illegal; using enc0_38/bias_0 instead.
[2017-09-18 07:42:53,108 summary.py:93]: Summary name dec0_96/kernel:0 is illegal; using dec0_96/kernel_0 instead.
[2017-09-18 07:42:53,113 summary.py:93]: Summary name dec0_96/bias:0 is illegal; using dec0_96/bias_0 instead.
[2017-09-18 07:44:35,750 AE_UNIGRAMA_1L_UNDER_F0_4.py:95]: trained and evaluated!
[2017-09-18 07:44:35,750 AE_UNIGRAMA_1L_UNDER_F0_4.py:98]: Training history: 
{'loss': [0.0096541796302795774, 0.0093139890933230315, 0.0089482567801786247, 0.0086146011005259881, 0.0083208747589472564, 0.0080662725622601909, 0.007843629242259037, 0.0076449209263147466, 0.0074653266669595453, 0.0073015944156244739, 0.0071525900247796587, 0.0070180728457931198, 0.0068954770415321741, 0.0067814916382701838, 0.0066749236383100985, 0.0065769727606583778, 0.0064876358406244427, 0.0064056588066356583, 0.0063303041410643522, 0.0062614584742775835, 0.006198832761449208, 0.0061418456192321213, 0.006089936844237278, 0.0060426489156477107, 0.0059995449287468224, 0.0059600213674728501, 0.0059236313728632788, 0.0058897407993521557, 0.0058576232731745621, 0.0058257374597563139, 0.005792986032303468, 0.005761384284902262, 0.0057311647938459477, 0.0057021798417374548, 0.0056739564454273295, 0.0056462604599376463, 0.0056190078676719053, 0.0055919599463737707, 0.0055655175534206052, 0.005540027862365105, 0.0055154892072407135, 0.0054920488573305332, 0.005469702807901768, 0.0054484162563317477, 0.0054281555854993075, 0.005408888567608054, 0.0053904238039230081, 0.0053726827788755536, 0.0053555612165169459, 0.0053389554859196294, 0.0053228119086317343, 0.0053071922272131923, 0.0052921286155609747, 0.005277511967640776, 0.0052631566712178484, 0.0052490054709877767, 0.005235089433423025, 0.005221340652796203, 0.005207689465904373, 0.0051940701132231221, 0.0051803950508305403, 0.0051665991747975202, 0.005152608561180363, 0.0051385213612272791, 0.0051244192794322003, 0.0051104053677754405, 0.0050967579756201415, 0.005083582639578527, 0.0050709324110858574, 0.0050588107207860666, 0.0050471859795594778, 0.005035984482032266, 0.0050251677976876621, 0.0050146799386864543, 0.0050044817095173163, 0.0049945056321044762, 0.0049847305940499123, 0.0049751263796403867, 0.0049656706472223878, 0.0049563903488219702, 0.0049472909591172032, 0.0049383508042529882, 0.0049295609205210408, 0.0049209177668493439, 0.0049123915295411881, 0.004903908919385731, 0.0048952562992493152, 0.0048863626277499241, 0.0048773385145328462, 0.0048681863093099614, 0.0048589417362240204, 0.0048496805687462518, 0.0048403906092030317, 0.0048310491654802879, 0.0048216574849809834, 0.0048122939226043007, 0.0048030143646779194, 0.0047938068340414395, 0.0047845337386729454, 0.0047750253954746136, 0.0047651996664708381, 0.0047552352477373983], 'val_loss': [0.0094895528910769918, 0.0091124584457506069, 0.0087584684747012819, 0.0084416072614400626, 0.0081669748348321865, 0.0079279367111004459, 0.0077170797146908811, 0.007526754592269801, 0.0073542526523688399, 0.0071966302439430783, 0.0070540595764430492, 0.0069249766250372002, 0.0068061684911337487, 0.0066947838586222178, 0.0065912457978101677, 0.0064964997946657449, 0.0064100484106688321, 0.0063303598163917093, 0.006257349747763272, 0.0061907556677392546, 0.0061302346874607568, 0.0060749719948266544, 0.0060246511377381878, 0.0059787862125896428, 0.0059368162631895424, 0.0058982762954246084, 0.0058625581356306937, 0.0058290670403901958, 0.005796846887883989, 0.0057638864380672701, 0.0057313990523714881, 0.0057003575418067796, 0.0056706682080830814, 0.0056419927413441521, 0.0056138727754061488, 0.0055863486923953707, 0.0055593013483962511, 0.0055326309002208902, 0.0055068304373936446, 0.005482058383797209, 0.0054584128085372555, 0.0054358477039448847, 0.0054143041737503596, 0.0053937566039730543, 0.0053742169328951216, 0.0053555333818480488, 0.0053375916211882615, 0.005320296619732298, 0.0053035461799303555, 0.0052872155750227166, 0.005271320670009007, 0.0052559504837625332, 0.0052411075731847558, 0.0052266120236368358, 0.005212344867430589, 0.0051983002703657423, 0.005184453448856736, 0.0051707433557527356, 0.005157089146196045, 0.0051434595673148223, 0.0051297307076416596, 0.0051158180377589525, 0.0051016951309180228, 0.0050875462488281908, 0.0050733873315322534, 0.0050594772502111848, 0.005046050962088414, 0.0050331234070446745, 0.0050207280556187695, 0.0050088559785715411, 0.0049974374732451674, 0.0049864248931288137, 0.0049757635486488479, 0.0049654317271284063, 0.004955349144009337, 0.0049454689590029011, 0.004935765787450825, 0.0049262044990937698, 0.0049168115092142976, 0.0049075942127737781, 0.004898533025172562, 0.0048896229104746442, 0.0048808606435349353, 0.0048722337250871935, 0.0048637099474485726, 0.0048551534782826098, 0.0048463351421557214, 0.0048373061372514832, 0.0048281460624713234, 0.0048188641657097861, 0.0048095428262734888, 0.0048001801491725626, 0.0047908033304979551, 0.0047813768890757865, 0.004771909458250922, 0.0047625195731223037, 0.0047532168502116062, 0.0047439475742657149, 0.0047345148986126734, 0.0047247632874195759, 0.0047147439484964016, 0.0047047355612558515]}
[2017-09-18 07:44:35,750 AE_UNIGRAMA_1L_UNDER_F0_4.py:102]: done!
[2017-09-18 07:44:35,750 AE_UNIGRAMA_1L_UNDER_F0_4.py:162]: >> Executing classifier part ... 
[2017-09-18 07:44:35,750 AE_UNIGRAMA_1L_UNDER_F0_4.py:107]: =======================================
[2017-09-18 07:44:35,750 AE_UNIGRAMA_1L_UNDER_F0_4.py:111]: setting configurations for classifier: 
	 {'loss_function': 'categorical_crossentropy', 'activation': 'sigmoid', 'use_last_dim_as_classifier': False, 'optimizer': <keras.optimizers.SGD object at 0x00000000017CE400>, 'classifier_dim': 9}
[2017-09-18 07:44:35,907 AE_UNIGRAMA_1L_UNDER_F0_4.py:120]: training ... 
[2017-09-18 07:44:37,211 summary.py:93]: Summary name enc0_38/kernel:0 is illegal; using enc0_38/kernel_0 instead.
[2017-09-18 07:44:37,211 summary.py:93]: Summary name enc0_38/bias:0 is illegal; using enc0_38/bias_0 instead.
[2017-09-18 07:44:37,227 summary.py:93]: Summary name classifier/kernel:0 is illegal; using classifier/kernel_0 instead.
[2017-09-18 07:44:37,243 summary.py:93]: Summary name classifier/bias:0 is illegal; using classifier/bias_0 instead.
[2017-09-18 07:49:45,073 AE_UNIGRAMA_1L_UNDER_F0_4.py:132]: trained!
[2017-09-18 07:49:45,073 AE_UNIGRAMA_1L_UNDER_F0_4.py:135]: Training history: 
{'loss': [0.0096541796302795774, 0.0093139890933230315, 0.0089482567801786247, 0.0086146011005259881, 0.0083208747589472564, 0.0080662725622601909, 0.007843629242259037, 0.0076449209263147466, 0.0074653266669595453, 0.0073015944156244739, 0.0071525900247796587, 0.0070180728457931198, 0.0068954770415321741, 0.0067814916382701838, 0.0066749236383100985, 0.0065769727606583778, 0.0064876358406244427, 0.0064056588066356583, 0.0063303041410643522, 0.0062614584742775835, 0.006198832761449208, 0.0061418456192321213, 0.006089936844237278, 0.0060426489156477107, 0.0059995449287468224, 0.0059600213674728501, 0.0059236313728632788, 0.0058897407993521557, 0.0058576232731745621, 0.0058257374597563139, 0.005792986032303468, 0.005761384284902262, 0.0057311647938459477, 0.0057021798417374548, 0.0056739564454273295, 0.0056462604599376463, 0.0056190078676719053, 0.0055919599463737707, 0.0055655175534206052, 0.005540027862365105, 0.0055154892072407135, 0.0054920488573305332, 0.005469702807901768, 0.0054484162563317477, 0.0054281555854993075, 0.005408888567608054, 0.0053904238039230081, 0.0053726827788755536, 0.0053555612165169459, 0.0053389554859196294, 0.0053228119086317343, 0.0053071922272131923, 0.0052921286155609747, 0.005277511967640776, 0.0052631566712178484, 0.0052490054709877767, 0.005235089433423025, 0.005221340652796203, 0.005207689465904373, 0.0051940701132231221, 0.0051803950508305403, 0.0051665991747975202, 0.005152608561180363, 0.0051385213612272791, 0.0051244192794322003, 0.0051104053677754405, 0.0050967579756201415, 0.005083582639578527, 0.0050709324110858574, 0.0050588107207860666, 0.0050471859795594778, 0.005035984482032266, 0.0050251677976876621, 0.0050146799386864543, 0.0050044817095173163, 0.0049945056321044762, 0.0049847305940499123, 0.0049751263796403867, 0.0049656706472223878, 0.0049563903488219702, 0.0049472909591172032, 0.0049383508042529882, 0.0049295609205210408, 0.0049209177668493439, 0.0049123915295411881, 0.004903908919385731, 0.0048952562992493152, 0.0048863626277499241, 0.0048773385145328462, 0.0048681863093099614, 0.0048589417362240204, 0.0048496805687462518, 0.0048403906092030317, 0.0048310491654802879, 0.0048216574849809834, 0.0048122939226043007, 0.0048030143646779194, 0.0047938068340414395, 0.0047845337386729454, 0.0047750253954746136, 0.0047651996664708381, 0.0047552352477373983], 'val_loss': [0.0094895528910769918, 0.0091124584457506069, 0.0087584684747012819, 0.0084416072614400626, 0.0081669748348321865, 0.0079279367111004459, 0.0077170797146908811, 0.007526754592269801, 0.0073542526523688399, 0.0071966302439430783, 0.0070540595764430492, 0.0069249766250372002, 0.0068061684911337487, 0.0066947838586222178, 0.0065912457978101677, 0.0064964997946657449, 0.0064100484106688321, 0.0063303598163917093, 0.006257349747763272, 0.0061907556677392546, 0.0061302346874607568, 0.0060749719948266544, 0.0060246511377381878, 0.0059787862125896428, 0.0059368162631895424, 0.0058982762954246084, 0.0058625581356306937, 0.0058290670403901958, 0.005796846887883989, 0.0057638864380672701, 0.0057313990523714881, 0.0057003575418067796, 0.0056706682080830814, 0.0056419927413441521, 0.0056138727754061488, 0.0055863486923953707, 0.0055593013483962511, 0.0055326309002208902, 0.0055068304373936446, 0.005482058383797209, 0.0054584128085372555, 0.0054358477039448847, 0.0054143041737503596, 0.0053937566039730543, 0.0053742169328951216, 0.0053555333818480488, 0.0053375916211882615, 0.005320296619732298, 0.0053035461799303555, 0.0052872155750227166, 0.005271320670009007, 0.0052559504837625332, 0.0052411075731847558, 0.0052266120236368358, 0.005212344867430589, 0.0051983002703657423, 0.005184453448856736, 0.0051707433557527356, 0.005157089146196045, 0.0051434595673148223, 0.0051297307076416596, 0.0051158180377589525, 0.0051016951309180228, 0.0050875462488281908, 0.0050733873315322534, 0.0050594772502111848, 0.005046050962088414, 0.0050331234070446745, 0.0050207280556187695, 0.0050088559785715411, 0.0049974374732451674, 0.0049864248931288137, 0.0049757635486488479, 0.0049654317271284063, 0.004955349144009337, 0.0049454689590029011, 0.004935765787450825, 0.0049262044990937698, 0.0049168115092142976, 0.0049075942127737781, 0.004898533025172562, 0.0048896229104746442, 0.0048808606435349353, 0.0048722337250871935, 0.0048637099474485726, 0.0048551534782826098, 0.0048463351421557214, 0.0048373061372514832, 0.0048281460624713234, 0.0048188641657097861, 0.0048095428262734888, 0.0048001801491725626, 0.0047908033304979551, 0.0047813768890757865, 0.004771909458250922, 0.0047625195731223037, 0.0047532168502116062, 0.0047439475742657149, 0.0047345148986126734, 0.0047247632874195759, 0.0047147439484964016, 0.0047047355612558515]}
[2017-09-18 07:49:45,073 AE_UNIGRAMA_1L_UNDER_F0_4.py:139]: evaluating model ... 
[2017-09-18 07:49:45,153 AE_UNIGRAMA_1L_UNDER_F0_4.py:143]: evaluated! 
[2017-09-18 07:49:45,153 AE_UNIGRAMA_1L_UNDER_F0_4.py:145]: generating reports ... 
[2017-09-18 07:49:45,811 AE_UNIGRAMA_1L_UNDER_F0_4.py:148]: done!
[2017-09-18 07:49:45,811 AE_UNIGRAMA_1L_UNDER_F0_4.py:164]: >> experiment AE_UNIGRAMA_1L_UNDER_F0_4 finished!
